#
# There is insufficient memory for the Java Runtime Environment to continue.
# Native memory allocation (malloc) failed to allocate 32744 bytes for ChunkPool::allocate
# Possible reasons:
#   The system is out of physical RAM or swap space
#   In 32 bit mode, the process size limit was hit
# Possible solutions:
#   Reduce memory load on the system
#   Increase physical memory or swap space
#   Check if swap backing store is full
#   Use 64 bit Java on a 64 bit OS
#   Decrease Java heap size (-Xmx/-Xms)
#   Decrease number of Java threads
#   Decrease Java thread stack sizes (-Xss)
#   Set larger code cache with -XX:ReservedCodeCacheSize=
# This output file may be truncated or incomplete.
#
#  Out of Memory Error (allocation.cpp:273), pid=2404, tid=0x0000000000002ae8
#
# JRE version: Java(TM) SE Runtime Environment (8.0_102-b14) (build 1.8.0_102-b14)
# Java VM: Java HotSpot(TM) 64-Bit Server VM (25.102-b14 mixed mode windows-amd64 compressed oops)
# Failed to write core dump. Minidumps are not enabled by default on client versions of Windows
#

---------------  T H R E A D  ---------------

Current thread (0x0000000014f31800):  JavaThread "C2 CompilerThread1" daemon [_thread_in_native, id=10984, stack(0x0000000016610000,0x0000000016710000)]

Stack: [0x0000000016610000,0x0000000016710000]
[error occurred during error reporting (printing stack bounds), id 0xc0000005]

Native frames: (J=compiled Java code, j=interpreted, Vv=VM code, C=native code)


Current CompileTask:
C2: 311517 9276       4       com.sun.tools.javac.code.Types$14::visitClassType (136 bytes)


---------------  P R O C E S S  ---------------

Java Threads: ( => current thread )
  0x0000000018091800 JavaThread "pool-3-thread-4" [_thread_blocked, id=12388, stack(0x0000000020140000,0x0000000020240000)]
  0x0000000018091000 JavaThread "pool-3-thread-3" [_thread_blocked, id=3040, stack(0x0000000020040000,0x0000000020140000)]
  0x0000000018097800 JavaThread "pool-3-thread-2" [_thread_blocked, id=11084, stack(0x000000001ff40000,0x0000000020040000)]
  0x0000000018094800 JavaThread "pool-3-thread-1" [_thread_blocked, id=8112, stack(0x000000001fe40000,0x000000001ff40000)]
  0x0000000018095800 JavaThread "File lock request listener" [_thread_in_native, id=9744, stack(0x000000001cee0000,0x000000001cfe0000)]
  0x0000000017c07000 JavaThread "Asynchronous log dispatcher for org.gradle.launcher.daemon.server.DefaultDaemonConnection@271ad602" [_thread_blocked, id=11964, stack(0x0000000019200000,0x0000000019300000)]
  0x00000000179e2800 JavaThread "Daemon worker" [_thread_in_Java, id=13216, stack(0x0000000019100000,0x0000000019200000)]
  0x0000000017c16800 JavaThread "Cancel handler" [_thread_blocked, id=12328, stack(0x0000000019000000,0x0000000019100000)]
  0x0000000017bfb000 JavaThread "Handler for socket connection from /127.0.0.1:58780 to /127.0.0.1:58782" [_thread_in_native, id=10712, stack(0x0000000018f00000,0x0000000019000000)]
  0x0000000017ae0000 JavaThread "Daemon" [_thread_blocked, id=7040, stack(0x0000000018e00000,0x0000000018f00000)]
  0x00000000178f3800 JavaThread "Incoming local TCP Connector on port 58780" [_thread_in_native, id=9464, stack(0x0000000018a20000,0x0000000018b20000)]
  0x0000000017a75800 JavaThread "pool-1-thread-1" [_thread_blocked, id=12096, stack(0x0000000018920000,0x0000000018a20000)]
  0x0000000014f3a800 JavaThread "Service Thread" daemon [_thread_blocked, id=6748, stack(0x0000000016c10000,0x0000000016d10000)]
  0x0000000014f36800 JavaThread "C1 CompilerThread2" daemon [_thread_blocked, id=12956, stack(0x0000000016710000,0x0000000016810000)]
=>0x0000000014f31800 JavaThread "C2 CompilerThread1" daemon [_thread_in_native, id=10984, stack(0x0000000016610000,0x0000000016710000)]
  0x0000000014ede000 JavaThread "C2 CompilerThread0" daemon [_thread_in_native, id=7888, stack(0x0000000016510000,0x0000000016610000)]
  0x0000000014edc800 JavaThread "Attach Listener" daemon [_thread_blocked, id=10144, stack(0x0000000016410000,0x0000000016510000)]
  0x0000000014edb000 JavaThread "Signal Dispatcher" daemon [_thread_blocked, id=8348, stack(0x0000000016310000,0x0000000016410000)]
  0x0000000014eca800 JavaThread "Finalizer" daemon [_thread_blocked, id=11980, stack(0x0000000016130000,0x0000000016230000)]
  0x0000000002800000 JavaThread "Reference Handler" daemon [_thread_blocked, id=4328, stack(0x0000000016030000,0x0000000016130000)]
  0x00000000026fe000 JavaThread "main" [_thread_blocked, id=2188, stack(0x0000000002520000,0x0000000002620000)]

Other Threads:
  0x0000000014ea8000 VMThread [stack: 0x0000000015f30000,0x0000000016030000] [id=6396]
  0x000000001683a000 WatcherThread [stack: 0x0000000016d10000,0x0000000016e10000] [id=4668]

VM state:not at safepoint (normal execution)

VM Mutex/Monitor currently owned by a thread: None

Heap:
 PSYoungGen      total 176128K, used 4899K [0x00000000eab00000, 0x00000000f8e80000, 0x0000000100000000)
  eden space 157696K, 3% used [0x00000000eab00000,0x00000000eafc8f98,0x00000000f4500000)
  from space 18432K, 0% used [0x00000000f4500000,0x00000000f4500000,0x00000000f5700000)
  to   space 24064K, 0% used [0x00000000f7700000,0x00000000f7700000,0x00000000f8e80000)
 ParOldGen       total 104448K, used 44879K [0x00000000c0000000, 0x00000000c6600000, 0x00000000eab00000)
  object space 104448K, 42% used [0x00000000c0000000,0x00000000c2bd3db0,0x00000000c6600000)
 Metaspace       used 57725K, capacity 59202K, committed 59264K, reserved 1099776K
  class space    used 7719K, capacity 8035K, committed 8064K, reserved 1048576K

Card table byte_map: [0x0000000011bd0000,0x0000000011de0000] byte_map_base: 0x00000000115d0000

Marking Bits: (ParMarkBitMap*) 0x000000005b8ba6c0
 Begin Bits: [0x0000000012340000, 0x0000000013340000)
 End Bits:   [0x0000000013340000, 0x0000000014340000)

Polling page: 0x0000000000c50000

CodeCache: size=245760Kb used=27328Kb max_used=27328Kb free=218431Kb
 bounds [0x0000000002810000, 0x00000000042e0000, 0x0000000011810000]
 total_blobs=8704 nmethods=7968 adapters=647
 compilation: enabled

Compilation events (10 events):
Event: 310.994 Thread 0x0000000014f36800 9289       1       com.sun.tools.javac.code.Symbol$MethodSymbol::isDynamic (2 bytes)
Event: 310.995 Thread 0x0000000014f36800 nmethod 9289 0x00000000035d2050 code [0x00000000035d21a0, 0x00000000035d22b0]
Event: 310.995 Thread 0x0000000014f36800 9290       3       com.sun.tools.javac.code.Types$26::visitType (10 bytes)
Event: 310.996 Thread 0x0000000014f36800 nmethod 9290 0x00000000035d1890 code [0x00000000035d1a20, 0x00000000035d1eb8]
Event: 310.996 Thread 0x0000000014f36800 9292       3       com.sun.tools.javac.jvm.Pool::makePoolValue (94 bytes)
Event: 310.998 Thread 0x0000000014f36800 nmethod 9292 0x00000000035cfed0 code [0x00000000035d0120, 0x00000000035d12e8]
Event: 310.998 Thread 0x0000000014f36800 9291       3       com.sun.tools.javac.code.Types$26::visitType (11 bytes)
Event: 311.000 Thread 0x0000000014f36800 nmethod 9291 0x00000000042801d0 code [0x0000000004280360, 0x0000000004280888]
Event: 311.000 Thread 0x0000000014f36800 9293   !   3       com.sun.tools.javac.comp.Resolve::loadClass (41 bytes)
Event: 311.000 Thread 0x0000000014f36800 nmethod 9293 0x0000000004280b50 code [0x0000000004280ce0, 0x00000000042810e8]

GC Heap History (10 events):
Event: 219.528 GC heap before
{Heap before GC invocations=14 (full 2):
 PSYoungGen      total 149504K, used 149499K [0x00000000eab00000, 0x00000000f4c80000, 0x0000000100000000)
  eden space 138240K, 100% used [0x00000000eab00000,0x00000000f3200000,0x00000000f3200000)
  from space 11264K, 99% used [0x00000000f3200000,0x00000000f3cfece0,0x00000000f3d00000)
  to   space 10752K, 0% used [0x00000000f3d00000,0x00000000f3d00000,0x00000000f4780000)
 ParOldGen       total 70144K, used 16906K [0x00000000c0000000, 0x00000000c4480000, 0x00000000eab00000)
  object space 70144K, 24% used [0x00000000c0000000,0x00000000c1082b20,0x00000000c4480000)
 Metaspace       used 50712K, capacity 52044K, committed 52224K, reserved 1093632K
  class space    used 6872K, capacity 7154K, committed 7168K, reserved 1048576K
Event: 219.567 GC heap after
Heap after GC invocations=14 (full 2):
 PSYoungGen      total 141824K, used 10737K [0x00000000eab00000, 0x00000000f7800000, 0x0000000100000000)
  eden space 131072K, 0% used [0x00000000eab00000,0x00000000eab00000,0x00000000f2b00000)
  from space 10752K, 99% used [0x00000000f3d00000,0x00000000f477c6c8,0x00000000f4780000)
  to   space 18432K, 0% used [0x00000000f2b00000,0x00000000f2b00000,0x00000000f3d00000)
 ParOldGen       total 70144K, used 29408K [0x00000000c0000000, 0x00000000c4480000, 0x00000000eab00000)
  object space 70144K, 41% used [0x00000000c0000000,0x00000000c1cb8338,0x00000000c4480000)
 Metaspace       used 50712K, capacity 52044K, committed 52224K, reserved 1093632K
  class space    used 6872K, capacity 7154K, committed 7168K, reserved 1048576K
}
Event: 238.933 GC heap before
{Heap before GC invocations=15 (full 2):
 PSYoungGen      total 141824K, used 141809K [0x00000000eab00000, 0x00000000f7800000, 0x0000000100000000)
  eden space 131072K, 100% used [0x00000000eab00000,0x00000000f2b00000,0x00000000f2b00000)
  from space 10752K, 99% used [0x00000000f3d00000,0x00000000f477c6c8,0x00000000f4780000)
  to   space 18432K, 0% used [0x00000000f2b00000,0x00000000f2b00000,0x00000000f3d00000)
 ParOldGen       total 70144K, used 29408K [0x00000000c0000000, 0x00000000c4480000, 0x00000000eab00000)
  object space 70144K, 41% used [0x00000000c0000000,0x00000000c1cb8338,0x00000000c4480000)
 Metaspace       used 51328K, capacity 52684K, committed 52864K, reserved 1095680K
  class space    used 6934K, capacity 7232K, committed 7296K, reserved 1048576K
Event: 238.965 GC heap after
Heap after GC invocations=15 (full 2):
 PSYoungGen      total 149504K, used 11609K [0x00000000eab00000, 0x00000000f6c00000, 0x0000000100000000)
  eden space 131072K, 0% used [0x00000000eab00000,0x00000000eab00000,0x00000000f2b00000)
  from space 18432K, 62% used [0x00000000f2b00000,0x00000000f3656660,0x00000000f3d00000)
  to   space 18432K, 0% used [0x00000000f5a00000,0x00000000f5a00000,0x00000000f6c00000)
 ParOldGen       total 70144K, used 32796K [0x00000000c0000000, 0x00000000c4480000, 0x00000000eab00000)
  object space 70144K, 46% used [0x00000000c0000000,0x00000000c2007338,0x00000000c4480000)
 Metaspace       used 51328K, capacity 52684K, committed 52864K, reserved 1095680K
  class space    used 6934K, capacity 7232K, committed 7296K, reserved 1048576K
}
Event: 245.875 GC heap before
{Heap before GC invocations=16 (full 2):
 PSYoungGen      total 149504K, used 142681K [0x00000000eab00000, 0x00000000f6c00000, 0x0000000100000000)
  eden space 131072K, 100% used [0x00000000eab00000,0x00000000f2b00000,0x00000000f2b00000)
  from space 18432K, 62% used [0x00000000f2b00000,0x00000000f3656660,0x00000000f3d00000)
  to   space 18432K, 0% used [0x00000000f5a00000,0x00000000f5a00000,0x00000000f6c00000)
 ParOldGen       total 70144K, used 32796K [0x00000000c0000000, 0x00000000c4480000, 0x00000000eab00000)
  object space 70144K, 46% used [0x00000000c0000000,0x00000000c2007338,0x00000000c4480000)
 Metaspace       used 51515K, capacity 52828K, committed 53120K, reserved 1095680K
  class space    used 6944K, capacity 7232K, committed 7296K, reserved 1048576K
Event: 245.889 GC heap after
Heap after GC invocations=16 (full 2):
 PSYoungGen      total 173056K, used 11754K [0x00000000eab00000, 0x00000000f6900000, 0x0000000100000000)
  eden space 157696K, 0% used [0x00000000eab00000,0x00000000eab00000,0x00000000f4500000)
  from space 15360K, 76% used [0x00000000f5a00000,0x00000000f657a908,0x00000000f6900000)
  to   space 18432K, 0% used [0x00000000f4500000,0x00000000f4500000,0x00000000f5700000)
 ParOldGen       total 70144K, used 32804K [0x00000000c0000000, 0x00000000c4480000, 0x00000000eab00000)
  object space 70144K, 46% used [0x00000000c0000000,0x00000000c2009338,0x00000000c4480000)
 Metaspace       used 51515K, capacity 52828K, committed 53120K, reserved 1095680K
  class space    used 6944K, capacity 7232K, committed 7296K, reserved 1048576K
}
Event: 309.789 GC heap before
{Heap before GC invocations=17 (full 2):
 PSYoungGen      total 173056K, used 134185K [0x00000000eab00000, 0x00000000f6900000, 0x0000000100000000)
  eden space 157696K, 77% used [0x00000000eab00000,0x00000000f228fb60,0x00000000f4500000)
  from space 15360K, 76% used [0x00000000f5a00000,0x00000000f657a908,0x00000000f6900000)
  to   space 18432K, 0% used [0x00000000f4500000,0x00000000f4500000,0x00000000f5700000)
 ParOldGen       total 70144K, used 32804K [0x00000000c0000000, 0x00000000c4480000, 0x00000000eab00000)
  object space 70144K, 46% used [0x00000000c0000000,0x00000000c2009338,0x00000000c4480000)
 Metaspace       used 57583K, capacity 59028K, committed 59096K, reserved 1099776K
  class space    used 7716K, capacity 8038K, committed 8064K, reserved 1048576K
Event: 309.828 GC heap after
Heap after GC invocations=17 (full 2):
 PSYoungGen      total 176128K, used 18418K [0x00000000eab00000, 0x00000000f8e80000, 0x0000000100000000)
  eden space 157696K, 0% used [0x00000000eab00000,0x00000000eab00000,0x00000000f4500000)
  from space 18432K, 99% used [0x00000000f4500000,0x00000000f56fc968,0x00000000f5700000)
  to   space 24064K, 0% used [0x00000000f7700000,0x00000000f7700000,0x00000000f8e80000)
 ParOldGen       total 70144K, used 40792K [0x00000000c0000000, 0x00000000c4480000, 0x00000000eab00000)
  object space 70144K, 58% used [0x00000000c0000000,0x00000000c27d6100,0x00000000c4480000)
 Metaspace       used 57583K, capacity 59028K, committed 59096K, reserved 1099776K
  class space    used 7716K, capacity 8038K, committed 8064K, reserved 1048576K
}
Event: 309.828 GC heap before
{Heap before GC invocations=18 (full 3):
 PSYoungGen      total 176128K, used 18418K [0x00000000eab00000, 0x00000000f8e80000, 0x0000000100000000)
  eden space 157696K, 0% used [0x00000000eab00000,0x00000000eab00000,0x00000000f4500000)
  from space 18432K, 99% used [0x00000000f4500000,0x00000000f56fc968,0x00000000f5700000)
  to   space 24064K, 0% used [0x00000000f7700000,0x00000000f7700000,0x00000000f8e80000)
 ParOldGen       total 70144K, used 40792K [0x00000000c0000000, 0x00000000c4480000, 0x00000000eab00000)
  object space 70144K, 58% used [0x00000000c0000000,0x00000000c27d6100,0x00000000c4480000)
 Metaspace       used 57583K, capacity 59028K, committed 59096K, reserved 1099776K
  class space    used 7716K, capacity 8038K, committed 8064K, reserved 1048576K
Event: 310.171 GC heap after
Heap after GC invocations=18 (full 3):
 PSYoungGen      total 176128K, used 0K [0x00000000eab00000, 0x00000000f8e80000, 0x0000000100000000)
  eden space 157696K, 0% used [0x00000000eab00000,0x00000000eab00000,0x00000000f4500000)
  from space 18432K, 0% used [0x00000000f4500000,0x00000000f4500000,0x00000000f5700000)
  to   space 24064K, 0% used [0x00000000f7700000,0x00000000f7700000,0x00000000f8e80000)
 ParOldGen       total 104448K, used 44879K [0x00000000c0000000, 0x00000000c6600000, 0x00000000eab00000)
  object space 104448K, 42% used [0x00000000c0000000,0x00000000c2bd3db0,0x00000000c6600000)
 Metaspace       used 57578K, capacity 59010K, committed 59096K, reserved 1099776K
  class space    used 7714K, capacity 8035K, committed 8064K, reserved 1048576K
}

Deoptimization events (10 events):
Event: 309.258 Thread 0x00000000179e2800 Uncommon trap: reason=bimorphic action=maybe_recompile pc=0x00000000041ceb94 method=com.sun.tools.javac.tree.JCTree$JCVariableDecl.accept(Lcom/sun/tools/javac/tree/JCTree$Visitor;)V @ 2
Event: 309.261 Thread 0x00000000179e2800 Uncommon trap: reason=bimorphic action=maybe_recompile pc=0x00000000041ceb94 method=com.sun.tools.javac.tree.JCTree$JCVariableDecl.accept(Lcom/sun/tools/javac/tree/JCTree$Visitor;)V @ 2
Event: 309.264 Thread 0x00000000179e2800 Uncommon trap: reason=bimorphic action=maybe_recompile pc=0x00000000041ceb94 method=com.sun.tools.javac.tree.JCTree$JCVariableDecl.accept(Lcom/sun/tools/javac/tree/JCTree$Visitor;)V @ 2
Event: 309.658 Thread 0x00000000179e2800 Uncommon trap: reason=class_check action=maybe_recompile pc=0x000000000422ee80 method=com.sun.tools.javac.code.Types$18.visitClassType(Lcom/sun/tools/javac/code/Type$ClassType;Ljava/lang/Void;)Lcom/sun/tools/javac/code/Type; @ 19
Event: 309.662 Thread 0x00000000179e2800 Uncommon trap: reason=class_check action=maybe_recompile pc=0x000000000422ee80 method=com.sun.tools.javac.code.Types$18.visitClassType(Lcom/sun/tools/javac/code/Type$ClassType;Ljava/lang/Void;)Lcom/sun/tools/javac/code/Type; @ 19
Event: 309.662 Thread 0x00000000179e2800 Uncommon trap: reason=class_check action=maybe_recompile pc=0x000000000422ee80 method=com.sun.tools.javac.code.Types$18.visitClassType(Lcom/sun/tools/javac/code/Type$ClassType;Ljava/lang/Void;)Lcom/sun/tools/javac/code/Type; @ 19
Event: 309.663 Thread 0x00000000179e2800 Uncommon trap: reason=class_check action=maybe_recompile pc=0x000000000422ee80 method=com.sun.tools.javac.code.Types$18.visitClassType(Lcom/sun/tools/javac/code/Type$ClassType;Ljava/lang/Void;)Lcom/sun/tools/javac/code/Type; @ 19
Event: 310.176 Thread 0x00000000179e2800 Uncommon trap: reason=null_check action=make_not_entrant pc=0x00000000040db20c method=com.sun.tools.javac.util.UnsharedNameTable.fromUtf([BII)Lcom/sun/tools/javac/util/Name; @ 50
Event: 310.667 Thread 0x00000000179e2800 Uncommon trap: reason=unstable_if action=reinterpret pc=0x0000000004194b08 method=com.sun.tools.javac.code.Scope.dble()V @ 44
Event: 310.999 Thread 0x00000000179e2800 Uncommon trap: reason=unstable_if action=reinterpret pc=0x0000000003b04da0 method=com.sun.tools.javac.code.Types$14.visitClassType(Lcom/sun/tools/javac/code/Type$ClassType;Lcom/sun/tools/javac/code/Symbol;)Lcom/sun/tools/javac/code/Type; @ 29

Internal exceptions (10 events):
Event: 180.739 Thread 0x00000000179e2800 Exception <a 'java/lang/NoSuchMethodError': <clinit>> (0x00000000ee75f810) thrown at [C:\re\workspace\8-2-build-windows-amd64-cygwin\jdk8u102\7268\hotspot\src\share\vm\prims\jni.cpp, line 1613]
Event: 180.741 Thread 0x00000000179e2800 Exception <a 'java/lang/NoSuchMethodError': <clinit>> (0x00000000ee778020) thrown at [C:\re\workspace\8-2-build-windows-amd64-cygwin\jdk8u102\7268\hotspot\src\share\vm\prims\jni.cpp, line 1613]
Event: 180.741 Thread 0x00000000179e2800 Exception <a 'java/lang/NoSuchMethodError': <clinit>> (0x00000000ee779538) thrown at [C:\re\workspace\8-2-build-windows-amd64-cygwin\jdk8u102\7268\hotspot\src\share\vm\prims\jni.cpp, line 1613]
Event: 181.757 Thread 0x00000000179e2800 Exception <a 'java/lang/ClassNotFoundException': com/android/build/gradle/internal/LibraryCache$1BeanInfo> (0x00000000ee977d50) thrown at [C:\re\workspace\8-2-build-windows-amd64-cygwin\jdk8u102\7268\hotspot\src\share\vm\classfile\systemDictionary.cpp, lin«©B∏f@
Event: 181.758 Thread 0x00000000179e2800 Exception <a 'java/lang/ClassNotFoundException': com/android/build/gradle/internal/LibraryCache$1Customizer> (0x00000000ee9885e8) thrown at [C:\re\workspace\8-2-build-windows-amd64-cygwin\jdk8u102\7268\hotspot\src\share\vm\classfile\systemDictionary.cpp, l‡Vé0Q2l@
Event: 225.572 Thread 0x00000000179e2800 Implicit null exception at 0x0000000002d5d357 to 0x0000000002d5d493
Event: 245.723 Thread 0x00000000179e2800 Implicit null exception at 0x00000000035d18b9 to 0x00000000035d08d5
Event: 245.723 Thread 0x00000000179e2800 Implicit null exception at 0x00000000035d18b9 to 0x00000000035d08d5
Event: 245.732 Thread 0x00000000179e2800 Implicit null exception at 0x00000000035d18b9 to 0x00000000035d08d5
Event: 310.176 Thread 0x00000000179e2800 Implicit null exception at 0x00000000040dab21 to 0x00000000040db1d5

Events (10 events):
Event: 310.883 loading class com/sun/tools/javac/comp/Flow$BaseAnalyzer$JumpKind$2
Event: 310.883 loading class com/sun/tools/javac/comp/Flow$BaseAnalyzer$JumpKind$2 done
Event: 310.887 Thread 0x0000000014f31800 flushing nmethod 0x00000000033617d0
Event: 310.887 Thread 0x0000000014f31800 flushing nmethod 0x000000000338e810
Event: 310.894 Thread 0x0000000014f36800 flushing nmethod 0x0000000003a204d0
Event: 310.896 Thread 0x0000000014f36800 flushing nmethod 0x0000000003cd6d90
Event: 310.896 Thread 0x0000000014f36800 flushing nmethod 0x0000000003cd88d0
Event: 310.999 Thread 0x00000000179e2800 Uncommon trap: trap_request=0xffffff65 fr.pc=0x0000000003b04da0
Event: 310.999 Thread 0x00000000179e2800 DEOPT PACKING pc=0x0000000003b04da0 sp=0x00000000191fa6a0
Event: 310.999 Thread 0x00000000179e2800 DEOPT UNPACKING pc=0x000000000285582a sp=0x00000000191fa5c8 mode 2


Dynamic libraries:
0x00007ff681d90000 - 0x00007ff681dc7000 	C:\Program Files\Java\jdk1.8.0_102\bin\java.exe
0x00007ffb640d0000 - 0x00007ffb64291000 	C:\WINDOWS\SYSTEM32\ntdll.dll
0x00007ffb62cd0000 - 0x00007ffb62d7d000 	C:\WINDOWS\system32\KERNEL32.DLL
0x00007ffb51670000 - 0x00007ffb516a3000 	C:\Program Files (x86)\AVG\Av\avghooka.dll
0x00007ffb5ffa0000 - 0x00007ffb60188000 	C:\WINDOWS\system32\KERNELBASE.dll
0x00007ffb61360000 - 0x00007ffb61407000 	C:\WINDOWS\system32\ADVAPI32.dll
0x00007ffb60af0000 - 0x00007ffb60b8d000 	C:\WINDOWS\system32\msvcrt.dll
0x00007ffb62970000 - 0x00007ffb629cb000 	C:\WINDOWS\system32\sechost.dll
0x00007ffb62aa0000 - 0x00007ffb62bbc000 	C:\WINDOWS\system32\RPCRT4.dll
0x00007ffb60380000 - 0x00007ffb604d6000 	C:\WINDOWS\system32\USER32.dll
0x00007ffb60630000 - 0x00007ffb607b6000 	C:\WINDOWS\system32\GDI32.dll
0x00007ffb4f6e0000 - 0x00007ffb4f954000 	C:\WINDOWS\WinSxS\amd64_microsoft.windows.common-controls_6595b64144ccf1df_6.0.10586.589_none_a2ddb3caa539acce\COMCTL32.dll
0x00007ffb60870000 - 0x00007ffb60aed000 	C:\WINDOWS\system32\combase.dll
0x00007ffb5fdc0000 - 0x00007ffb5fe2a000 	C:\WINDOWS\system32\bcryptPrimitives.dll
0x00007ffb60830000 - 0x00007ffb6086b000 	C:\WINDOWS\system32\IMM32.DLL
0x000000005c2f0000 - 0x000000005c3c1000 	C:\Program Files\Java\jdk1.8.0_102\jre\bin\msvcr100.dll
0x000000005b0a0000 - 0x000000005b93a000 	C:\Program Files\Java\jdk1.8.0_102\jre\bin\server\jvm.dll
0x00007ffb60350000 - 0x00007ffb60358000 	C:\WINDOWS\system32\PSAPI.DLL
0x00007ffb4edb0000 - 0x00007ffb4edb9000 	C:\WINDOWS\SYSTEM32\WSOCK32.dll
0x00007ffb60bf0000 - 0x00007ffb60c5b000 	C:\WINDOWS\system32\WS2_32.dll
0x00007ffb5d300000 - 0x00007ffb5d323000 	C:\WINDOWS\SYSTEM32\WINMM.dll
0x00007ffb52950000 - 0x00007ffb5295a000 	C:\WINDOWS\SYSTEM32\VERSION.dll
0x00007ffb5d2a0000 - 0x00007ffb5d2cc000 	C:\WINDOWS\SYSTEM32\WINMMBASE.dll
0x00007ffb5ff50000 - 0x00007ffb5ff93000 	C:\WINDOWS\system32\cfgmgr32.dll
0x000000005c2e0000 - 0x000000005c2ef000 	C:\Program Files\Java\jdk1.8.0_102\jre\bin\verify.dll
0x000000005c2b0000 - 0x000000005c2d9000 	C:\Program Files\Java\jdk1.8.0_102\jre\bin\java.dll
0x000000005c290000 - 0x000000005c2a6000 	C:\Program Files\Java\jdk1.8.0_102\jre\bin\zip.dll
0x00007ffb61410000 - 0x00007ffb6296c000 	C:\WINDOWS\system32\SHELL32.dll
0x00007ffb5f4f0000 - 0x00007ffb5fb35000 	C:\WINDOWS\system32\windows.storage.dll
0x00007ffb61300000 - 0x00007ffb61352000 	C:\WINDOWS\system32\shlwapi.dll
0x00007ffb5f420000 - 0x00007ffb5f42f000 	C:\WINDOWS\system32\kernel.appcore.dll
0x00007ffb5fe90000 - 0x00007ffb5ff45000 	C:\WINDOWS\system32\shcore.dll
0x00007ffb5f3b0000 - 0x00007ffb5f3fb000 	C:\WINDOWS\system32\powrprof.dll
0x00007ffb5f400000 - 0x00007ffb5f414000 	C:\WINDOWS\system32\profapi.dll
0x000000005c270000 - 0x000000005c28a000 	C:\Program Files\Java\jdk1.8.0_102\jre\bin\net.dll
0x00007ffb5ec80000 - 0x00007ffb5ecdc000 	C:\WINDOWS\system32\mswsock.dll
0x000000005b080000 - 0x000000005b091000 	C:\Program Files\Java\jdk1.8.0_102\jre\bin\nio.dll
0x00007ffb4d0f0000 - 0x00007ffb4d102000 	C:\Users\User\.gradle\native\19\windows-amd64\native-platform.dll
0x00007ffb5ed30000 - 0x00007ffb5ed47000 	C:\WINDOWS\SYSTEM32\CRYPTSP.dll
0x00007ffb5e9c0000 - 0x00007ffb5e9f4000 	C:\WINDOWS\system32\rsaenh.dll
0x00007ffb5f2e0000 - 0x00007ffb5f309000 	C:\WINDOWS\SYSTEM32\bcrypt.dll
0x00007ffb5eb10000 - 0x00007ffb5eb2f000 	C:\WINDOWS\SYSTEM32\USERENV.dll
0x00007ffb5ee50000 - 0x00007ffb5ee5b000 	C:\WINDOWS\SYSTEM32\CRYPTBASE.dll
0x00007ffb58540000 - 0x00007ffb58578000 	C:\WINDOWS\SYSTEM32\IPHLPAPI.DLL
0x00007ffb60190000 - 0x00007ffb60198000 	C:\WINDOWS\system32\NSI.dll
0x00007ffb58490000 - 0x00007ffb584a6000 	C:\WINDOWS\SYSTEM32\dhcpcsvc6.DLL
0x00007ffb584b0000 - 0x00007ffb584ca000 	C:\WINDOWS\SYSTEM32\dhcpcsvc.DLL
0x000000005b070000 - 0x000000005b07d000 	C:\Program Files\Java\jdk1.8.0_102\jre\bin\management.dll

VM Arguments:
jvm_args: -XX:MaxPermSize=256m -XX:+HeapDumpOnOutOfMemoryError -Xmx1024m -Dfile.encoding=windows-1252 -Duser.country=US -Duser.language=en -Duser.variant 
java_command: org.gradle.launcher.daemon.bootstrap.GradleDaemon 2.14.1
java_class_path (initial): C:\Program Files\Android\Android Studio\gradle\gradle-2.14.1\lib\gradle-launcher-2.14.1.jar
Launcher Type: SUN_STANDARD

Environment Variables:
PATH=C:\ProgramData\Oracle\Java\javapath;C:\Program Files (x86)\HP SimplePass\x64;C:\Program Files (x86)\HP SimplePass\;;C:\WINDOWS\system32;C:\WINDOWS;C:\WINDOWS\System32\Wbem;C:\WINDOWS\System32\WindowsPowerShell\v1.0\;C:\Program Files (x86)\ATI Technologies\ATI.ACE\Core-Static;C:\Program Files (x86)\Skype\Phone\;C:\Program Files (x86)\AMD\ATI.ACE\Core-Static;C:\Program Files (x86)\GtkSharp\2.12\bin;C:\adb
USERNAME=Tolani
OS=Windows_NT
PROCESSOR_IDENTIFIER=Intel64 Family 6 Model 58 Stepping 9, GenuineIntel



---------------  S Y S T E M  ---------------

OS: Windows 10.0 , 64 bit Build 10586 (10.0.10586.589)

CPU:total 4 (2 cores per cpu, 2 threads per core) family 6 model 58 stepping 9, cmov, cx8, fxsr, mmx, sse, sse2, sse3, ssse3, sse4.1, sse4.2, popcnt, avx, aes, clmul, erms, ht, tsc, tscinvbit, tscinv

Memory: 4k page, physical 6191420k(1014744k free), swap 7882044k(2300k free)

vm_info: Java HotSpot(TM) 64-Bit Server VM (25.102-b14) for windows-amd64 JRE (1.8.0_102-b14), built on Jun 22 2016 13:15:21 by "java_re" with MS VC++ 10.0 (VS2010)

time: Wed Oct 19 19:55:59 2016
elapsed time: 311 seconds (0d 0h 5m 11s)

