#
# There is insufficient memory for the Java Runtime Environment to continue.
# Native memory allocation (malloc) failed to allocate 1048576 bytes for AllocateHeap
# Possible reasons:
#   The system is out of physical RAM or swap space
#   In 32 bit mode, the process size limit was hit
# Possible solutions:
#   Reduce memory load on the system
#   Increase physical memory or swap space
#   Check if swap backing store is full
#   Use 64 bit Java on a 64 bit OS
#   Decrease Java heap size (-Xmx/-Xms)
#   Decrease number of Java threads
#   Decrease Java thread stack sizes (-Xss)
#   Set larger code cache with -XX:ReservedCodeCacheSize=
# This output file may be truncated or incomplete.
#
#  Out of Memory Error (memory/allocation.inline.hpp:61), pid=3924, tid=0x0000000000000c30
#
# JRE version:  (8.0_102-b14) (build )
# Java VM: Java HotSpot(TM) 64-Bit Server VM (25.102-b14 mixed mode windows-amd64 compressed oops)
# Failed to write core dump. Minidumps are not enabled by default on client versions of Windows
#

---------------  T H R E A D  ---------------

Current thread (0x0000000002950800):  JavaThread "Unknown thread" [_thread_in_vm, id=3120, stack(0x00000000027d0000,0x00000000028d0000)]

Stack: [0x00000000027d0000,0x00000000028d0000]
[error occurred during error reporting (printing stack bounds), id 0xc0000005]

Native frames: (J=compiled Java code, j=interpreted, Vv=VM code, C=native code)


---------------  P R O C E S S  ---------------

Java Threads: ( => current thread )

Other Threads:

=>0x0000000002950800 (exited) JavaThread "Unknown thread" [_thread_in_vm, id=3120, stack(0x00000000027d0000,0x00000000028d0000)]

VM state:not at safepoint (normal execution)

VM Mutex/Monitor currently owned by a thread: None

Heap:
 PSYoungGen      total 28672K, used 491K [0x00000000eab00000, 0x00000000ecb00000, 0x0000000100000000)
  eden space 24576K, 2% used [0x00000000eab00000,0x00000000eab7ae20,0x00000000ec300000)
  from space 4096K, 0% used [0x00000000ec700000,0x00000000ec700000,0x00000000ecb00000)
  to   space 4096K, 0% used [0x00000000ec300000,0x00000000ec300000,0x00000000ec700000)
 ParOldGen       total 65536K, used 0K [0x00000000c0000000, 0x00000000c4000000, 0x00000000eab00000)
  object space 65536K, 0% used [0x00000000c0000000,0x00000000c0000000,0x00000000c4000000)
 Metaspace       used 770K, capacity 4480K, committed 4480K, reserved 1056768K
  class space    used 75K, capacity 384K, committed 384K, reserved 1048576K

Card table byte_map: [0x0000000011e10000,0x0000000012020000] byte_map_base: 0x0000000011810000

Marking Bits: (ParMarkBitMap*) 0x000000006897a6c0
 Begin Bits: [0x0000000012580000, 0x0000000013580000)
 End Bits:   [0x0000000013580000, 0x0000000014580000)

Polling page: 0x0000000000eb0000

CodeCache: size=245760Kb used=328Kb max_used=328Kb free=245431Kb
 bounds [0x0000000002a50000, 0x0000000002cc0000, 0x0000000011a50000]
 total_blobs=58 nmethods=0 adapters=38
 compilation: enabled

Compilation events (0 events):
No events

GC Heap History (0 events):
No events

Deoptimization events (0 events):
No events

Internal exceptions (0 events):
No events

Events (10 events):
Event: 0.081 loading class java/lang/Short
Event: 0.081 loading class java/lang/Short done
Event: 0.081 loading class java/lang/Integer
Event: 0.081 loading class java/lang/Integer done
Event: 0.081 loading class java/lang/Long
Event: 0.081 loading class java/lang/Long done
Event: 0.082 loading class java/lang/NullPointerException
Event: 0.083 loading class java/lang/NullPointerException done
Event: 0.083 loading class java/lang/ArithmeticException
Event: 0.083 loading class java/lang/ArithmeticException done


Dynamic libraries:
0x00007ff75cdf0000 - 0x00007ff75ce27000 	C:\Program Files\Java\jdk1.8.0_102\bin\java.exe
0x00007fff95640000 - 0x00007fff95801000 	C:\WINDOWS\SYSTEM32\ntdll.dll
0x00007fff94250000 - 0x00007fff942fd000 	C:\WINDOWS\system32\KERNEL32.DLL
0x00007fff80040000 - 0x00007fff80073000 	C:\Program Files (x86)\AVG\Av\avghooka.dll
0x00007fff90ca0000 - 0x00007fff90e88000 	C:\WINDOWS\system32\KERNELBASE.dll
0x00007fff91c90000 - 0x00007fff91d37000 	C:\WINDOWS\system32\ADVAPI32.dll
0x00007fff91ae0000 - 0x00007fff91b7d000 	C:\WINDOWS\system32\msvcrt.dll
0x00007fff94020000 - 0x00007fff9407b000 	C:\WINDOWS\system32\sechost.dll
0x00007fff91860000 - 0x00007fff9197c000 	C:\WINDOWS\system32\RPCRT4.dll
0x00007fff91980000 - 0x00007fff91ad6000 	C:\WINDOWS\system32\USER32.dll
0x00007fff93d40000 - 0x00007fff93ec6000 	C:\WINDOWS\system32\GDI32.dll
0x00007fff79420000 - 0x00007fff79694000 	C:\WINDOWS\WinSxS\amd64_microsoft.windows.common-controls_6595b64144ccf1df_6.0.10586.589_none_a2ddb3caa539acce\COMCTL32.dll
0x00007fff91d40000 - 0x00007fff91fbd000 	C:\WINDOWS\system32\combase.dll
0x00007fff90f40000 - 0x00007fff90faa000 	C:\WINDOWS\system32\bcryptPrimitives.dll
0x00007fff93b20000 - 0x00007fff93b5b000 	C:\WINDOWS\system32\IMM32.DLL
0x0000000068a00000 - 0x0000000068ad1000 	C:\Program Files\Java\jdk1.8.0_102\jre\bin\msvcr100.dll
0x0000000068160000 - 0x00000000689fa000 	C:\Program Files\Java\jdk1.8.0_102\jre\bin\server\jvm.dll
0x00007fff91700000 - 0x00007fff91708000 	C:\WINDOWS\system32\PSAPI.DLL
0x00007fff830f0000 - 0x00007fff830f9000 	C:\WINDOWS\SYSTEM32\WSOCK32.dll
0x00007fff93ee0000 - 0x00007fff93f4b000 	C:\WINDOWS\system32\WS2_32.dll
0x00007fff8f0d0000 - 0x00007fff8f0f3000 	C:\WINDOWS\SYSTEM32\WINMM.dll
0x00007fff85360000 - 0x00007fff8536a000 	C:\WINDOWS\SYSTEM32\VERSION.dll
0x00007fff8f070000 - 0x00007fff8f09c000 	C:\WINDOWS\SYSTEM32\WINMMBASE.dll
0x00007fff91620000 - 0x00007fff91663000 	C:\WINDOWS\system32\cfgmgr32.dll
0x0000000068150000 - 0x000000006815f000 	C:\Program Files\Java\jdk1.8.0_102\jre\bin\verify.dll
0x0000000068120000 - 0x0000000068149000 	C:\Program Files\Java\jdk1.8.0_102\jre\bin\java.dll
0x0000000068100000 - 0x0000000068116000 	C:\Program Files\Java\jdk1.8.0_102\jre\bin\zip.dll

VM Arguments:
jvm_args: -Djava.awt.headless=true -Xmx1024M -Dfile.encoding=windows-1252 -Duser.country=US -Duser.language=en -Duser.variant 
java_command: com.android.dx.command.Main --dex --verbose --force-jumbo --num-threads=4 --multi-dex --output C:\Users\User\AndroidStudioProjects\MyFirstApp\app\build\intermediates\transforms\dex\debug\folders\1000\10\com.android.support-design-24.1.1_f6efbb973b527859f3eac4ff77209112c6c73845 C:\Users\User\AndroidStudioProjects\MyFirstApp\app\build\intermediates\exploded-aar\com.android.support\design\24.1.1\jars\classes.jar
java_class_path (initial): C:\Users\User\AppData\Local\Android\sdk\build-tools\24.0.1\lib\dx.jar
Launcher Type: SUN_STANDARD

Environment Variables:
PATH=C:\ProgramData\Oracle\Java\javapath;C:\Program Files (x86)\HP SimplePass\x64;C:\Program Files (x86)\HP SimplePass\;;C:\WINDOWS\system32;C:\WINDOWS;C:\WINDOWS\System32\Wbem;C:\WINDOWS\System32\WindowsPowerShell\v1.0\;C:\Program Files (x86)\ATI Technologies\ATI.ACE\Core-Static;C:\Program Files (x86)\Skype\Phone\;C:\Program Files (x86)\AMD\ATI.ACE\Core-Static;C:\Program Files (x86)\GtkSharp\2.12\bin;C:\adb
USERNAME=Tolani
OS=Windows_NT
PROCESSOR_IDENTIFIER=Intel64 Family 6 Model 58 Stepping 9, GenuineIntel



---------------  S Y S T E M  ---------------

OS: Windows 10.0 , 64 bit Build 10586 (10.0.10586.589)

CPU:total 4 (2 cores per cpu, 2 threads per core) family 6 model 58 stepping 9, cmov, cx8, fxsr, mmx, sse, sse2, sse3, ssse3, sse4.1, sse4.2, popcnt, avx, aes, clmul, erms, ht, tsc, tscinvbit, tscinv

Memory: 4k page, physical 6191420k(735764k free), swap 7882044k(107320k free)

vm_info: Java HotSpot(TM) 64-Bit Server VM (25.102-b14) for windows-amd64 JRE (1.8.0_102-b14), built on Jun 22 2016 13:15:21 by "java_re" with MS VC++ 10.0 (VS2010)

time: Sat Oct 15 21:35:51 2016
elapsed time: 0 seconds (0d 0h 0m 0s)

