#
# There is insufficient memory for the Java Runtime Environment to continue.
# Native memory allocation (malloc) failed to allocate 422736 bytes for Chunk::new
# Possible reasons:
#   The system is out of physical RAM or swap space
#   In 32 bit mode, the process size limit was hit
# Possible solutions:
#   Reduce memory load on the system
#   Increase physical memory or swap space
#   Check if swap backing store is full
#   Use 64 bit Java on a 64 bit OS
#   Decrease Java heap size (-Xmx/-Xms)
#   Decrease number of Java threads
#   Decrease Java thread stack sizes (-Xss)
#   Set larger code cache with -XX:ReservedCodeCacheSize=
# This output file may be truncated or incomplete.
#
#  Out of Memory Error (allocation.cpp:390), pid=6472, tid=0x0000000000001e90
#
# JRE version: Java(TM) SE Runtime Environment (8.0_102-b14) (build 1.8.0_102-b14)
# Java VM: Java HotSpot(TM) 64-Bit Server VM (25.102-b14 mixed mode windows-amd64 compressed oops)
# Failed to write core dump. Minidumps are not enabled by default on client versions of Windows
#

---------------  T H R E A D  ---------------

Current thread (0x000000001557d000):  JavaThread "C2 CompilerThread0" daemon [_thread_in_native, id=7824, stack(0x0000000016bd0000,0x0000000016cd0000)]

Stack: [0x0000000016bd0000,0x0000000016cd0000]
[error occurred during error reporting (printing stack bounds), id 0xc0000005]

Native frames: (J=compiled Java code, j=interpreted, Vv=VM code, C=native code)


Current CompileTask:
C2:   2103 1331   !   4       com.android.dx.cf.code.BytecodeArray::parseInstruction (2764 bytes)


---------------  P R O C E S S  ---------------

Java Threads: ( => current thread )
  0x0000000017126800 JavaThread "pool-2-thread-4" [_thread_in_Java, id=9540, stack(0x00000000178d0000,0x00000000179d0000)]
  0x0000000017121000 JavaThread "pool-2-thread-3" [_thread_blocked, id=8736, stack(0x00000000177d0000,0x00000000178d0000)]
  0x0000000017120000 JavaThread "pool-2-thread-2" [_thread_in_vm, id=7148, stack(0x00000000176d0000,0x00000000177d0000)]
  0x0000000017156800 JavaThread "pool-3-thread-1" [_thread_blocked, id=11944, stack(0x00000000175d0000,0x00000000176d0000)]
  0x0000000017154000 JavaThread "pool-2-thread-1" [_thread_in_Java, id=4444, stack(0x00000000174d0000,0x00000000175d0000)]
  0x0000000016ed5000 JavaThread "Service Thread" daemon [_thread_blocked, id=7108, stack(0x00000000172d0000,0x00000000173d0000)]
  0x00000000155dd800 JavaThread "C1 CompilerThread2" daemon [_thread_blocked, id=4292, stack(0x0000000016dd0000,0x0000000016ed0000)]
  0x00000000155d5800 JavaThread "C2 CompilerThread1" daemon [_thread_in_native, id=6248, stack(0x0000000016cd0000,0x0000000016dd0000)]
=>0x000000001557d000 JavaThread "C2 CompilerThread0" daemon [_thread_in_native, id=7824, stack(0x0000000016bd0000,0x0000000016cd0000)]
  0x000000001557a800 JavaThread "Attach Listener" daemon [_thread_blocked, id=5876, stack(0x0000000016ad0000,0x0000000016bd0000)]
  0x0000000015579800 JavaThread "Signal Dispatcher" daemon [_thread_blocked, id=7164, stack(0x00000000169d0000,0x0000000016ad0000)]
  0x000000001556a800 JavaThread "Finalizer" daemon [_thread_blocked, id=9616, stack(0x00000000167f0000,0x00000000168f0000)]
  0x0000000015548800 JavaThread "Reference Handler" daemon [_thread_blocked, id=11484, stack(0x00000000166f0000,0x00000000167f0000)]
  0x0000000002db0800 JavaThread "main" [_thread_in_Java, id=10768, stack(0x0000000002c20000,0x0000000002d20000)]

Other Threads:
  0x0000000015547000 VMThread [stack: 0x00000000165f0000,0x00000000166f0000] [id=8924]
  0x0000000016ee0000 WatcherThread [stack: 0x00000000173d0000,0x00000000174d0000] [id=11120]

VM state:not at safepoint (normal execution)

VM Mutex/Monitor currently owned by a thread: None

Heap:
 PSYoungGen      total 28672K, used 20031K [0x00000000eab00000, 0x00000000ee300000, 0x0000000100000000)
  eden space 24576K, 64% used [0x00000000eab00000,0x00000000eba91470,0x00000000ec300000)
  from space 4096K, 99% used [0x00000000ec300000,0x00000000ec6fea98,0x00000000ec700000)
  to   space 4096K, 0% used [0x00000000edf00000,0x00000000edf00000,0x00000000ee300000)
 ParOldGen       total 65536K, used 1162K [0x00000000c0000000, 0x00000000c4000000, 0x00000000eab00000)
  object space 65536K, 1% used [0x00000000c0000000,0x00000000c0122a58,0x00000000c4000000)
 Metaspace       used 6092K, capacity 7026K, committed 7296K, reserved 1056768K
  class space    used 603K, capacity 618K, committed 640K, reserved 1048576K

Card table byte_map: [0x0000000012270000,0x0000000012480000] byte_map_base: 0x0000000011c70000

Marking Bits: (ParMarkBitMap*) 0x0000000065a0a6c0
 Begin Bits: [0x00000000129e0000, 0x00000000139e0000)
 End Bits:   [0x00000000139e0000, 0x00000000149e0000)

Polling page: 0x0000000001280000

CodeCache: size=245760Kb used=5640Kb max_used=5652Kb free=240119Kb
 bounds [0x0000000002eb0000, 0x0000000003440000, 0x0000000011eb0000]
 total_blobs=1653 nmethods=1384 adapters=182
 compilation: enabled

Compilation events (10 events):
Event: 1.972 Thread 0x00000000155dd800 1388       1       com.android.dx.dex.file.DexFile::getStringIds (5 bytes)
Event: 1.972 Thread 0x00000000155dd800 nmethod 1388 0x0000000003433e50 code [0x0000000003433fa0, 0x00000000034340b0]
Event: 1.978 Thread 0x000000001557d000 nmethod 1358 0x0000000003437bd0 code [0x0000000003437e40, 0x0000000003438c50]
Event: 1.978 Thread 0x000000001557d000 1381       4       java.io.DataInputStream::readUnsignedShort (39 bytes)
Event: 1.987 Thread 0x000000001557d000 nmethod 1381 0x000000000343a6d0 code [0x000000000343a860, 0x000000000343b278]
Event: 1.987 Thread 0x000000001557d000 1294       4       java.util.ArrayList::subListRangeCheck (110 bytes)
Event: 1.987 Thread 0x000000001557d000 nmethod 1294 0x00000000033c07d0 code [0x00000000033c0900, 0x00000000033c0998]
Event: 1.987 Thread 0x000000001557d000 1297       4       java.util.ArrayList$SubList::<init> (46 bytes)
Event: 1.988 Thread 0x000000001557d000 nmethod 1297 0x00000000033cc510 code [0x00000000033cc640, 0x00000000033cc6d8]
Event: 1.988 Thread 0x000000001557d000 1331   !   4       com.android.dx.cf.code.BytecodeArray::parseInstruction (2764 bytes)

GC Heap History (2 events):
Event: 1.423 GC heap before
{Heap before GC invocations=1 (full 0):
 PSYoungGen      total 28672K, used 24576K [0x00000000eab00000, 0x00000000ecb00000, 0x0000000100000000)
  eden space 24576K, 100% used [0x00000000eab00000,0x00000000ec300000,0x00000000ec300000)
  from space 4096K, 0% used [0x00000000ec700000,0x00000000ec700000,0x00000000ecb00000)
  to   space 4096K, 0% used [0x00000000ec300000,0x00000000ec300000,0x00000000ec700000)
 ParOldGen       total 65536K, used 0K [0x00000000c0000000, 0x00000000c4000000, 0x00000000eab00000)
  object space 65536K, 0% used [0x00000000c0000000,0x00000000c0000000,0x00000000c4000000)
 Metaspace       used 5921K, capacity 6832K, committed 7040K, reserved 1056768K
  class space    used 601K, capacity 616K, committed 640K, reserved 1048576K
Event: 1.493 GC heap after
Heap after GC invocations=1 (full 0):
 PSYoungGen      total 28672K, used 4090K [0x00000000eab00000, 0x00000000ee300000, 0x0000000100000000)
  eden space 24576K, 0% used [0x00000000eab00000,0x00000000eab00000,0x00000000ec300000)
  from space 4096K, 99% used [0x00000000ec300000,0x00000000ec6fea98,0x00000000ec700000)
  to   space 4096K, 0% used [0x00000000edf00000,0x00000000edf00000,0x00000000ee300000)
 ParOldGen       total 65536K, used 1162K [0x00000000c0000000, 0x00000000c4000000, 0x00000000eab00000)
  object space 65536K, 1% used [0x00000000c0000000,0x00000000c0122a58,0x00000000c4000000)
 Metaspace       used 5921K, capacity 6832K, committed 7040K, reserved 1056768K
  class space    used 601K, capacity 616K, committed 640K, reserved 1048576K
}

Deoptimization events (10 events):
Event: 1.184 Thread 0x0000000002db0800 Uncommon trap: reason=unstable_if action=reinterpret pc=0x00000000031190f4 method=java.util.BitSet.ensureCapacity(I)V @ 6
Event: 1.184 Thread 0x0000000002db0800 Uncommon trap: reason=unstable_if action=reinterpret pc=0x0000000003116970 method=java.util.BitSet.ensureCapacity(I)V @ 6
Event: 1.530 Thread 0x0000000002db0800 Uncommon trap: reason=unstable_if action=reinterpret pc=0x00000000032759e4 method=com.android.dx.rop.code.RegisterSpec.equals(ILcom/android/dx/rop/type/TypeBearer;Lcom/android/dx/rop/code/LocalItem;)Z @ 16
Event: 1.530 Thread 0x0000000002db0800 Uncommon trap: reason=unstable_if action=reinterpret pc=0x0000000003208994 method=com.android.dx.rop.code.RegisterSpec.equals(ILcom/android/dx/rop/type/TypeBearer;Lcom/android/dx/rop/code/LocalItem;)Z @ 16
Event: 1.817 Thread 0x0000000017120000 Uncommon trap: reason=bimorphic action=maybe_recompile pc=0x000000000329453c method=java.util.HashMap.putVal(ILjava/lang/Object;Ljava/lang/Object;ZZ)Ljava/lang/Object; @ 91
Event: 1.853 Thread 0x0000000017120000 Uncommon trap: reason=unstable_if action=reinterpret pc=0x000000000318bcb4 method=com.android.dx.rop.code.RegisterSpec.equals(ILcom/android/dx/rop/type/TypeBearer;Lcom/android/dx/rop/code/LocalItem;)Z @ 16
Event: 1.853 Thread 0x0000000017120000 Uncommon trap: reason=bimorphic action=maybe_recompile pc=0x000000000329453c method=java.util.HashMap.putVal(ILjava/lang/Object;Ljava/lang/Object;ZZ)Ljava/lang/Object; @ 91
Event: 1.859 Thread 0x0000000017120000 Uncommon trap: reason=null_check action=make_not_entrant pc=0x0000000003210ae0 method=com.android.dx.rop.type.Type.equals(Ljava/lang/Object;)Z @ 8
Event: 1.934 Thread 0x0000000017121000 Uncommon trap: reason=null_check action=make_not_entrant pc=0x00000000032192f4 method=com.android.dx.ssa.SsaRenamer.getLocalForNewReg(I)Lcom/android/dx/rop/code/LocalItem; @ 19
Event: 1.947 Thread 0x0000000002db0800 Uncommon trap: reason=unstable_if action=reinterpret pc=0x00000000033bffdc method=com.android.dx.rop.cst.Constant.compareTo(Lcom/android/dx/rop/cst/Constant;)I @ 12

Internal exceptions (4 events):
Event: 0.098 Thread 0x0000000002db0800 Exception <a 'java/lang/NoSuchMethodError': Method sun.misc.Unsafe.defineClass(Ljava/lang/String;[BII)Ljava/lang/Class; name or signature does not match> (0x00000000eab07c78) thrown at [C:\re\workspace\8-2-build-windows-amd64-cygwin\jdk8u102\7268\hotspot\shªAð¹?
Event: 0.098 Thread 0x0000000002db0800 Exception <a 'java/lang/NoSuchMethodError': Method sun.misc.Unsafe.prefetchRead(Ljava/lang/Object;J)V name or signature does not match> (0x00000000eab07f60) thrown at [C:\re\workspace\8-2-build-windows-amd64-cygwin\jdk8u102\7268\hotspot\src\share\vm\prims\å¼]Ëž¿ý?
Event: 1.859 Thread 0x0000000017120000 Implicit null exception at 0x00000000032109e2 to 0x0000000003210ad2
Event: 1.934 Thread 0x0000000017121000 Implicit null exception at 0x00000000032171ab to 0x00000000032192b1

Events (10 events):
Event: 1.853 Thread 0x0000000017120000 DEOPT UNPACKING pc=0x0000000002ef582a sp=0x00000000177ce6b8 mode 2
Event: 1.859 Thread 0x0000000017120000 Uncommon trap: trap_request=0xfffffff4 fr.pc=0x0000000003210ae0
Event: 1.859 Thread 0x0000000017120000 DEOPT PACKING pc=0x0000000003210ae0 sp=0x00000000177ce440
Event: 1.859 Thread 0x0000000017120000 DEOPT UNPACKING pc=0x0000000002ef582a sp=0x00000000177ce3c8 mode 2
Event: 1.934 Thread 0x0000000017121000 Uncommon trap: trap_request=0xfffffff4 fr.pc=0x00000000032192f4
Event: 1.934 Thread 0x0000000017121000 DEOPT PACKING pc=0x00000000032192f4 sp=0x00000000178cec50
Event: 1.934 Thread 0x0000000017121000 DEOPT UNPACKING pc=0x0000000002ef582a sp=0x00000000178ceaa8 mode 2
Event: 1.947 Thread 0x0000000002db0800 Uncommon trap: trap_request=0xffffff65 fr.pc=0x00000000033bffdc
Event: 1.947 Thread 0x0000000002db0800 DEOPT PACKING pc=0x00000000033bffdc sp=0x0000000002d1e270
Event: 1.947 Thread 0x0000000002db0800 DEOPT UNPACKING pc=0x0000000002ef582a sp=0x0000000002d1e210 mode 2


Dynamic libraries:
0x00007ff623660000 - 0x00007ff623697000 	C:\Program Files\Java\jdk1.8.0_102\bin\java.exe
0x00007ffe296d0000 - 0x00007ffe29891000 	C:\WINDOWS\SYSTEM32\ntdll.dll
0x00007ffe267b0000 - 0x00007ffe2685d000 	C:\WINDOWS\system32\KERNEL32.DLL
0x00007ffdfb740000 - 0x00007ffdfb773000 	C:\Program Files (x86)\AVG\Av\avghooka.dll
0x00007ffe24a90000 - 0x00007ffe24c78000 	C:\WINDOWS\system32\KERNELBASE.dll
0x00007ffe26860000 - 0x00007ffe26907000 	C:\WINDOWS\system32\ADVAPI32.dll
0x00007ffe26210000 - 0x00007ffe262ad000 	C:\WINDOWS\system32\msvcrt.dll
0x00007ffe28380000 - 0x00007ffe283db000 	C:\WINDOWS\system32\sechost.dll
0x00007ffe26080000 - 0x00007ffe2619c000 	C:\WINDOWS\system32\RPCRT4.dll
0x00007ffe28220000 - 0x00007ffe28376000 	C:\WINDOWS\system32\USER32.dll
0x00007ffe25dc0000 - 0x00007ffe25f46000 	C:\WINDOWS\system32\GDI32.dll
0x00007ffe1a4f0000 - 0x00007ffe1a764000 	C:\WINDOWS\WinSxS\amd64_microsoft.windows.common-controls_6595b64144ccf1df_6.0.10586.589_none_a2ddb3caa539acce\COMCTL32.dll
0x00007ffe26420000 - 0x00007ffe2669d000 	C:\WINDOWS\system32\combase.dll
0x00007ffe24c80000 - 0x00007ffe24cea000 	C:\WINDOWS\system32\bcryptPrimitives.dll
0x00007ffe26040000 - 0x00007ffe2607b000 	C:\WINDOWS\system32\IMM32.DLL
0x0000000066440000 - 0x0000000066511000 	C:\Program Files\Java\jdk1.8.0_102\jre\bin\msvcr100.dll
0x00000000651f0000 - 0x0000000065a8a000 	C:\Program Files\Java\jdk1.8.0_102\jre\bin\server\jvm.dll
0x00007ffe26200000 - 0x00007ffe26208000 	C:\WINDOWS\system32\PSAPI.DLL
0x00007ffe0e270000 - 0x00007ffe0e279000 	C:\WINDOWS\SYSTEM32\WSOCK32.dll
0x00007ffe28050000 - 0x00007ffe280bb000 	C:\WINDOWS\system32\WS2_32.dll
0x00007ffe22c80000 - 0x00007ffe22ca3000 	C:\WINDOWS\SYSTEM32\WINMM.dll
0x00007ffe18d60000 - 0x00007ffe18d6a000 	C:\WINDOWS\SYSTEM32\VERSION.dll
0x00007ffe22c20000 - 0x00007ffe22c4c000 	C:\WINDOWS\SYSTEM32\WINMMBASE.dll
0x00007ffe253a0000 - 0x00007ffe253e3000 	C:\WINDOWS\system32\cfgmgr32.dll
0x0000000066430000 - 0x000000006643f000 	C:\Program Files\Java\jdk1.8.0_102\jre\bin\verify.dll
0x0000000066400000 - 0x0000000066429000 	C:\Program Files\Java\jdk1.8.0_102\jre\bin\java.dll
0x00000000663e0000 - 0x00000000663f6000 	C:\Program Files\Java\jdk1.8.0_102\jre\bin\zip.dll
0x00007ffe26910000 - 0x00007ffe27e6c000 	C:\WINDOWS\system32\SHELL32.dll
0x00007ffe24cf0000 - 0x00007ffe25335000 	C:\WINDOWS\system32\windows.storage.dll
0x00007ffe26750000 - 0x00007ffe267a2000 	C:\WINDOWS\system32\shlwapi.dll
0x00007ffe24a30000 - 0x00007ffe24a3f000 	C:\WINDOWS\system32\kernel.appcore.dll
0x00007ffe253f0000 - 0x00007ffe254a5000 	C:\WINDOWS\system32\shcore.dll
0x00007ffe24a40000 - 0x00007ffe24a8b000 	C:\WINDOWS\system32\powrprof.dll
0x00007ffe24a00000 - 0x00007ffe24a14000 	C:\WINDOWS\system32\profapi.dll

VM Arguments:
jvm_args: -Djava.awt.headless=true -Xmx1024M -Dfile.encoding=windows-1252 -Duser.country=US -Duser.language=en -Duser.variant 
java_command: com.android.dx.command.Main --dex --force-jumbo --num-threads=4 --multi-dex --output C:\Users\User\AndroidStudioProjects\MyFirstApp\app\build\intermediates\transforms\dex\debug\folders\1000\10\com.android.support-design-24.1.1_f6efbb973b527859f3eac4ff77209112c6c73845 C:\Users\User\AndroidStudioProjects\MyFirstApp\app\build\intermediates\exploded-aar\com.android.support\design\24.1.1\jars\classes.jar
java_class_path (initial): C:\Users\User\AppData\Local\Android\sdk\build-tools\24.0.1\lib\dx.jar
Launcher Type: SUN_STANDARD

Environment Variables:
PATH=C:\ProgramData\Oracle\Java\javapath;C:\Program Files (x86)\HP SimplePass\x64;C:\Program Files (x86)\HP SimplePass\;;C:\WINDOWS\system32;C:\WINDOWS;C:\WINDOWS\System32\Wbem;C:\WINDOWS\System32\WindowsPowerShell\v1.0\;C:\Program Files (x86)\ATI Technologies\ATI.ACE\Core-Static;C:\Program Files (x86)\Skype\Phone\;C:\Program Files (x86)\AMD\ATI.ACE\Core-Static;C:\Program Files (x86)\GtkSharp\2.12\bin;C:\adb;C:\Program Files (x86)\Windows Live\Shared
USERNAME=Tolani
OS=Windows_NT
PROCESSOR_IDENTIFIER=Intel64 Family 6 Model 58 Stepping 9, GenuineIntel



---------------  S Y S T E M  ---------------

OS: Windows 10.0 , 64 bit Build 10586 (10.0.10586.589)

CPU:total 4 (2 cores per cpu, 2 threads per core) family 6 model 58 stepping 9, cmov, cx8, fxsr, mmx, sse, sse2, sse3, ssse3, sse4.1, sse4.2, popcnt, avx, aes, clmul, erms, ht, tsc, tscinvbit, tscinv

Memory: 4k page, physical 6191420k(1085904k free), swap 7882044k(5160k free)

vm_info: Java HotSpot(TM) 64-Bit Server VM (25.102-b14) for windows-amd64 JRE (1.8.0_102-b14), built on Jun 22 2016 13:15:21 by "java_re" with MS VC++ 10.0 (VS2010)

time: Sun Oct 23 00:35:14 2016
elapsed time: 2 seconds (0d 0h 0m 2s)

