#
# There is insufficient memory for the Java Runtime Environment to continue.
# Native memory allocation (malloc) failed to allocate 343696 bytes for Chunk::new
# Possible reasons:
#   The system is out of physical RAM or swap space
#   In 32 bit mode, the process size limit was hit
# Possible solutions:
#   Reduce memory load on the system
#   Increase physical memory or swap space
#   Check if swap backing store is full
#   Use 64 bit Java on a 64 bit OS
#   Decrease Java heap size (-Xmx/-Xms)
#   Decrease number of Java threads
#   Decrease Java thread stack sizes (-Xss)
#   Set larger code cache with -XX:ReservedCodeCacheSize=
# This output file may be truncated or incomplete.
#
#  Out of Memory Error (allocation.cpp:390), pid=5664, tid=0x00000000000027fc
#
# JRE version: Java(TM) SE Runtime Environment (8.0_102-b14) (build 1.8.0_102-b14)
# Java VM: Java HotSpot(TM) 64-Bit Server VM (25.102-b14 mixed mode windows-amd64 compressed oops)
# Failed to write core dump. Minidumps are not enabled by default on client versions of Windows
#

---------------  T H R E A D  ---------------

Current thread (0x0000000014d4d000):  JavaThread "C2 CompilerThread0" daemon [_thread_in_native, id=10236, stack(0x0000000016380000,0x0000000016480000)]

Stack: [0x0000000016380000,0x0000000016480000]
[error occurred during error reporting (printing stack bounds), id 0xc0000005]

Native frames: (J=compiled Java code, j=interpreted, Vv=VM code, C=native code)


Current CompileTask:
C2:   1837  936   !   4       com.android.dx.cf.code.RopperMachine::run (1550 bytes)


---------------  P R O C E S S  ---------------

Java Threads: ( => current thread )
  0x0000000016954800 JavaThread "pool-2-thread-4" [_thread_in_Java, id=1044, stack(0x0000000017080000,0x0000000017180000)]
  0x000000001694d800 JavaThread "pool-2-thread-3" [_thread_in_vm, id=8768, stack(0x0000000016f80000,0x0000000017080000)]
  0x00000000167f9800 JavaThread "pool-2-thread-2" [_thread_in_Java, id=1028, stack(0x0000000016e80000,0x0000000016f80000)]
  0x00000000167ad800 JavaThread "pool-3-thread-1" [_thread_blocked, id=11800, stack(0x0000000016d80000,0x0000000016e80000)]
  0x00000000167ad000 JavaThread "pool-2-thread-1" [_thread_in_Java, id=8428, stack(0x0000000016c80000,0x0000000016d80000)]
  0x000000001669d000 JavaThread "Service Thread" daemon [_thread_blocked, id=9256, stack(0x0000000016a80000,0x0000000016b80000)]
  0x0000000014da2800 JavaThread "C1 CompilerThread2" daemon [_thread_blocked, id=5368, stack(0x0000000016580000,0x0000000016680000)]
  0x0000000014d4f800 JavaThread "C2 CompilerThread1" daemon [_thread_in_native, id=8240, stack(0x0000000016480000,0x0000000016580000)]
=>0x0000000014d4d000 JavaThread "C2 CompilerThread0" daemon [_thread_in_native, id=10236, stack(0x0000000016380000,0x0000000016480000)]
  0x0000000014d4a800 JavaThread "Attach Listener" daemon [_thread_blocked, id=6100, stack(0x0000000016280000,0x0000000016380000)]
  0x0000000014d49000 JavaThread "Signal Dispatcher" daemon [_thread_blocked, id=2444, stack(0x0000000016180000,0x0000000016280000)]
  0x0000000014d3a000 JavaThread "Finalizer" daemon [_thread_blocked, id=11512, stack(0x0000000015fa0000,0x00000000160a0000)]
  0x0000000014d18800 JavaThread "Reference Handler" daemon [_thread_blocked, id=9208, stack(0x0000000015ea0000,0x0000000015fa0000)]
  0x0000000002580800 JavaThread "main" [_thread_in_Java, id=2160, stack(0x0000000002410000,0x0000000002510000)]

Other Threads:
  0x0000000014d17000 VMThread [stack: 0x0000000015da0000,0x0000000015ea0000] [id=11692]
  0x00000000166a1000 WatcherThread [stack: 0x0000000016b80000,0x0000000016c80000] [id=3064]

VM state:not at safepoint (normal execution)

VM Mutex/Monitor currently owned by a thread: None

Heap:
 PSYoungGen      total 28672K, used 23404K [0x00000000eab00000, 0x00000000ecb00000, 0x0000000100000000)
  eden space 24576K, 95% used [0x00000000eab00000,0x00000000ec1db3b0,0x00000000ec300000)
  from space 4096K, 0% used [0x00000000ec700000,0x00000000ec700000,0x00000000ecb00000)
  to   space 4096K, 0% used [0x00000000ec300000,0x00000000ec300000,0x00000000ec700000)
 ParOldGen       total 65536K, used 0K [0x00000000c0000000, 0x00000000c4000000, 0x00000000eab00000)
  object space 65536K, 0% used [0x00000000c0000000,0x00000000c0000000,0x00000000c4000000)
 Metaspace       used 5621K, capacity 6768K, committed 7040K, reserved 1056768K
  class space    used 577K, capacity 616K, committed 640K, reserved 1048576K

Card table byte_map: [0x0000000011a40000,0x0000000011c50000] byte_map_base: 0x0000000011440000

Marking Bits: (ParMarkBitMap*) 0x0000000065a0a6c0
 Begin Bits: [0x00000000121b0000, 0x00000000131b0000)
 End Bits:   [0x00000000131b0000, 0x00000000141b0000)

Polling page: 0x0000000000ca0000

CodeCache: size=245760Kb used=3979Kb max_used=4002Kb free=241780Kb
 bounds [0x0000000002680000, 0x0000000002a70000, 0x0000000011680000]
 total_blobs=1199 nmethods=937 adapters=175
 compilation: enabled

Compilation events (10 events):
Event: 1.710 Thread 0x0000000014da2800  934       3       java.lang.String::<init> (15 bytes)
Event: 1.711 Thread 0x0000000014da2800 nmethod 934 0x0000000002a4d350 code [0x0000000002a4d4e0, 0x0000000002a4d8c8]
Event: 1.711 Thread 0x0000000014d4f800  935       4       com.android.dx.cf.code.RopperMachine::getSources (264 bytes)
Event: 1.711 Thread 0x0000000014d4d000  936   !   4       com.android.dx.cf.code.RopperMachine::run (1550 bytes)
Event: 1.732 Thread 0x0000000014d4f800 nmethod 935 0x0000000002a5aa50 code [0x0000000002a5ac40, 0x0000000002a5b6f8]
Event: 1.733 Thread 0x0000000014d4f800  937       4       com.android.dx.cf.code.ExecutionStack::pop (54 bytes)
Event: 1.735 Thread 0x0000000014d4f800 nmethod 937 0x0000000002a5ca90 code [0x0000000002a5cbe0, 0x0000000002a5cd78]
Event: 1.739 Thread 0x0000000014d4f800  938       4       com.android.dx.rop.type.Type::getFrameType (5 bytes)
Event: 1.740 Thread 0x0000000014d4f800 nmethod 938 0x0000000002a54890 code [0x0000000002a549c0, 0x0000000002a54a58]
Event: 1.741 Thread 0x0000000014d4f800  939       4       com.android.dx.rop.code.Rops::ropFor (771 bytes)

GC Heap History (0 events):
No events

Deoptimization events (2 events):
Event: 0.728 Thread 0x00000000167ad000 Uncommon trap: reason=unstable_if action=reinterpret pc=0x000000000286a9c8 method=java.util.HashMap.getNode(ILjava/lang/Object;)Ljava/util/HashMap$Node; @ 62
Event: 1.092 Thread 0x0000000016954800 Uncommon trap: reason=unstable_if action=reinterpret pc=0x00000000028e93f0 method=java.util.BitSet.nextSetBit(I)I @ 87

Internal exceptions (2 events):
Event: 0.053 Thread 0x0000000002580800 Exception <a 'java/lang/NoSuchMethodError': Method sun.misc.Unsafe.defineClass(Ljava/lang/String;[BII)Ljava/lang/Class; name or signature does not match> (0x00000000eab07c78) thrown at [C:\re\workspace\8-2-build-windows-amd64-cygwin\jdk8u102\7268\hotspot\sd*ŸÆ 3«?
Event: 0.053 Thread 0x0000000002580800 Exception <a 'java/lang/NoSuchMethodError': Method sun.misc.Unsafe.prefetchRead(Ljava/lang/Object;J)V name or signature does not match> (0x00000000eab07f60) thrown at [C:\re\workspace\8-2-build-windows-amd64-cygwin\jdk8u102\7268\hotspot\src\share\vm\prims\

Events (10 events):
Event: 1.326 Thread 0x0000000016954800 DEOPT PACKING pc=0x0000000002956c7a sp=0x000000001717ea90
Event: 1.326 Thread 0x0000000016954800 DEOPT UNPACKING pc=0x00000000026c787f sp=0x000000001717e7f8 mode 0
Event: 1.330 Thread 0x0000000016954800 DEOPT PACKING pc=0x0000000002956c7a sp=0x000000001717ea90
Event: 1.330 Thread 0x0000000016954800 DEOPT UNPACKING pc=0x00000000026c787f sp=0x000000001717e7f8 mode 0
Event: 1.331 Thread 0x0000000016954800 DEOPT PACKING pc=0x0000000002956c7a sp=0x000000001717ea90
Event: 1.331 Thread 0x0000000016954800 DEOPT UNPACKING pc=0x00000000026c787f sp=0x000000001717e7f8 mode 0
Event: 1.332 Thread 0x0000000016954800 DEOPT PACKING pc=0x0000000002956c7a sp=0x000000001717ea90
Event: 1.332 Thread 0x0000000016954800 DEOPT UNPACKING pc=0x00000000026c787f sp=0x000000001717e7f8 mode 0
Event: 1.332 Thread 0x0000000016954800 DEOPT PACKING pc=0x0000000002956c7a sp=0x000000001717ea90
Event: 1.332 Thread 0x0000000016954800 DEOPT UNPACKING pc=0x00000000026c787f sp=0x000000001717e7f8 mode 0


Dynamic libraries:
0x00007ff623660000 - 0x00007ff623697000 	C:\Program Files\Java\jdk1.8.0_102\bin\java.exe
0x00007ffe296d0000 - 0x00007ffe29891000 	C:\WINDOWS\SYSTEM32\ntdll.dll
0x00007ffe267b0000 - 0x00007ffe2685d000 	C:\WINDOWS\system32\KERNEL32.DLL
0x00007ffdfb740000 - 0x00007ffdfb773000 	C:\Program Files (x86)\AVG\Av\avghooka.dll
0x00007ffe24a90000 - 0x00007ffe24c78000 	C:\WINDOWS\system32\KERNELBASE.dll
0x00007ffe26860000 - 0x00007ffe26907000 	C:\WINDOWS\system32\ADVAPI32.dll
0x00007ffe26210000 - 0x00007ffe262ad000 	C:\WINDOWS\system32\msvcrt.dll
0x00007ffe28380000 - 0x00007ffe283db000 	C:\WINDOWS\system32\sechost.dll
0x00007ffe26080000 - 0x00007ffe2619c000 	C:\WINDOWS\system32\RPCRT4.dll
0x00007ffe28220000 - 0x00007ffe28376000 	C:\WINDOWS\system32\USER32.dll
0x00007ffe25dc0000 - 0x00007ffe25f46000 	C:\WINDOWS\system32\GDI32.dll
0x00007ffe1a4f0000 - 0x00007ffe1a764000 	C:\WINDOWS\WinSxS\amd64_microsoft.windows.common-controls_6595b64144ccf1df_6.0.10586.589_none_a2ddb3caa539acce\COMCTL32.dll
0x00007ffe26420000 - 0x00007ffe2669d000 	C:\WINDOWS\system32\combase.dll
0x00007ffe24c80000 - 0x00007ffe24cea000 	C:\WINDOWS\system32\bcryptPrimitives.dll
0x00007ffe26040000 - 0x00007ffe2607b000 	C:\WINDOWS\system32\IMM32.DLL
0x0000000066440000 - 0x0000000066511000 	C:\Program Files\Java\jdk1.8.0_102\jre\bin\msvcr100.dll
0x00000000651f0000 - 0x0000000065a8a000 	C:\Program Files\Java\jdk1.8.0_102\jre\bin\server\jvm.dll
0x00007ffe26200000 - 0x00007ffe26208000 	C:\WINDOWS\system32\PSAPI.DLL
0x00007ffe0e270000 - 0x00007ffe0e279000 	C:\WINDOWS\SYSTEM32\WSOCK32.dll
0x00007ffe28050000 - 0x00007ffe280bb000 	C:\WINDOWS\system32\WS2_32.dll
0x00007ffe22c80000 - 0x00007ffe22ca3000 	C:\WINDOWS\SYSTEM32\WINMM.dll
0x00007ffe18d60000 - 0x00007ffe18d6a000 	C:\WINDOWS\SYSTEM32\VERSION.dll
0x00007ffe22c20000 - 0x00007ffe22c4c000 	C:\WINDOWS\SYSTEM32\WINMMBASE.dll
0x00007ffe253a0000 - 0x00007ffe253e3000 	C:\WINDOWS\system32\cfgmgr32.dll
0x0000000066430000 - 0x000000006643f000 	C:\Program Files\Java\jdk1.8.0_102\jre\bin\verify.dll
0x0000000066400000 - 0x0000000066429000 	C:\Program Files\Java\jdk1.8.0_102\jre\bin\java.dll
0x00000000663e0000 - 0x00000000663f6000 	C:\Program Files\Java\jdk1.8.0_102\jre\bin\zip.dll
0x00007ffe26910000 - 0x00007ffe27e6c000 	C:\WINDOWS\system32\SHELL32.dll
0x00007ffe24cf0000 - 0x00007ffe25335000 	C:\WINDOWS\system32\windows.storage.dll
0x00007ffe26750000 - 0x00007ffe267a2000 	C:\WINDOWS\system32\shlwapi.dll
0x00007ffe24a30000 - 0x00007ffe24a3f000 	C:\WINDOWS\system32\kernel.appcore.dll
0x00007ffe253f0000 - 0x00007ffe254a5000 	C:\WINDOWS\system32\shcore.dll
0x00007ffe24a40000 - 0x00007ffe24a8b000 	C:\WINDOWS\system32\powrprof.dll
0x00007ffe24a00000 - 0x00007ffe24a14000 	C:\WINDOWS\system32\profapi.dll

VM Arguments:
jvm_args: -Djava.awt.headless=true -Xmx1024M -Dfile.encoding=windows-1252 -Duser.country=US -Duser.language=en -Duser.variant 
java_command: com.android.dx.command.Main --dex --force-jumbo --num-threads=4 --multi-dex --output C:\Users\User\AndroidStudioProjects\MyFirstApp\app\build\intermediates\transforms\dex\debug\folders\1000\5\slice_6 C:\Users\User\AndroidStudioProjects\MyFirstApp\app\build\intermediates\transforms\instantRunSlicer\debug\folders\1\5\slice_6
java_class_path (initial): C:\Users\User\AppData\Local\Android\sdk\build-tools\24.0.1\lib\dx.jar
Launcher Type: SUN_STANDARD

Environment Variables:
PATH=C:\ProgramData\Oracle\Java\javapath;C:\Program Files (x86)\HP SimplePass\x64;C:\Program Files (x86)\HP SimplePass\;;C:\WINDOWS\system32;C:\WINDOWS;C:\WINDOWS\System32\Wbem;C:\WINDOWS\System32\WindowsPowerShell\v1.0\;C:\Program Files (x86)\ATI Technologies\ATI.ACE\Core-Static;C:\Program Files (x86)\Skype\Phone\;C:\Program Files (x86)\AMD\ATI.ACE\Core-Static;C:\Program Files (x86)\GtkSharp\2.12\bin;C:\adb;C:\Program Files (x86)\Windows Live\Shared
USERNAME=Tolani
OS=Windows_NT
PROCESSOR_IDENTIFIER=Intel64 Family 6 Model 58 Stepping 9, GenuineIntel



---------------  S Y S T E M  ---------------

OS: Windows 10.0 , 64 bit Build 10586 (10.0.10586.589)

CPU:total 4 (2 cores per cpu, 2 threads per core) family 6 model 58 stepping 9, cmov, cx8, fxsr, mmx, sse, sse2, sse3, ssse3, sse4.1, sse4.2, popcnt, avx, aes, clmul, erms, ht, tsc, tscinvbit, tscinv

Memory: 4k page, physical 6191420k(1085984k free), swap 7882044k(5160k free)

vm_info: Java HotSpot(TM) 64-Bit Server VM (25.102-b14) for windows-amd64 JRE (1.8.0_102-b14), built on Jun 22 2016 13:15:21 by "java_re" with MS VC++ 10.0 (VS2010)

time: Sun Oct 23 00:35:14 2016
elapsed time: 1 seconds (0d 0h 0m 1s)

