#
# There is insufficient memory for the Java Runtime Environment to continue.
# Native memory allocation (malloc) failed to allocate 216736 bytes for Chunk::new
# Possible reasons:
#   The system is out of physical RAM or swap space
#   In 32 bit mode, the process size limit was hit
# Possible solutions:
#   Reduce memory load on the system
#   Increase physical memory or swap space
#   Check if swap backing store is full
#   Use 64 bit Java on a 64 bit OS
#   Decrease Java heap size (-Xmx/-Xms)
#   Decrease number of Java threads
#   Decrease Java thread stack sizes (-Xss)
#   Set larger code cache with -XX:ReservedCodeCacheSize=
# This output file may be truncated or incomplete.
#
#  Out of Memory Error (allocation.cpp:390), pid=10116, tid=0x0000000000001b70
#
# JRE version: Java(TM) SE Runtime Environment (8.0_102-b14) (build 1.8.0_102-b14)
# Java VM: Java HotSpot(TM) 64-Bit Server VM (25.102-b14 mixed mode windows-amd64 compressed oops)
# Failed to write core dump. Minidumps are not enabled by default on client versions of Windows
#

---------------  T H R E A D  ---------------

Current thread (0x0000000014790800):  JavaThread "C2 CompilerThread1" daemon [_thread_in_native, id=7024, stack(0x0000000015ed0000,0x0000000015fd0000)]

Stack: [0x0000000015ed0000,0x0000000015fd0000]
[error occurred during error reporting (printing stack bounds), id 0xc0000005]

Native frames: (J=compiled Java code, j=interpreted, Vv=VM code, C=native code)


Current CompileTask:
C2:    820  550       4       com.android.dx.ssa.NormalSsaInsn::accept (25 bytes)


---------------  P R O C E S S  ---------------

Java Threads: ( => current thread )
  0x000000001638e800 JavaThread "pool-2-thread-4" [_thread_in_vm, id=5972, stack(0x0000000016ad0000,0x0000000016bd0000)]
  0x0000000016275800 JavaThread "pool-2-thread-3" [_thread_in_Java, id=11088, stack(0x00000000169d0000,0x0000000016ad0000)]
  0x0000000016266800 JavaThread "pool-2-thread-2" [_thread_in_Java, id=1664, stack(0x00000000168d0000,0x00000000169d0000)]
  0x0000000016260000 JavaThread "pool-3-thread-1" [_thread_blocked, id=11180, stack(0x00000000167d0000,0x00000000168d0000)]
  0x0000000016204000 JavaThread "pool-2-thread-1" [_thread_in_Java, id=7796, stack(0x00000000166d0000,0x00000000167d0000)]
  0x00000000160f1800 JavaThread "Service Thread" daemon [_thread_blocked, id=4840, stack(0x00000000164d0000,0x00000000165d0000)]
  0x00000000147e4000 JavaThread "C1 CompilerThread2" daemon [_thread_blocked, id=10588, stack(0x0000000015fd0000,0x00000000160d0000)]
=>0x0000000014790800 JavaThread "C2 CompilerThread1" daemon [_thread_in_native, id=7024, stack(0x0000000015ed0000,0x0000000015fd0000)]
  0x000000001478e800 JavaThread "C2 CompilerThread0" daemon [_thread_blocked, id=10664, stack(0x0000000015dd0000,0x0000000015ed0000)]
  0x000000001478b800 JavaThread "Attach Listener" daemon [_thread_blocked, id=10872, stack(0x0000000015cd0000,0x0000000015dd0000)]
  0x000000001478a800 JavaThread "Signal Dispatcher" daemon [_thread_blocked, id=1064, stack(0x0000000015bd0000,0x0000000015cd0000)]
  0x00000000020bb800 JavaThread "Finalizer" daemon [_thread_blocked, id=8188, stack(0x00000000159f0000,0x0000000015af0000)]
  0x00000000020b1000 JavaThread "Reference Handler" daemon [_thread_blocked, id=9016, stack(0x00000000158f0000,0x00000000159f0000)]
  0x0000000001fc0800 JavaThread "main" [_thread_in_Java, id=6660, stack(0x0000000001e20000,0x0000000001f20000)]

Other Threads:
  0x0000000014757000 VMThread [stack: 0x00000000157f0000,0x00000000158f0000] [id=8460]
  0x00000000160f2000 WatcherThread [stack: 0x00000000165d0000,0x00000000166d0000] [id=4680]

VM state:not at safepoint (normal execution)

VM Mutex/Monitor currently owned by a thread: None

Heap:
 PSYoungGen      total 28672K, used 19466K [0x00000000eab00000, 0x00000000ecb00000, 0x0000000100000000)
  eden space 24576K, 79% used [0x00000000eab00000,0x00000000ebe029a0,0x00000000ec300000)
  from space 4096K, 0% used [0x00000000ec700000,0x00000000ec700000,0x00000000ecb00000)
  to   space 4096K, 0% used [0x00000000ec300000,0x00000000ec300000,0x00000000ec700000)
 ParOldGen       total 65536K, used 0K [0x00000000c0000000, 0x00000000c4000000, 0x00000000eab00000)
  object space 65536K, 0% used [0x00000000c0000000,0x00000000c0000000,0x00000000c4000000)
 Metaspace       used 5531K, capacity 6704K, committed 6784K, reserved 1056768K
  class space    used 577K, capacity 616K, committed 640K, reserved 1048576K

Card table byte_map: [0x0000000011480000,0x0000000011690000] byte_map_base: 0x0000000010e80000

Marking Bits: (ParMarkBitMap*) 0x0000000064cfa6c0
 Begin Bits: [0x0000000011bf0000, 0x0000000012bf0000)
 End Bits:   [0x0000000012bf0000, 0x0000000013bf0000)

Polling page: 0x0000000000620000

CodeCache: size=245760Kb used=2551Kb max_used=2551Kb free=243208Kb
 bounds [0x00000000020c0000, 0x0000000002340000, 0x00000000110c0000]
 total_blobs=842 nmethods=579 adapters=175
 compilation: disabled (not enough contiguous free space left)

Compilation events (10 events):
Event: 0.589 Thread 0x00000000147e4000  580       3       java.util.ArrayList::subListRangeCheck (110 bytes)
Event: 0.591 Thread 0x00000000147e4000 nmethod 580 0x000000000233b390 code [0x000000000233b6c0, 0x000000000233d008]
Event: 0.591 Thread 0x00000000147e4000  594       3       com.android.dx.ssa.SsaMethod::bitSetFromLabelList (47 bytes)
Event: 0.591 Thread 0x00000000147e4000 nmethod 594 0x000000000233dbd0 code [0x000000000233dd80, 0x000000000233e4f8]
Event: 0.591 Thread 0x00000000147e4000  595       3       com.android.dx.ssa.SsaInsn::<init> (29 bytes)
Event: 0.591 Thread 0x00000000147e4000 nmethod 595 0x000000000233e810 code [0x000000000233e980, 0x000000000233ec48]
Event: 0.591 Thread 0x00000000147e4000  593       3       com.android.dx.ssa.NormalSsaInsn::<init> (15 bytes)
Event: 0.592 Thread 0x00000000147e4000 nmethod 593 0x000000000233ed50 code [0x000000000233eee0, 0x000000000233f2e8]
Event: 0.592 Thread 0x00000000147e4000  587       3       com.android.dx.rop.code.RopMethod::labelToPredecessors (54 bytes)
Event: 0.592 Thread 0x00000000147e4000 


GC Heap History (0 events):
No events

Deoptimization events (9 events):
Event: 0.362 Thread 0x0000000016275800 Uncommon trap: reason=bimorphic action=maybe_recompile pc=0x000000000224e080 method=java.util.HashMap.getNode(ILjava/lang/Object;)Ljava/util/HashMap$Node; @ 59
Event: 0.362 Thread 0x0000000001fc0800 Uncommon trap: reason=bimorphic action=maybe_recompile pc=0x000000000224e080 method=java.util.HashMap.getNode(ILjava/lang/Object;)Ljava/util/HashMap$Node; @ 59
Event: 0.362 Thread 0x000000001638e800 Uncommon trap: reason=bimorphic action=maybe_recompile pc=0x000000000224e080 method=java.util.HashMap.getNode(ILjava/lang/Object;)Ljava/util/HashMap$Node; @ 59
Event: 0.364 Thread 0x0000000016266800 Uncommon trap: reason=bimorphic action=maybe_recompile pc=0x000000000224e080 method=java.util.HashMap.getNode(ILjava/lang/Object;)Ljava/util/HashMap$Node; @ 59
Event: 0.375 Thread 0x0000000016204000 Uncommon trap: reason=class_check action=maybe_recompile pc=0x0000000002276be4 method=java.util.HashMap.getNode(ILjava/lang/Object;)Ljava/util/HashMap$Node; @ 126
Event: 0.375 Thread 0x0000000016204000 Uncommon trap: reason=class_check action=maybe_recompile pc=0x0000000002276be4 method=java.util.HashMap.getNode(ILjava/lang/Object;)Ljava/util/HashMap$Node; @ 126
Event: 0.375 Thread 0x0000000016204000 Uncommon trap: reason=class_check action=maybe_recompile pc=0x0000000002276be4 method=java.util.HashMap.getNode(ILjava/lang/Object;)Ljava/util/HashMap$Node; @ 126
Event: 0.376 Thread 0x000000001638e800 Uncommon trap: reason=class_check action=maybe_recompile pc=0x0000000002276be4 method=java.util.HashMap.getNode(ILjava/lang/Object;)Ljava/util/HashMap$Node; @ 126
Event: 0.417 Thread 0x0000000016204000 Uncommon trap: reason=unstable_if action=reinterpret pc=0x000000000229c5c8 method=java.util.HashMap.getNode(ILjava/lang/Object;)Ljava/util/HashMap$Node; @ 62

Internal exceptions (2 events):
Event: 0.040 Thread 0x0000000001fc0800 Exception <a 'java/lang/NoSuchMethodError': Method sun.misc.Unsafe.defineClass(Ljava/lang/String;[BII)Ljava/lang/Class; name or signature does not match> (0x00000000eab07c78) thrown at [C:\re\workspace\8-2-build-windows-amd64-cygwin\jdk8u102\7268\hotspot\s÷¿}hë§?
Event: 0.040 Thread 0x0000000001fc0800 Exception <a 'java/lang/NoSuchMethodError': Method sun.misc.Unsafe.prefetchRead(Ljava/lang/Object;J)V name or signature does not match> (0x00000000eab07f60) thrown at [C:\re\workspace\8-2-build-windows-amd64-cygwin\jdk8u102\7268\hotspot\src\share\vm\prims\

Events (10 events):
Event: 0.544 loading class com/android/dx/dex/file/MethodIdItem
Event: 0.544 loading class com/android/dx/dex/file/MethodIdItem done
Event: 0.557 loading class com/android/dx/ssa/back/FirstFitLocalCombiningAllocator$Multiset
Event: 0.557 loading class com/android/dx/ssa/back/FirstFitLocalCombiningAllocator$Multiset done
Event: 0.558 loading class java/util/DualPivotQuicksort
Event: 0.558 loading class java/util/DualPivotQuicksort done
Event: 0.572 loading class com/android/dx/cf/code/SwitchList
Event: 0.572 loading class com/android/dx/cf/code/SwitchList done
Event: 0.597 Executing VM operation: ForceSafepoint
Event: 0.606 Executing VM operation: ForceSafepoint done


Dynamic libraries:
0x00007ff6ded60000 - 0x00007ff6ded97000 	C:\Program Files\Java\jdk1.8.0_102\bin\java.exe
0x00007ffda4890000 - 0x00007ffda4a51000 	C:\WINDOWS\SYSTEM32\ntdll.dll
0x00007ffda10c0000 - 0x00007ffda116d000 	C:\WINDOWS\system32\KERNEL32.DLL
0x00007ffd91940000 - 0x00007ffd91994000 	C:\Program Files (x86)\AVG\Av\avghooka.dll
0x00007ffd9ff60000 - 0x00007ffda0148000 	C:\WINDOWS\system32\KERNELBASE.dll
0x00007ffda34f0000 - 0x00007ffda3597000 	C:\WINDOWS\system32\ADVAPI32.dll
0x00007ffda32c0000 - 0x00007ffda335d000 	C:\WINDOWS\system32\msvcrt.dll
0x00007ffda0f40000 - 0x00007ffda0f9b000 	C:\WINDOWS\system32\sechost.dll
0x00007ffda0fa0000 - 0x00007ffda10bc000 	C:\WINDOWS\system32\RPCRT4.dll
0x00007ffda2f20000 - 0x00007ffda3076000 	C:\WINDOWS\system32\USER32.dll
0x00007ffda1180000 - 0x00007ffda1306000 	C:\WINDOWS\system32\GDI32.dll
0x00007ffd94ba0000 - 0x00007ffd94e14000 	C:\WINDOWS\WinSxS\amd64_microsoft.windows.common-controls_6595b64144ccf1df_6.0.10586.672_none_a2d6b3cea53ff843\COMCTL32.dll
0x00007ffda1470000 - 0x00007ffda16ed000 	C:\WINDOWS\system32\combase.dll
0x00007ffda0220000 - 0x00007ffda028a000 	C:\WINDOWS\system32\bcryptPrimitives.dll
0x00007ffda0e30000 - 0x00007ffda0e6b000 	C:\WINDOWS\system32\IMM32.DLL
0x0000000065730000 - 0x0000000065801000 	C:\Program Files\Java\jdk1.8.0_102\jre\bin\msvcr100.dll
0x00000000644e0000 - 0x0000000064d7a000 	C:\Program Files\Java\jdk1.8.0_102\jre\bin\server\jvm.dll
0x00007ffda1170000 - 0x00007ffda1178000 	C:\WINDOWS\system32\PSAPI.DLL
0x00007ffd91930000 - 0x00007ffd91939000 	C:\WINDOWS\SYSTEM32\WSOCK32.dll
0x00007ffda33d0000 - 0x00007ffda343b000 	C:\WINDOWS\system32\WS2_32.dll
0x00007ffd9df30000 - 0x00007ffd9df53000 	C:\WINDOWS\SYSTEM32\WINMM.dll
0x00007ffd92d40000 - 0x00007ffd92d4a000 	C:\WINDOWS\SYSTEM32\VERSION.dll
0x00007ffd9ded0000 - 0x00007ffd9defc000 	C:\WINDOWS\SYSTEM32\WINMMBASE.dll
0x00007ffda01d0000 - 0x00007ffda0213000 	C:\WINDOWS\system32\cfgmgr32.dll
0x0000000065720000 - 0x000000006572f000 	C:\Program Files\Java\jdk1.8.0_102\jre\bin\verify.dll
0x00000000656f0000 - 0x0000000065719000 	C:\Program Files\Java\jdk1.8.0_102\jre\bin\java.dll
0x00000000656d0000 - 0x00000000656e6000 	C:\Program Files\Java\jdk1.8.0_102\jre\bin\zip.dll
0x00007ffda16f0000 - 0x00007ffda2c4c000 	C:\WINDOWS\system32\SHELL32.dll
0x00007ffda0290000 - 0x00007ffda08d5000 	C:\WINDOWS\system32\windows.storage.dll
0x00007ffda0e70000 - 0x00007ffda0ec2000 	C:\WINDOWS\system32\shlwapi.dll
0x00007ffd9fc40000 - 0x00007ffd9fc4f000 	C:\WINDOWS\system32\kernel.appcore.dll
0x00007ffda08e0000 - 0x00007ffda0995000 	C:\WINDOWS\system32\shcore.dll
0x00007ffd9fbc0000 - 0x00007ffd9fc0b000 	C:\WINDOWS\system32\powrprof.dll
0x00007ffd9fc10000 - 0x00007ffd9fc24000 	C:\WINDOWS\system32\profapi.dll

VM Arguments:
jvm_args: -Djava.awt.headless=true -Xmx1024M -Dfile.encoding=windows-1252 -Duser.country=US -Duser.language=en -Duser.variant 
java_command: com.android.dx.command.Main --dex --force-jumbo --num-threads=4 --multi-dex --output C:\Users\User\AndroidStudioProjects\MyFirstApp\app\build\intermediates\transforms\dex\debug\folders\1000\5\slice_6 C:\Users\User\AndroidStudioProjects\MyFirstApp\app\build\intermediates\transforms\instantRunSlicer\debug\folders\1\5\slice_6
java_class_path (initial): C:\Users\User\AppData\Local\Android\sdk\build-tools\24.0.3\lib\dx.jar
Launcher Type: SUN_STANDARD

Environment Variables:
PATH=C:\SynaptiCAD\bin\win32;C:\ProgramData\Oracle\Java\javapath;C:\Program Files (x86)\HP SimplePass\x64;C:\Program Files (x86)\HP SimplePass\;;C:\WINDOWS\system32;C:\WINDOWS;C:\WINDOWS\System32\Wbem;C:\WINDOWS\System32\WindowsPowerShell\v1.0\;C:\Program Files (x86)\ATI Technologies\ATI.ACE\Core-Static;C:\Program Files (x86)\Skype\Phone\;C:\Program Files (x86)\AMD\ATI.ACE\Core-Static;C:\Program Files (x86)\GtkSharp\2.12\bin;C:\adb;C:\Program Files (x86)\Windows Live\Shared;C:\SynaptiCAD\bin
USERNAME=Tolani
OS=Windows_NT
PROCESSOR_IDENTIFIER=Intel64 Family 6 Model 58 Stepping 9, GenuineIntel



---------------  S Y S T E M  ---------------

OS: Windows 10.0 , 64 bit Build 10586 (10.0.10586.589)

CPU:total 4 (2 cores per cpu, 2 threads per core) family 6 model 58 stepping 9, cmov, cx8, fxsr, mmx, sse, sse2, sse3, ssse3, sse4.1, sse4.2, popcnt, avx, aes, clmul, erms, ht, tsc, tscinvbit, tscinv

Memory: 4k page, physical 6191420k(660648k free), swap 7882044k(14384k free)

vm_info: Java HotSpot(TM) 64-Bit Server VM (25.102-b14) for windows-amd64 JRE (1.8.0_102-b14), built on Jun 22 2016 13:15:21 by "java_re" with MS VC++ 10.0 (VS2010)

time: Wed Dec 07 23:23:59 2016
elapsed time: 0 seconds (0d 0h 0m 0s)

