#
# There is insufficient memory for the Java Runtime Environment to continue.
# Native memory allocation (malloc) failed to allocate 177936 bytes for Chunk::new
# Possible reasons:
#   The system is out of physical RAM or swap space
#   In 32 bit mode, the process size limit was hit
# Possible solutions:
#   Reduce memory load on the system
#   Increase physical memory or swap space
#   Check if swap backing store is full
#   Use 64 bit Java on a 64 bit OS
#   Decrease Java heap size (-Xmx/-Xms)
#   Decrease number of Java threads
#   Decrease Java thread stack sizes (-Xss)
#   Set larger code cache with -XX:ReservedCodeCacheSize=
# This output file may be truncated or incomplete.
#
#  Out of Memory Error (allocation.cpp:390), pid=6256, tid=0x00000000000025cc
#
# JRE version: Java(TM) SE Runtime Environment (8.0_102-b14) (build 1.8.0_102-b14)
# Java VM: Java HotSpot(TM) 64-Bit Server VM (25.102-b14 mixed mode windows-amd64 compressed oops)
# Failed to write core dump. Minidumps are not enabled by default on client versions of Windows
#

---------------  T H R E A D  ---------------

Current thread (0x0000000014d3f800):  JavaThread "C2 CompilerThread1" daemon [_thread_in_native, id=9676, stack(0x0000000016490000,0x0000000016590000)]

Stack: [0x0000000016490000,0x0000000016590000]
[error occurred during error reporting (printing stack bounds), id 0xc0000005]

Native frames: (J=compiled Java code, j=interpreted, Vv=VM code, C=native code)


Current CompileTask:
C2:   2363 1127       4       com.android.dx.ssa.back.LivenessAnalyzer::handleTailRecursion (94 bytes)


---------------  P R O C E S S  ---------------

Java Threads: ( => current thread )
  0x000000001682a000 JavaThread "pool-2-thread-4" [_thread_blocked, id=1500, stack(0x0000000017090000,0x0000000017190000)]
  0x0000000016825000 JavaThread "pool-2-thread-3" [_thread_in_Java, id=8224, stack(0x0000000016f90000,0x0000000017090000)]
  0x0000000016820800 JavaThread "pool-2-thread-2" [_thread_in_Java, id=8496, stack(0x0000000016e90000,0x0000000016f90000)]
  0x000000001681d000 JavaThread "pool-3-thread-1" [_thread_blocked, id=7856, stack(0x0000000016d90000,0x0000000016e90000)]
  0x0000000016815800 JavaThread "pool-2-thread-1" [_thread_blocked, id=10004, stack(0x0000000016c90000,0x0000000016d90000)]
  0x000000001659d000 JavaThread "Service Thread" daemon [_thread_blocked, id=5272, stack(0x0000000016a90000,0x0000000016b90000)]
  0x0000000016598800 JavaThread "C1 CompilerThread2" daemon [_thread_in_native, id=2392, stack(0x0000000016990000,0x0000000016a90000)]
=>0x0000000014d3f800 JavaThread "C2 CompilerThread1" daemon [_thread_in_native, id=9676, stack(0x0000000016490000,0x0000000016590000)]
  0x0000000014d3d800 JavaThread "C2 CompilerThread0" daemon [_thread_in_native, id=2992, stack(0x0000000016390000,0x0000000016490000)]
  0x0000000014d3a800 JavaThread "Attach Listener" daemon [_thread_blocked, id=5456, stack(0x0000000016290000,0x0000000016390000)]
  0x0000000014d39800 JavaThread "Signal Dispatcher" daemon [_thread_blocked, id=10244, stack(0x0000000016190000,0x0000000016290000)]
  0x0000000014d2a000 JavaThread "Finalizer" daemon [_thread_blocked, id=8708, stack(0x0000000015fb0000,0x00000000160b0000)]
  0x0000000014d09000 JavaThread "Reference Handler" daemon [_thread_blocked, id=10268, stack(0x0000000015eb0000,0x0000000015fb0000)]
  0x0000000002520800 JavaThread "main" [_thread_blocked, id=7088, stack(0x00000000023f0000,0x00000000024f0000)]

Other Threads:
  0x0000000014d07000 VMThread [stack: 0x0000000015db0000,0x0000000015eb0000] [id=2076]
  0x00000000165a1000 WatcherThread [stack: 0x0000000016b90000,0x0000000016c90000] [id=6000]

VM state:not at safepoint (normal execution)

VM Mutex/Monitor currently owned by a thread: None

Heap:
 PSYoungGen      total 28672K, used 9904K [0x00000000eab00000, 0x00000000ecb00000, 0x0000000100000000)
  eden space 24576K, 23% used [0x00000000eab00000,0x00000000eb0b33c8,0x00000000ec300000)
  from space 4096K, 99% used [0x00000000ec300000,0x00000000ec6f8d30,0x00000000ec700000)
  to   space 4096K, 0% used [0x00000000ec700000,0x00000000ec700000,0x00000000ecb00000)
 ParOldGen       total 65536K, used 473K [0x00000000c0000000, 0x00000000c4000000, 0x00000000eab00000)
  object space 65536K, 0% used [0x00000000c0000000,0x00000000c00765c0,0x00000000c4000000)
 Metaspace       used 6011K, capacity 6898K, committed 7040K, reserved 1056768K
  class space    used 601K, capacity 618K, committed 640K, reserved 1048576K

Card table byte_map: [0x0000000011a30000,0x0000000011c40000] byte_map_base: 0x0000000011430000

Marking Bits: (ParMarkBitMap*) 0x000000007752a6c0
 Begin Bits: [0x00000000121a0000, 0x00000000131a0000)
 End Bits:   [0x00000000131a0000, 0x00000000141a0000)

Polling page: 0x0000000000cb0000

CodeCache: size=245760Kb used=4837Kb max_used=4840Kb free=240922Kb
 bounds [0x0000000002670000, 0x0000000002b40000, 0x0000000011670000]
 total_blobs=1494 nmethods=1223 adapters=182
 compilation: enabled

Compilation events (10 events):
Event: 2.314 Thread 0x0000000016598800 nmethod 1138 0x0000000002ac6910 code [0x0000000002ac6a80, 0x0000000002ac6ce8]
Event: 2.315 Thread 0x0000000016598800 1139       3       java.util.HashMap$HashIterator::hasNext (13 bytes)
Event: 2.315 Thread 0x0000000016598800 nmethod 1139 0x0000000002ac6590 code [0x0000000002ac66e0, 0x0000000002ac6890]
Event: 2.315 Thread 0x0000000016598800 1140  s    3       com.android.dx.dex.file.MethodIdsSection::intern (55 bytes)
Event: 2.316 Thread 0x0000000016598800 nmethod 1140 0x0000000002ab8790 code [0x0000000002ab89c0, 0x0000000002ab96e8]
Event: 2.316 Thread 0x0000000016598800 1141       3       com.android.dx.cf.code.BasicBlocker::visitThrowing (59 bytes)
Event: 2.317 Thread 0x0000000016598800 nmethod 1141 0x0000000002ac7310 code [0x0000000002ac7500, 0x0000000002ac7f98]
Event: 2.318 Thread 0x0000000016598800 1142       3       com.android.dx.cf.code.Simulator$SimVisitor::visitLocal (329 bytes)
Event: 2.321 Thread 0x0000000016598800 nmethod 1142 0x0000000002ac86d0 code [0x0000000002ac8b00, 0x0000000002acb798]
Event: 2.322 Thread 0x0000000016598800 1143       3       com.android.dx.cf.code.Simulator$SimVisitor::visitNoArgs (2136 bytes)

GC Heap History (2 events):
Event: 2.187 GC heap before
{Heap before GC invocations=1 (full 0):
 PSYoungGen      total 28672K, used 24576K [0x00000000eab00000, 0x00000000ecb00000, 0x0000000100000000)
  eden space 24576K, 100% used [0x00000000eab00000,0x00000000ec300000,0x00000000ec300000)
  from space 4096K, 0% used [0x00000000ec700000,0x00000000ec700000,0x00000000ecb00000)
  to   space 4096K, 0% used [0x00000000ec300000,0x00000000ec300000,0x00000000ec700000)
 ParOldGen       total 65536K, used 0K [0x00000000c0000000, 0x00000000c4000000, 0x00000000eab00000)
  object space 65536K, 0% used [0x00000000c0000000,0x00000000c0000000,0x00000000c4000000)
 Metaspace       used 5917K, capacity 6832K, committed 7040K, reserved 1056768K
  class space    used 600K, capacity 616K, committed 640K, reserved 1048576K
Event: 2.237 GC heap after
Heap after GC invocations=1 (full 0):
 PSYoungGen      total 28672K, used 4067K [0x00000000eab00000, 0x00000000ecb00000, 0x0000000100000000)
  eden space 24576K, 0% used [0x00000000eab00000,0x00000000eab00000,0x00000000ec300000)
  from space 4096K, 99% used [0x00000000ec300000,0x00000000ec6f8d30,0x00000000ec700000)
  to   space 4096K, 0% used [0x00000000ec700000,0x00000000ec700000,0x00000000ecb00000)
 ParOldGen       total 65536K, used 473K [0x00000000c0000000, 0x00000000c4000000, 0x00000000eab00000)
  object space 65536K, 0% used [0x00000000c0000000,0x00000000c00765c0,0x00000000c4000000)
 Metaspace       used 5917K, capacity 6832K, committed 7040K, reserved 1056768K
  class space    used 600K, capacity 616K, committed 640K, reserved 1048576K
}

Deoptimization events (3 events):
Event: 0.689 Thread 0x0000000002520800 Uncommon trap: reason=unstable_if action=reinterpret pc=0x00000000027be714 method=java.lang.String.compareTo(Ljava/lang/String;)I @ 38
Event: 1.983 Thread 0x0000000016815800 Uncommon trap: reason=unstable_if action=reinterpret pc=0x00000000029ab59c method=com.android.dx.rop.cst.Constant.compareTo(Lcom/android/dx/rop/cst/Constant;)I @ 12
Event: 2.281 Thread 0x0000000016825000 Uncommon trap: reason=unstable_if action=reinterpret pc=0x00000000029ff13c method=com.android.dx.rop.code.LocalItem.hashCode()I @ 25

Internal exceptions (2 events):
Event: 0.089 Thread 0x0000000002520800 Exception <a 'java/lang/NoSuchMethodError': Method sun.misc.Unsafe.defineClass(Ljava/lang/String;[BII)Ljava/lang/Class; name or signature does not match> (0x00000000eab07c78) thrown at [C:\re\workspace\8-2-build-windows-amd64-cygwin\jdk8u102\7268\hotspot\s¶ÉQì¶?
Event: 0.090 Thread 0x0000000002520800 Exception <a 'java/lang/NoSuchMethodError': Method sun.misc.Unsafe.prefetchRead(Ljava/lang/Object;J)V name or signature does not match> (0x00000000eab07f60) thrown at [C:\re\workspace\8-2-build-windows-amd64-cygwin\jdk8u102\7268\hotspot\src\share\vm\prims\

Events (10 events):
Event: 1.979 loading class java/util/DualPivotQuicksort
Event: 1.979 loading class java/util/DualPivotQuicksort done
Event: 1.983 Thread 0x0000000016815800 Uncommon trap: trap_request=0xffffff65 fr.pc=0x00000000029ab59c
Event: 1.983 Thread 0x0000000016815800 DEOPT PACKING pc=0x00000000029ab59c sp=0x0000000016d8e6a0
Event: 1.983 Thread 0x0000000016815800 DEOPT UNPACKING pc=0x00000000026b582a sp=0x0000000016d8e640 mode 2
Event: 2.018 Executing VM operation: ParallelGCFailedAllocation
Event: 2.237 Executing VM operation: ParallelGCFailedAllocation done
Event: 2.281 Thread 0x0000000016825000 Uncommon trap: trap_request=0xffffff65 fr.pc=0x00000000029ff13c
Event: 2.281 Thread 0x0000000016825000 DEOPT PACKING pc=0x00000000029ff13c sp=0x000000001708e210
Event: 2.281 Thread 0x0000000016825000 DEOPT UNPACKING pc=0x00000000026b582a sp=0x000000001708e078 mode 2


Dynamic libraries:
0x00007ff71aa70000 - 0x00007ff71aaa7000 	C:\Program Files\Java\jdk1.8.0_102\bin\java.exe
0x00007ffea2f40000 - 0x00007ffea3101000 	C:\WINDOWS\SYSTEM32\ntdll.dll
0x00007ffe9f050000 - 0x00007ffe9f0fd000 	C:\WINDOWS\system32\KERNEL32.DLL
0x00007ffe93fa0000 - 0x00007ffe93fd3000 	C:\Program Files (x86)\AVG\Av\avghooka.dll
0x00007ffe9e750000 - 0x00007ffe9e938000 	C:\WINDOWS\system32\KERNELBASE.dll
0x00007ffe9f800000 - 0x00007ffe9f8a7000 	C:\WINDOWS\system32\ADVAPI32.dll
0x00007ffe9fa70000 - 0x00007ffe9fb0d000 	C:\WINDOWS\system32\msvcrt.dll
0x00007ffea17f0000 - 0x00007ffea184b000 	C:\WINDOWS\system32\sechost.dll
0x00007ffe9fc70000 - 0x00007ffe9fd8c000 	C:\WINDOWS\system32\RPCRT4.dll
0x00007ffea1850000 - 0x00007ffea19a6000 	C:\WINDOWS\system32\USER32.dll
0x00007ffe9f100000 - 0x00007ffe9f286000 	C:\WINDOWS\system32\GDI32.dll
0x00007ffe8ae00000 - 0x00007ffe8b074000 	C:\WINDOWS\WinSxS\amd64_microsoft.windows.common-controls_6595b64144ccf1df_6.0.10586.672_none_a2d6b3cea53ff843\COMCTL32.dll
0x00007ffe9f360000 - 0x00007ffe9f5dd000 	C:\WINDOWS\system32\combase.dll
0x00007ffe9e6e0000 - 0x00007ffe9e74a000 	C:\WINDOWS\system32\bcryptPrimitives.dll
0x00007ffea1c10000 - 0x00007ffea1c4b000 	C:\WINDOWS\system32\IMM32.DLL
0x00000000775b0000 - 0x0000000077681000 	C:\Program Files\Java\jdk1.8.0_102\jre\bin\msvcr100.dll
0x0000000076d10000 - 0x00000000775aa000 	C:\Program Files\Java\jdk1.8.0_102\jre\bin\server\jvm.dll
0x00007ffea19b0000 - 0x00007ffea19b8000 	C:\WINDOWS\system32\PSAPI.DLL
0x00007ffe8e920000 - 0x00007ffe8e929000 	C:\WINDOWS\SYSTEM32\WSOCK32.dll
0x00007ffea1ad0000 - 0x00007ffea1b3b000 	C:\WINDOWS\system32\WS2_32.dll
0x00007ffe9b670000 - 0x00007ffe9b693000 	C:\WINDOWS\SYSTEM32\WINMM.dll
0x00007ffe93120000 - 0x00007ffe9312a000 	C:\WINDOWS\SYSTEM32\VERSION.dll
0x00007ffe9b610000 - 0x00007ffe9b63c000 	C:\WINDOWS\SYSTEM32\WINMMBASE.dll
0x00007ffe9e360000 - 0x00007ffe9e3a3000 	C:\WINDOWS\system32\cfgmgr32.dll
0x0000000076d00000 - 0x0000000076d0f000 	C:\Program Files\Java\jdk1.8.0_102\jre\bin\verify.dll
0x0000000076cd0000 - 0x0000000076cf9000 	C:\Program Files\Java\jdk1.8.0_102\jre\bin\java.dll
0x0000000076cb0000 - 0x0000000076cc6000 	C:\Program Files\Java\jdk1.8.0_102\jre\bin\zip.dll
0x00007ffea0230000 - 0x00007ffea178c000 	C:\WINDOWS\system32\SHELL32.dll
0x00007ffe9ea00000 - 0x00007ffe9f045000 	C:\WINDOWS\system32\windows.storage.dll
0x00007ffe9f7a0000 - 0x00007ffe9f7f2000 	C:\WINDOWS\system32\shlwapi.dll
0x00007ffe9e2f0000 - 0x00007ffe9e2ff000 	C:\WINDOWS\system32\kernel.appcore.dll
0x00007ffe9e940000 - 0x00007ffe9e9f5000 	C:\WINDOWS\system32\shcore.dll
0x00007ffe9e290000 - 0x00007ffe9e2db000 	C:\WINDOWS\system32\powrprof.dll
0x00007ffe9e270000 - 0x00007ffe9e284000 	C:\WINDOWS\system32\profapi.dll

VM Arguments:
jvm_args: -Djava.awt.headless=true -Xmx1024M -Dfile.encoding=windows-1252 -Duser.country=US -Duser.language=en -Duser.variant 
java_command: com.android.dx.command.Main --dex --force-jumbo --num-threads=4 --multi-dex --output C:\Users\User\AndroidStudioProjects\MyFirstApp\app\build\intermediates\transforms\dex\debug\folders\1000\10\internal_impl-24.1.1_b94693950f581ab15b14e4a6cf78390b6707a3c6 C:\Users\User\AndroidStudioProjects\MyFirstApp\app\build\intermediates\exploded-aar\com.android.support\support-v4\24.1.1\jars\libs\internal_impl-24.1.1.jar
java_class_path (initial): C:\Users\User\AppData\Local\Android\sdk\build-tools\24.0.1\lib\dx.jar
Launcher Type: SUN_STANDARD

Environment Variables:
PATH=C:\ProgramData\Oracle\Java\javapath;C:\Program Files (x86)\HP SimplePass\x64;C:\Program Files (x86)\HP SimplePass\;;C:\WINDOWS\system32;C:\WINDOWS;C:\WINDOWS\System32\Wbem;C:\WINDOWS\System32\WindowsPowerShell\v1.0\;C:\Program Files (x86)\ATI Technologies\ATI.ACE\Core-Static;C:\Program Files (x86)\Skype\Phone\;C:\Program Files (x86)\AMD\ATI.ACE\Core-Static;C:\Program Files (x86)\GtkSharp\2.12\bin;C:\adb;C:\Program Files (x86)\Windows Live\Shared
USERNAME=Tolani
OS=Windows_NT
PROCESSOR_IDENTIFIER=Intel64 Family 6 Model 58 Stepping 9, GenuineIntel



---------------  S Y S T E M  ---------------

OS: Windows 10.0 , 64 bit Build 10586 (10.0.10586.589)

CPU:total 4 (2 cores per cpu, 2 threads per core) family 6 model 58 stepping 9, cmov, cx8, fxsr, mmx, sse, sse2, sse3, ssse3, sse4.1, sse4.2, popcnt, avx, aes, clmul, erms, ht, tsc, tscinvbit, tscinv

Memory: 4k page, physical 6191420k(709184k free), swap 7882044k(8964k free)

vm_info: Java HotSpot(TM) 64-Bit Server VM (25.102-b14) for windows-amd64 JRE (1.8.0_102-b14), built on Jun 22 2016 13:15:21 by "java_re" with MS VC++ 10.0 (VS2010)

time: Sun Nov 13 12:33:35 2016
elapsed time: 2 seconds (0d 0h 0m 2s)

