#
# There is insufficient memory for the Java Runtime Environment to continue.
# Native memory allocation (malloc) failed to allocate 32744 bytes for ChunkPool::allocate
# Possible reasons:
#   The system is out of physical RAM or swap space
#   In 32 bit mode, the process size limit was hit
# Possible solutions:
#   Reduce memory load on the system
#   Increase physical memory or swap space
#   Check if swap backing store is full
#   Use 64 bit Java on a 64 bit OS
#   Decrease Java heap size (-Xmx/-Xms)
#   Decrease number of Java threads
#   Decrease Java thread stack sizes (-Xss)
#   Set larger code cache with -XX:ReservedCodeCacheSize=
# This output file may be truncated or incomplete.
#
#  Out of Memory Error (allocation.cpp:273), pid=10968, tid=0x00000000000026b8
#
# JRE version: Java(TM) SE Runtime Environment (8.0_102-b14) (build 1.8.0_102-b14)
# Java VM: Java HotSpot(TM) 64-Bit Server VM (25.102-b14 mixed mode windows-amd64 compressed oops)
# Failed to write core dump. Minidumps are not enabled by default on client versions of Windows
#

---------------  T H R E A D  ---------------

Current thread (0x0000000014bcd800):  JavaThread "C2 CompilerThread0" daemon [_thread_in_native, id=9912, stack(0x0000000016200000,0x0000000016300000)]

Stack: [0x0000000016200000,0x0000000016300000]
[error occurred during error reporting (printing stack bounds), id 0xc0000005]

Native frames: (J=compiled Java code, j=interpreted, Vv=VM code, C=native code)


Current CompileTask:
C2:   7418 1946       4       com.android.dx.ssa.back.IdenticalBlockCombiner::process (323 bytes)


---------------  P R O C E S S  ---------------

Java Threads: ( => current thread )
  0x00000000167c5000 JavaThread "pool-1-thread-1" [_thread_in_Java, id=7076, stack(0x00000000198e0000,0x00000000199e0000)]
  0x0000000014c2d000 JavaThread "Service Thread" daemon [_thread_blocked, id=6984, stack(0x0000000016900000,0x0000000016a00000)]
  0x0000000014c28000 JavaThread "C1 CompilerThread2" daemon [_thread_blocked, id=1200, stack(0x0000000016400000,0x0000000016500000)]
  0x0000000014c25800 JavaThread "C2 CompilerThread1" daemon [_thread_in_native, id=3916, stack(0x0000000016300000,0x0000000016400000)]
=>0x0000000014bcd800 JavaThread "C2 CompilerThread0" daemon [_thread_in_native, id=9912, stack(0x0000000016200000,0x0000000016300000)]
  0x0000000014bca800 JavaThread "Attach Listener" daemon [_thread_blocked, id=5372, stack(0x0000000016100000,0x0000000016200000)]
  0x0000000014bc9000 JavaThread "Signal Dispatcher" daemon [_thread_blocked, id=8676, stack(0x0000000016000000,0x0000000016100000)]
  0x0000000014bba000 JavaThread "Finalizer" daemon [_thread_blocked, id=7572, stack(0x0000000015e20000,0x0000000015f20000)]
  0x0000000014b99000 JavaThread "Reference Handler" daemon [_thread_blocked, id=2232, stack(0x0000000015d20000,0x0000000015e20000)]
  0x0000000002400800 JavaThread "main" [_thread_blocked, id=10852, stack(0x0000000002250000,0x0000000002350000)]

Other Threads:
  0x0000000014b97000 VMThread [stack: 0x0000000015c20000,0x0000000015d20000] [id=10052]
  0x0000000016502800 WatcherThread [stack: 0x0000000016a00000,0x0000000016b00000] [id=6536]

VM state:not at safepoint (normal execution)

VM Mutex/Monitor currently owned by a thread: None

Heap:
 PSYoungGen      total 102400K, used 59585K [0x00000000eab00000, 0x00000000f1300000, 0x0000000100000000)
  eden space 98304K, 56% used [0x00000000eab00000,0x00000000ee134748,0x00000000f0b00000)
  from space 4096K, 99% used [0x00000000f0f00000,0x00000000f12fbdb0,0x00000000f1300000)
  to   space 4096K, 0% used [0x00000000f0b00000,0x00000000f0b00000,0x00000000f0f00000)
 ParOldGen       total 65536K, used 18092K [0x00000000c0000000, 0x00000000c4000000, 0x00000000eab00000)
  object space 65536K, 27% used [0x00000000c0000000,0x00000000c11ab018,0x00000000c4000000)
 Metaspace       used 6336K, capacity 7216K, committed 7296K, reserved 1056768K
  class space    used 596K, capacity 616K, committed 640K, reserved 1048576K

Card table byte_map: [0x00000000118c0000,0x0000000011ad0000] byte_map_base: 0x00000000112c0000

Marking Bits: (ParMarkBitMap*) 0x000000005e60a6c0
 Begin Bits: [0x0000000012030000, 0x0000000013030000)
 End Bits:   [0x0000000013030000, 0x0000000014030000)

Polling page: 0x0000000000a10000

CodeCache: size=245760Kb used=8233Kb max_used=8233Kb free=237526Kb
 bounds [0x0000000002500000, 0x0000000002d10000, 0x0000000011500000]
 total_blobs=2200 nmethods=1935 adapters=176
 compilation: disabled (not enough contiguous free space left)

Compilation events (10 events):
Event: 7.129 Thread 0x0000000014c28000 2015       2       com.android.dx.dex.file.AnnotationSetRefItem::<init> (26 bytes)
Event: 7.130 Thread 0x0000000014c28000 nmethod 2015 0x0000000002cfa910 code [0x0000000002cfaa80, 0x0000000002cfacd8]
Event: 7.130 Thread 0x0000000014c28000 2016       2       com.android.dx.rop.annotation.AnnotationsList::get (9 bytes)
Event: 7.130 Thread 0x0000000014c28000 nmethod 2016 0x0000000002d05550 code [0x0000000002d056c0, 0x0000000002d05868]
Event: 7.130 Thread 0x0000000014c28000 2017       2       com.android.dx.rop.cst.CstLiteral32::getLongBits (6 bytes)
Event: 7.130 Thread 0x0000000014c28000 nmethod 2017 0x0000000002d05910 code [0x0000000002d05a60, 0x0000000002d05bb0]
Event: 7.145 Thread 0x0000000014c25800 nmethod 2002 0x0000000002d09b90 code [0x0000000002d09d80, 0x0000000002d0b058]
Event: 7.146 Thread 0x0000000014c25800 2003       4       com.android.dx.ssa.SsaConverter::placePhiFunctions (394 bytes)
Event: 7.158 Thread 0x0000000014c28000 2018       2       com.android.dx.rop.code.Rops::opIfNe (17 bytes)
Event: 7.159 Thread 0x0000000014c28000 nmethod 2018 0x0000000002d09810 code [0x0000000002d09980, 0x0000000002d09b08]

GC Heap History (8 events):
Event: 2.427 GC heap before
{Heap before GC invocations=1 (full 0):
 PSYoungGen      total 28672K, used 24576K [0x00000000eab00000, 0x00000000ecb00000, 0x0000000100000000)
  eden space 24576K, 100% used [0x00000000eab00000,0x00000000ec300000,0x00000000ec300000)
  from space 4096K, 0% used [0x00000000ec700000,0x00000000ec700000,0x00000000ecb00000)
  to   space 4096K, 0% used [0x00000000ec300000,0x00000000ec300000,0x00000000ec700000)
 ParOldGen       total 65536K, used 0K [0x00000000c0000000, 0x00000000c4000000, 0x00000000eab00000)
  object space 65536K, 0% used [0x00000000c0000000,0x00000000c0000000,0x00000000c4000000)
 Metaspace       used 5736K, capacity 6768K, committed 7040K, reserved 1056768K
  class space    used 590K, capacity 616K, committed 640K, reserved 1048576K
Event: 2.543 GC heap after
Heap after GC invocations=1 (full 0):
 PSYoungGen      total 28672K, used 4083K [0x00000000eab00000, 0x00000000ee300000, 0x0000000100000000)
  eden space 24576K, 0% used [0x00000000eab00000,0x00000000eab00000,0x00000000ec300000)
  from space 4096K, 99% used [0x00000000ec300000,0x00000000ec6fcd40,0x00000000ec700000)
  to   space 4096K, 0% used [0x00000000edf00000,0x00000000edf00000,0x00000000ee300000)
 ParOldGen       total 65536K, used 439K [0x00000000c0000000, 0x00000000c4000000, 0x00000000eab00000)
  object space 65536K, 0% used [0x00000000c0000000,0x00000000c006ddf0,0x00000000c4000000)
 Metaspace       used 5736K, capacity 6768K, committed 7040K, reserved 1056768K
  class space    used 590K, capacity 616K, committed 640K, reserved 1048576K
}
Event: 3.580 GC heap before
{Heap before GC invocations=2 (full 0):
 PSYoungGen      total 28672K, used 28659K [0x00000000eab00000, 0x00000000ee300000, 0x0000000100000000)
  eden space 24576K, 100% used [0x00000000eab00000,0x00000000ec300000,0x00000000ec300000)
  from space 4096K, 99% used [0x00000000ec300000,0x00000000ec6fcd40,0x00000000ec700000)
  to   space 4096K, 0% used [0x00000000edf00000,0x00000000edf00000,0x00000000ee300000)
 ParOldGen       total 65536K, used 439K [0x00000000c0000000, 0x00000000c4000000, 0x00000000eab00000)
  object space 65536K, 0% used [0x00000000c0000000,0x00000000c006ddf0,0x00000000c4000000)
 Metaspace       used 6040K, capacity 7024K, committed 7296K, reserved 1056768K
  class space    used 590K, capacity 616K, committed 640K, reserved 1048576K
Event: 3.801 GC heap after
Heap after GC invocations=2 (full 0):
 PSYoungGen      total 53248K, used 4087K [0x00000000eab00000, 0x00000000ee300000, 0x0000000100000000)
  eden space 49152K, 0% used [0x00000000eab00000,0x00000000eab00000,0x00000000edb00000)
  from space 4096K, 99% used [0x00000000edf00000,0x00000000ee2fdc70,0x00000000ee300000)
  to   space 4096K, 0% used [0x00000000edb00000,0x00000000edb00000,0x00000000edf00000)
 ParOldGen       total 65536K, used 3060K [0x00000000c0000000, 0x00000000c4000000, 0x00000000eab00000)
  object space 65536K, 4% used [0x00000000c0000000,0x00000000c02fd028,0x00000000c4000000)
 Metaspace       used 6040K, capacity 7024K, committed 7296K, reserved 1056768K
  class space    used 590K, capacity 616K, committed 640K, reserved 1048576K
}
Event: 4.785 GC heap before
{Heap before GC invocations=3 (full 0):
 PSYoungGen      total 53248K, used 53239K [0x00000000eab00000, 0x00000000ee300000, 0x0000000100000000)
  eden space 49152K, 100% used [0x00000000eab00000,0x00000000edb00000,0x00000000edb00000)
  from space 4096K, 99% used [0x00000000edf00000,0x00000000ee2fdc70,0x00000000ee300000)
  to   space 4096K, 0% used [0x00000000edb00000,0x00000000edb00000,0x00000000edf00000)
 ParOldGen       total 65536K, used 3060K [0x00000000c0000000, 0x00000000c4000000, 0x00000000eab00000)
  object space 65536K, 4% used [0x00000000c0000000,0x00000000c02fd028,0x00000000c4000000)
 Metaspace       used 6177K, capacity 7152K, committed 7296K, reserved 1056768K
  class space    used 590K, capacity 616K, committed 640K, reserved 1048576K
Event: 4.900 GC heap after
Heap after GC invocations=3 (full 0):
 PSYoungGen      total 53248K, used 4064K [0x00000000eab00000, 0x00000000f1300000, 0x0000000100000000)
  eden space 49152K, 0% used [0x00000000eab00000,0x00000000eab00000,0x00000000edb00000)
  from space 4096K, 99% used [0x00000000edb00000,0x00000000edef8010,0x00000000edf00000)
  to   space 4096K, 0% used [0x00000000f0f00000,0x00000000f0f00000,0x00000000f1300000)
 ParOldGen       total 65536K, used 10575K [0x00000000c0000000, 0x00000000c4000000, 0x00000000eab00000)
  object space 65536K, 16% used [0x00000000c0000000,0x00000000c0a53f90,0x00000000c4000000)
 Metaspace       used 6177K, capacity 7152K, committed 7296K, reserved 1056768K
  class space    used 590K, capacity 616K, committed 640K, reserved 1048576K
}
Event: 6.571 GC heap before
{Heap before GC invocations=4 (full 0):
 PSYoungGen      total 53248K, used 53216K [0x00000000eab00000, 0x00000000f1300000, 0x0000000100000000)
  eden space 49152K, 100% used [0x00000000eab00000,0x00000000edb00000,0x00000000edb00000)
  from space 4096K, 99% used [0x00000000edb00000,0x00000000edef8010,0x00000000edf00000)
  to   space 4096K, 0% used [0x00000000f0f00000,0x00000000f0f00000,0x00000000f1300000)
 ParOldGen       total 65536K, used 10575K [0x00000000c0000000, 0x00000000c4000000, 0x00000000eab00000)
  object space 65536K, 16% used [0x00000000c0000000,0x00000000c0a53f90,0x00000000c4000000)
 Metaspace       used 6261K, capacity 7216K, committed 7296K, reserved 1056768K
  class space    used 590K, capacity 616K, committed 640K, reserved 1048576K
Event: 6.591 GC heap after
Heap after GC invocations=4 (full 0):
 PSYoungGen      total 102400K, used 4079K [0x00000000eab00000, 0x00000000f1300000, 0x0000000100000000)
  eden space 98304K, 0% used [0x00000000eab00000,0x00000000eab00000,0x00000000f0b00000)
  from space 4096K, 99% used [0x00000000f0f00000,0x00000000f12fbdb0,0x00000000f1300000)
  to   space 4096K, 0% used [0x00000000f0b00000,0x00000000f0b00000,0x00000000f0f00000)
 ParOldGen       total 65536K, used 18092K [0x00000000c0000000, 0x00000000c4000000, 0x00000000eab00000)
  object space 65536K, 27% used [0x00000000c0000000,0x00000000c11ab018,0x00000000c4000000)
 Metaspace       used 6261K, capacity 7216K, committed 7296K, reserved 1056768K
  class space    used 590K, capacity 616K, committed 640K, reserved 1048576K
}

Deoptimization events (10 events):
Event: 4.648 Thread 0x00000000167a1000 Uncommon trap: reason=bimorphic action=maybe_recompile pc=0x0000000002b4fdb4 method=com.android.dx.cf.code.BytecodeArray.parseInstruction(ILcom/android/dx/cf/code/BytecodeArray$Visitor;)I @ 2135
Event: 4.648 Thread 0x00000000167a1000 Uncommon trap: reason=bimorphic action=maybe_recompile pc=0x0000000002b4ffb8 method=com.android.dx.cf.code.BytecodeArray.parseInstruction(ILcom/android/dx/cf/code/BytecodeArray$Visitor;)I @ 1501
Event: 4.648 Thread 0x00000000167a1000 Uncommon trap: reason=bimorphic action=maybe_recompile pc=0x0000000002b4fdb4 method=com.android.dx.cf.code.BytecodeArray.parseInstruction(ILcom/android/dx/cf/code/BytecodeArray$Visitor;)I @ 2135
Event: 4.682 Thread 0x00000000167c6000 Uncommon trap: reason=unstable_if action=reinterpret pc=0x0000000002b8bfd0 method=com.android.dx.rop.code.RegisterSpec.equals(ILcom/android/dx/rop/type/TypeBearer;Lcom/android/dx/rop/code/LocalItem;)Z @ 42
Event: 4.725 Thread 0x00000000167a1000 Uncommon trap: reason=unstable_if action=reinterpret pc=0x00000000029d08b4 method=com.android.dx.ssa.SCCP.simulateStmt(Lcom/android/dx/ssa/SsaInsn;)V @ 53
Event: 4.740 Thread 0x0000000002400800 Uncommon trap: reason=unloaded action=reinterpret pc=0x000000000296be44 method=com.android.dx.cf.cst.ConstantPoolParser.parse0(ILjava/util/BitSet;)Lcom/android/dx/rop/cst/Constant; @ 176
Event: 5.328 Thread 0x00000000167c6000 Uncommon trap: reason=bimorphic action=maybe_recompile pc=0x00000000028ce550 method=java.util.HashMap.getNode(ILjava/lang/Object;)Ljava/util/HashMap$Node; @ 126
Event: 5.819 Thread 0x00000000167c6000 Uncommon trap: reason=bimorphic action=maybe_recompile pc=0x00000000028ce550 method=java.util.HashMap.getNode(ILjava/lang/Object;)Ljava/util/HashMap$Node; @ 126
Event: 6.694 Thread 0x00000000167c6000 Uncommon trap: reason=unstable_if action=reinterpret pc=0x0000000002bec334 method=java.util.HashMap.putVal(ILjava/lang/Object;Ljava/lang/Object;ZZ)Ljava/lang/Object; @ 162
Event: 6.694 Thread 0x00000000167c6000 Uncommon trap: reason=unstable_if action=reinterpret pc=0x00000000028d1170 method=java.util.HashMap.getNode(ILjava/lang/Object;)Ljava/util/HashMap$Node; @ 84

Internal exceptions (4 events):
Event: 0.186 Thread 0x0000000002400800 Exception <a 'java/lang/NoSuchMethodError': Method sun.misc.Unsafe.defineClass(Ljava/lang/String;[BII)Ljava/lang/Class; name or signature does not match> (0x00000000eab07c78) thrown at [C:\re\workspace\8-2-build-windows-amd64-cygwin\jdk8u102\7268\hotspot\sÍ´≠˙ã◊«?
Event: 0.186 Thread 0x0000000002400800 Exception <a 'java/lang/NoSuchMethodError': Method sun.misc.Unsafe.prefetchRead(Ljava/lang/Object;J)V name or signature does not match> (0x00000000eab07f60) thrown at [C:\re\workspace\8-2-build-windows-amd64-cygwin\jdk8u102\7268\hotspot\src\share\vm\prims\’ÖÅ.ü,@
Event: 3.897 Thread 0x00000000167a2800 Implicit null exception at 0x00000000028253c9 to 0x0000000002825f8d
Event: 3.980 Thread 0x00000000167a2800 Implicit null exception at 0x00000000028cf8a2 to 0x00000000028cf992

Events (10 events):
Event: 7.125 loading class java/util/HashMap$KeyIterator
Event: 7.125 loading class java/util/HashMap$KeyIterator done
Event: 7.133 Thread 0x00000000167c6000 Thread exited: 0x00000000167c6000
Event: 7.152 Thread 0x00000000167b7800 Thread exited: 0x00000000167b7800
Event: 7.175 Thread 0x00000000167a2800 Thread exited: 0x00000000167a2800
Event: 7.178 Thread 0x00000000167a1000 Thread exited: 0x00000000167a1000
Event: 7.178 Thread 0x00000000167c5000 Thread exited: 0x00000000167c5000
Event: 7.179 loading class com/android/dx/command/dexer/Main$DexWriter
Event: 7.179 loading class com/android/dx/command/dexer/Main$DexWriter done
Event: 7.179 Thread 0x00000000167c5000 Thread added: 0x00000000167c5000


Dynamic libraries:
0x00007ff7c5fe0000 - 0x00007ff7c6017000 	C:\Program Files\Java\jdk1.8.0_102\bin\java.exe
0x00007ff8ae6a0000 - 0x00007ff8ae861000 	C:\WINDOWS\SYSTEM32\ntdll.dll
0x00007ff8ad1a0000 - 0x00007ff8ad24d000 	C:\WINDOWS\system32\KERNEL32.DLL
0x00007ff897f80000 - 0x00007ff897fd4000 	C:\Program Files (x86)\AVG\Av\avghooka.dll
0x00007ff8aa150000 - 0x00007ff8aa338000 	C:\WINDOWS\system32\KERNELBASE.dll
0x00007ff8ad2f0000 - 0x00007ff8ad397000 	C:\WINDOWS\system32\ADVAPI32.dll
0x00007ff8ac9b0000 - 0x00007ff8aca4d000 	C:\WINDOWS\system32\msvcrt.dll
0x00007ff8ac950000 - 0x00007ff8ac9ab000 	C:\WINDOWS\system32\sechost.dll
0x00007ff8ac830000 - 0x00007ff8ac94c000 	C:\WINDOWS\system32\RPCRT4.dll
0x00007ff8ace00000 - 0x00007ff8acf56000 	C:\WINDOWS\system32\USER32.dll
0x00007ff8aa850000 - 0x00007ff8aa9d6000 	C:\WINDOWS\system32\GDI32.dll
0x00007ff898740000 - 0x00007ff8989b4000 	C:\WINDOWS\WinSxS\amd64_microsoft.windows.common-controls_6595b64144ccf1df_6.0.10586.672_none_a2d6b3cea53ff843\COMCTL32.dll
0x00007ff8aabc0000 - 0x00007ff8aae3d000 	C:\WINDOWS\system32\combase.dll
0x00007ff8aa730000 - 0x00007ff8aa79a000 	C:\WINDOWS\system32\bcryptPrimitives.dll
0x00007ff8ad2b0000 - 0x00007ff8ad2eb000 	C:\WINDOWS\system32\IMM32.DLL
0x000000005f040000 - 0x000000005f111000 	C:\Program Files\Java\jdk1.8.0_102\jre\bin\msvcr100.dll
0x000000005ddf0000 - 0x000000005e68a000 	C:\Program Files\Java\jdk1.8.0_102\jre\bin\server\jvm.dll
0x00007ff8acc90000 - 0x00007ff8acc98000 	C:\WINDOWS\system32\PSAPI.DLL
0x00007ff897b40000 - 0x00007ff897b49000 	C:\WINDOWS\SYSTEM32\WSOCK32.dll
0x00007ff8aaaf0000 - 0x00007ff8aab5b000 	C:\WINDOWS\system32\WS2_32.dll
0x00007ff8a8030000 - 0x00007ff8a8053000 	C:\WINDOWS\SYSTEM32\WINMM.dll
0x00007ff89de00000 - 0x00007ff89de0a000 	C:\WINDOWS\SYSTEM32\VERSION.dll
0x00007ff8a8000000 - 0x00007ff8a802c000 	C:\WINDOWS\SYSTEM32\WINMMBASE.dll
0x00007ff8aa6e0000 - 0x00007ff8aa723000 	C:\WINDOWS\system32\cfgmgr32.dll
0x000000005f030000 - 0x000000005f03f000 	C:\Program Files\Java\jdk1.8.0_102\jre\bin\verify.dll
0x000000005f000000 - 0x000000005f029000 	C:\Program Files\Java\jdk1.8.0_102\jre\bin\java.dll
0x000000005efe0000 - 0x000000005eff6000 	C:\Program Files\Java\jdk1.8.0_102\jre\bin\zip.dll
0x00007ff8aae40000 - 0x00007ff8ac39c000 	C:\WINDOWS\system32\SHELL32.dll
0x00007ff8a9a50000 - 0x00007ff8aa095000 	C:\WINDOWS\system32\windows.storage.dll
0x00007ff8aab60000 - 0x00007ff8aabb2000 	C:\WINDOWS\system32\shlwapi.dll
0x00007ff8a9a20000 - 0x00007ff8a9a2f000 	C:\WINDOWS\system32\kernel.appcore.dll
0x00007ff8aa620000 - 0x00007ff8aa6d5000 	C:\WINDOWS\system32\shcore.dll
0x00007ff8a99d0000 - 0x00007ff8a9a1b000 	C:\WINDOWS\system32\powrprof.dll
0x00007ff8a9a30000 - 0x00007ff8a9a44000 	C:\WINDOWS\system32\profapi.dll

VM Arguments:
jvm_args: -Djava.awt.headless=true -Xmx1024M -Dfile.encoding=windows-1252 -Duser.country=US -Duser.language=en -Duser.variant 
java_command: com.android.dx.command.Main --dex --force-jumbo --num-threads=4 --multi-dex --output C:\Users\User\AndroidStudioProjects\MyFirstApp\app\build\intermediates\transforms\dex\debug\folders\1000\10\com.android.support-support-compat-25.0.1_fd370b5dac4b59eddfdd5fdf515c7a8ee5fb3a9a C:\Users\User\AndroidStudioProjects\MyFirstApp\app\build\intermediates\exploded-aar\com.android.support\support-compat\25.0.1\jars\classes.jar
java_class_path (initial): C:\Users\User\AppData\Local\Android\sdk\build-tools\24.0.3\lib\dx.jar
Launcher Type: SUN_STANDARD

Environment Variables:
PATH=C:\SynaptiCAD\bin\win32;C:\ProgramData\Oracle\Java\javapath;C:\Program Files (x86)\HP SimplePass\x64;C:\Program Files (x86)\HP SimplePass\;;C:\WINDOWS\system32;C:\WINDOWS;C:\WINDOWS\System32\Wbem;C:\WINDOWS\System32\WindowsPowerShell\v1.0\;C:\Program Files (x86)\ATI Technologies\ATI.ACE\Core-Static;C:\Program Files (x86)\Skype\Phone\;C:\Program Files (x86)\AMD\ATI.ACE\Core-Static;C:\Program Files (x86)\GtkSharp\2.12\bin;C:\adb;C:\Program Files (x86)\Windows Live\Shared;C:\SynaptiCAD\bin
USERNAME=Tolani
OS=Windows_NT
PROCESSOR_IDENTIFIER=Intel64 Family 6 Model 58 Stepping 9, GenuineIntel



---------------  S Y S T E M  ---------------

OS: Windows 10.0 , 64 bit Build 10586 (10.0.10586.589)

CPU:total 4 (2 cores per cpu, 2 threads per core) family 6 model 58 stepping 9, cmov, cx8, fxsr, mmx, sse, sse2, sse3, ssse3, sse4.1, sse4.2, popcnt, avx, aes, clmul, erms, ht, tsc, tscinvbit, tscinv

Memory: 4k page, physical 6191420k(292720k free), swap 7882044k(312232k free)

vm_info: Java HotSpot(TM) 64-Bit Server VM (25.102-b14) for windows-amd64 JRE (1.8.0_102-b14), built on Jun 22 2016 13:15:21 by "java_re" with MS VC++ 10.0 (VS2010)

time: Sat Dec 17 15:36:26 2016
elapsed time: 7 seconds (0d 0h 0m 7s)

