#
# There is insufficient memory for the Java Runtime Environment to continue.
# Native memory allocation (malloc) failed to allocate 502256 bytes for Chunk::new
# Possible reasons:
#   The system is out of physical RAM or swap space
#   In 32 bit mode, the process size limit was hit
# Possible solutions:
#   Reduce memory load on the system
#   Increase physical memory or swap space
#   Check if swap backing store is full
#   Use 64 bit Java on a 64 bit OS
#   Decrease Java heap size (-Xmx/-Xms)
#   Decrease number of Java threads
#   Decrease Java thread stack sizes (-Xss)
#   Set larger code cache with -XX:ReservedCodeCacheSize=
# This output file may be truncated or incomplete.
#
#  Out of Memory Error (allocation.cpp:390), pid=7596, tid=0x00000000000028e4
#
# JRE version: Java(TM) SE Runtime Environment (8.0_102-b14) (build 1.8.0_102-b14)
# Java VM: Java HotSpot(TM) 64-Bit Server VM (25.102-b14 mixed mode windows-amd64 compressed oops)
# Failed to write core dump. Minidumps are not enabled by default on client versions of Windows
#

---------------  T H R E A D  ---------------

Current thread (0x0000000014c5f800):  JavaThread "C2 CompilerThread1" daemon [_thread_in_native, id=10468, stack(0x00000000163a0000,0x00000000164a0000)]

Stack: [0x00000000163a0000,0x00000000164a0000]
[error occurred during error reporting (printing stack bounds), id 0xc0000005]

Native frames: (J=compiled Java code, j=interpreted, Vv=VM code, C=native code)


Current CompileTask:
C2:  14081 2452       4       com.android.dx.dex.file.MethodIdItem::addContents (23 bytes)


---------------  P R O C E S S  ---------------

Java Threads: ( => current thread )
  0x0000000016850000 JavaThread "pool-1-thread-1" [_thread_in_vm, id=9244, stack(0x0000000018870000,0x0000000018970000)]
  0x00000000165c4800 JavaThread "Service Thread" daemon [_thread_blocked, id=7660, stack(0x00000000169a0000,0x0000000016aa0000)]
  0x0000000014c64800 JavaThread "C1 CompilerThread2" daemon [_thread_blocked, id=10712, stack(0x00000000164a0000,0x00000000165a0000)]
=>0x0000000014c5f800 JavaThread "C2 CompilerThread1" daemon [_thread_in_native, id=10468, stack(0x00000000163a0000,0x00000000164a0000)]
  0x0000000014c5d000 JavaThread "C2 CompilerThread0" daemon [_thread_in_vm, id=5140, stack(0x00000000162a0000,0x00000000163a0000)]
  0x0000000014c5a800 JavaThread "Attach Listener" daemon [_thread_blocked, id=3892, stack(0x00000000161a0000,0x00000000162a0000)]
  0x0000000014c59000 JavaThread "Signal Dispatcher" daemon [_thread_blocked, id=912, stack(0x00000000160a0000,0x00000000161a0000)]
  0x0000000014c4a000 JavaThread "Finalizer" daemon [_thread_blocked, id=3444, stack(0x0000000015ec0000,0x0000000015fc0000)]
  0x0000000014c29000 JavaThread "Reference Handler" daemon [_thread_blocked, id=10436, stack(0x0000000015dc0000,0x0000000015ec0000)]
  0x0000000002490800 JavaThread "main" [_thread_blocked, id=7324, stack(0x00000000022c0000,0x00000000023c0000)]

Other Threads:
  0x0000000014c27000 VMThread [stack: 0x0000000015cc0000,0x0000000015dc0000] [id=80]
  0x00000000165ca000 WatcherThread [stack: 0x0000000016aa0000,0x0000000016ba0000] [id=2200]

VM state:not at safepoint (normal execution)

VM Mutex/Monitor currently owned by a thread: None

Heap:
 PSYoungGen      total 118784K, used 20660K [0x00000000eab00000, 0x00000000f9300000, 0x0000000100000000)
  eden space 98304K, 2% used [0x00000000eab00000,0x00000000ead1c528,0x00000000f0b00000)
  from space 20480K, 90% used [0x00000000f7f00000,0x00000000f9110c00,0x00000000f9300000)
  to   space 4096K, 0% used [0x00000000f0b00000,0x00000000f0b00000,0x00000000f0f00000)
 ParOldGen       total 65536K, used 32682K [0x00000000c0000000, 0x00000000c4000000, 0x00000000eab00000)
  object space 65536K, 49% used [0x00000000c0000000,0x00000000c1fea830,0x00000000c4000000)
 Metaspace       used 6657K, capacity 7320K, committed 7680K, reserved 1056768K
  class space    used 632K, capacity 656K, committed 768K, reserved 1048576K

Card table byte_map: [0x0000000011950000,0x0000000011b60000] byte_map_base: 0x0000000011350000

Marking Bits: (ParMarkBitMap*) 0x000000006897a6c0
 Begin Bits: [0x00000000120c0000, 0x00000000130c0000)
 End Bits:   [0x00000000130c0000, 0x00000000140c0000)

Polling page: 0x0000000000920000

CodeCache: size=245760Kb used=11531Kb max_used=11548Kb free=234228Kb
 bounds [0x0000000002590000, 0x00000000030f0000, 0x0000000011590000]
 total_blobs=2607 nmethods=2337 adapters=182
 compilation: enabled

Compilation events (10 events):
Event: 13.934 Thread 0x0000000014c64800 nmethod 2448 0x00000000030cec10 code [0x00000000030cede0, 0x00000000030cf5e8]
Event: 13.938 Thread 0x0000000014c5f800 2449       4       com.android.dx.dex.file.StringIdItem::<init> (29 bytes)
Event: 13.939 Thread 0x0000000014c5f800 nmethod 2449 0x000000000308e050 code [0x000000000308e180, 0x000000000308e218]
Event: 13.941 Thread 0x0000000014c5f800 2450  s    4       com.android.dx.dex.file.StringIdsSection::intern (53 bytes)
Event: 13.949 Thread 0x0000000014c5d000 nmethod 2425 0x00000000030d8e10 code [0x00000000030d9040, 0x00000000030da3e8]
Event: 13.949 Thread 0x0000000014c5f800 nmethod 2450 0x00000000030d4990 code [0x00000000030d4b20, 0x00000000030d5308]
Event: 13.956 Thread 0x0000000014c5d000 2451  s    4       com.android.dx.dex.file.ProtoIdsSection::intern (55 bytes)
Event: 13.986 Thread 0x0000000014c5f800 2452       4       com.android.dx.dex.file.MethodIdItem::addContents (23 bytes)
Event: 14.051 Thread 0x0000000014c5d000 nmethod 2451 0x00000000030e03d0 code [0x00000000030e0640, 0x00000000030e24d0]
Event: 14.073 Thread 0x0000000014c5d000 2453   !   4       com.android.dx.rop.type.Type::intern (319 bytes)

GC Heap History (10 events):
Event: 4.377 GC heap before
{Heap before GC invocations=2 (full 0):
 PSYoungGen      total 28672K, used 28665K [0x00000000eab00000, 0x00000000ee300000, 0x0000000100000000)
  eden space 24576K, 100% used [0x00000000eab00000,0x00000000ec300000,0x00000000ec300000)
  from space 4096K, 99% used [0x00000000ec300000,0x00000000ec6fe7b8,0x00000000ec700000)
  to   space 4096K, 0% used [0x00000000edf00000,0x00000000edf00000,0x00000000ee300000)
 ParOldGen       total 65536K, used 531K [0x00000000c0000000, 0x00000000c4000000, 0x00000000eab00000)
  object space 65536K, 0% used [0x00000000c0000000,0x00000000c0084fb0,0x00000000c4000000)
 Metaspace       used 6142K, capacity 7026K, committed 7296K, reserved 1056768K
  class space    used 604K, capacity 618K, committed 640K, reserved 1048576K
Event: 4.513 GC heap after
Heap after GC invocations=2 (full 0):
 PSYoungGen      total 53248K, used 4069K [0x00000000eab00000, 0x00000000ee300000, 0x0000000100000000)
  eden space 49152K, 0% used [0x00000000eab00000,0x00000000eab00000,0x00000000edb00000)
  from space 4096K, 99% used [0x00000000edf00000,0x00000000ee2f96c8,0x00000000ee300000)
  to   space 4096K, 0% used [0x00000000edb00000,0x00000000edb00000,0x00000000edf00000)
 ParOldGen       total 65536K, used 3488K [0x00000000c0000000, 0x00000000c4000000, 0x00000000eab00000)
  object space 65536K, 5% used [0x00000000c0000000,0x00000000c03680a0,0x00000000c4000000)
 Metaspace       used 6142K, capacity 7026K, committed 7296K, reserved 1056768K
  class space    used 604K, capacity 618K, committed 640K, reserved 1048576K
}
Event: 6.337 GC heap before
{Heap before GC invocations=3 (full 0):
 PSYoungGen      total 53248K, used 53221K [0x00000000eab00000, 0x00000000ee300000, 0x0000000100000000)
  eden space 49152K, 100% used [0x00000000eab00000,0x00000000edb00000,0x00000000edb00000)
  from space 4096K, 99% used [0x00000000edf00000,0x00000000ee2f96c8,0x00000000ee300000)
  to   space 4096K, 0% used [0x00000000edb00000,0x00000000edb00000,0x00000000edf00000)
 ParOldGen       total 65536K, used 3488K [0x00000000c0000000, 0x00000000c4000000, 0x00000000eab00000)
  object space 65536K, 5% used [0x00000000c0000000,0x00000000c03680a0,0x00000000c4000000)
 Metaspace       used 6259K, capacity 7090K, committed 7296K, reserved 1056768K
  class space    used 604K, capacity 618K, committed 640K, reserved 1048576K
Event: 6.369 GC heap after
Heap after GC invocations=3 (full 0):
 PSYoungGen      total 53248K, used 4086K [0x00000000eab00000, 0x00000000f1300000, 0x0000000100000000)
  eden space 49152K, 0% used [0x00000000eab00000,0x00000000eab00000,0x00000000edb00000)
  from space 4096K, 99% used [0x00000000edb00000,0x00000000edefd820,0x00000000edf00000)
  to   space 4096K, 0% used [0x00000000f0f00000,0x00000000f0f00000,0x00000000f1300000)
 ParOldGen       total 65536K, used 10325K [0x00000000c0000000, 0x00000000c4000000, 0x00000000eab00000)
  object space 65536K, 15% used [0x00000000c0000000,0x00000000c0a154a0,0x00000000c4000000)
 Metaspace       used 6259K, capacity 7090K, committed 7296K, reserved 1056768K
  class space    used 604K, capacity 618K, committed 640K, reserved 1048576K
}
Event: 7.328 GC heap before
{Heap before GC invocations=4 (full 0):
 PSYoungGen      total 53248K, used 53238K [0x00000000eab00000, 0x00000000f1300000, 0x0000000100000000)
  eden space 49152K, 100% used [0x00000000eab00000,0x00000000edb00000,0x00000000edb00000)
  from space 4096K, 99% used [0x00000000edb00000,0x00000000edefd820,0x00000000edf00000)
  to   space 4096K, 0% used [0x00000000f0f00000,0x00000000f0f00000,0x00000000f1300000)
 ParOldGen       total 65536K, used 10325K [0x00000000c0000000, 0x00000000c4000000, 0x00000000eab00000)
  object space 65536K, 15% used [0x00000000c0000000,0x00000000c0a154a0,0x00000000c4000000)
 Metaspace       used 6315K, capacity 7154K, committed 7296K, reserved 1056768K
  class space    used 605K, capacity 618K, committed 640K, reserved 1048576K
Event: 7.472 GC heap after
Heap after GC invocations=4 (full 0):
 PSYoungGen      total 102400K, used 4071K [0x00000000eab00000, 0x00000000f1300000, 0x0000000100000000)
  eden space 98304K, 0% used [0x00000000eab00000,0x00000000eab00000,0x00000000f0b00000)
  from space 4096K, 99% used [0x00000000f0f00000,0x00000000f12f9d78,0x00000000f1300000)
  to   space 4096K, 0% used [0x00000000f0b00000,0x00000000f0b00000,0x00000000f0f00000)
 ParOldGen       total 65536K, used 18078K [0x00000000c0000000, 0x00000000c4000000, 0x00000000eab00000)
  object space 65536K, 27% used [0x00000000c0000000,0x00000000c11a7a98,0x00000000c4000000)
 Metaspace       used 6315K, capacity 7154K, committed 7296K, reserved 1056768K
  class space    used 605K, capacity 618K, committed 640K, reserved 1048576K
}
Event: 10.224 GC heap before
{Heap before GC invocations=5 (full 0):
 PSYoungGen      total 102400K, used 102375K [0x00000000eab00000, 0x00000000f1300000, 0x0000000100000000)
  eden space 98304K, 100% used [0x00000000eab00000,0x00000000f0b00000,0x00000000f0b00000)
  from space 4096K, 99% used [0x00000000f0f00000,0x00000000f12f9d78,0x00000000f1300000)
  to   space 4096K, 0% used [0x00000000f0b00000,0x00000000f0b00000,0x00000000f0f00000)
 ParOldGen       total 65536K, used 18078K [0x00000000c0000000, 0x00000000c4000000, 0x00000000eab00000)
  object space 65536K, 27% used [0x00000000c0000000,0x00000000c11a7a98,0x00000000c4000000)
 Metaspace       used 6533K, capacity 7256K, committed 7424K, reserved 1056768K
  class space    used 625K, capacity 656K, committed 768K, reserved 1048576K
Event: 10.368 GC heap after
Heap after GC invocations=5 (full 0):
 PSYoungGen      total 102400K, used 4079K [0x00000000eab00000, 0x00000000f9300000, 0x0000000100000000)
  eden space 98304K, 0% used [0x00000000eab00000,0x00000000eab00000,0x00000000f0b00000)
  from space 4096K, 99% used [0x00000000f0b00000,0x00000000f0efbe28,0x00000000f0f00000)
  to   space 20480K, 0% used [0x00000000f7f00000,0x00000000f7f00000,0x00000000f9300000)
 ParOldGen       total 65536K, used 32674K [0x00000000c0000000, 0x00000000c4000000, 0x00000000eab00000)
  object space 65536K, 49% used [0x00000000c0000000,0x00000000c1fe8830,0x00000000c4000000)
 Metaspace       used 6533K, capacity 7256K, committed 7424K, reserved 1056768K
  class space    used 625K, capacity 656K, committed 768K, reserved 1048576K
}
Event: 13.559 GC heap before
{Heap before GC invocations=6 (full 0):
 PSYoungGen      total 102400K, used 102383K [0x00000000eab00000, 0x00000000f9300000, 0x0000000100000000)
  eden space 98304K, 100% used [0x00000000eab00000,0x00000000f0b00000,0x00000000f0b00000)
  from space 4096K, 99% used [0x00000000f0b00000,0x00000000f0efbe28,0x00000000f0f00000)
  to   space 20480K, 0% used [0x00000000f7f00000,0x00000000f7f00000,0x00000000f9300000)
 ParOldGen       total 65536K, used 32674K [0x00000000c0000000, 0x00000000c4000000, 0x00000000eab00000)
  object space 65536K, 49% used [0x00000000c0000000,0x00000000c1fe8830,0x00000000c4000000)
 Metaspace       used 6639K, capacity 7256K, committed 7424K, reserved 1056768K
  class space    used 631K, capacity 656K, committed 768K, reserved 1048576K
Event: 13.784 GC heap after
Heap after GC invocations=6 (full 0):
 PSYoungGen      total 118784K, used 18499K [0x00000000eab00000, 0x00000000f9300000, 0x0000000100000000)
  eden space 98304K, 0% used [0x00000000eab00000,0x00000000eab00000,0x00000000f0b00000)
  from space 20480K, 90% used [0x00000000f7f00000,0x00000000f9110c00,0x00000000f9300000)
  to   space 4096K, 0% used [0x00000000f0b00000,0x00000000f0b00000,0x00000000f0f00000)
 ParOldGen       total 65536K, used 32682K [0x00000000c0000000, 0x00000000c4000000, 0x00000000eab00000)
  object space 65536K, 49% used [0x00000000c0000000,0x00000000c1fea830,0x00000000c4000000)
 Metaspace       used 6639K, capacity 7256K, committed 7424K, reserved 1056768K
  class space    used 631K, capacity 656K, committed 768K, reserved 1048576K
}

Deoptimization events (10 events):
Event: 11.409 Thread 0x0000000016854000 Uncommon trap: reason=unstable_if action=reinterpret pc=0x0000000002fb9b9c method=com.android.dx.cf.code.ByteCatchList.listFor(I)Lcom/android/dx/cf/code/ByteCatchList; @ 47
Event: 11.696 Thread 0x0000000016854000 Uncommon trap: reason=class_check action=maybe_recompile pc=0x0000000002f8dc34 method=com.android.dx.ssa.back.FirstFitLocalCombiningAllocator.findNextUnreservedRopReg(IILcom/android/dx/ssa/back/FirstFitLocalCombiningAllocator$Alignment;)I @ 60
Event: 11.696 Thread 0x0000000016854000 Uncommon trap: reason=class_check action=maybe_recompile pc=0x0000000002f6f9f0 method=com.android.dx.ssa.back.FirstFitLocalCombiningAllocator.findNextUnreservedRopReg(IILcom/android/dx/ssa/back/FirstFitLocalCombiningAllocator$Alignment;)I @ 60
Event: 12.449 Thread 0x0000000016854000 Uncommon trap: reason=bimorphic action=maybe_recompile pc=0x0000000002e08f88 method=com.android.dx.cf.code.BytecodeArray.parseInstruction(ILcom/android/dx/cf/code/BytecodeArray$Visitor;)I @ 1287
Event: 12.449 Thread 0x0000000016854000 Uncommon trap: reason=bimorphic action=maybe_recompile pc=0x0000000002e08f88 method=com.android.dx.cf.code.BytecodeArray.parseInstruction(ILcom/android/dx/cf/code/BytecodeArray$Visitor;)I @ 1287
Event: 13.188 Thread 0x0000000016850000 Uncommon trap: reason=class_check action=maybe_recompile pc=0x0000000002a3d308 method=java.util.Arrays.hashCode([Ljava/lang/Object;)I @ 43
Event: 13.233 Thread 0x0000000016850000 Uncommon trap: reason=class_check action=maybe_recompile pc=0x0000000002a3d308 method=java.util.Arrays.hashCode([Ljava/lang/Object;)I @ 43
Event: 13.234 Thread 0x0000000016850000 Uncommon trap: reason=class_check action=maybe_recompile pc=0x0000000002a3d308 method=java.util.Arrays.hashCode([Ljava/lang/Object;)I @ 43
Event: 13.234 Thread 0x0000000016850000 Uncommon trap: reason=class_check action=maybe_recompile pc=0x0000000002a3d308 method=java.util.Arrays.hashCode([Ljava/lang/Object;)I @ 43
Event: 13.234 Thread 0x0000000016850000 Uncommon trap: reason=class_check action=maybe_recompile pc=0x0000000002a3d8f4 method=java.util.Arrays.hashCode([Ljava/lang/Object;)I @ 43

Internal exceptions (5 events):
Event: 0.119 Thread 0x0000000002490800 Exception <a 'java/lang/NoSuchMethodError': Method sun.misc.Unsafe.defineClass(Ljava/lang/String;[BII)Ljava/lang/Class; name or signature does not match> (0x00000000eab07c78) thrown at [C:\re\workspace\8-2-build-windows-amd64-cygwin\jdk8u102\7268\hotspot\sÜ¼9œ¾?
Event: 0.120 Thread 0x0000000002490800 Exception <a 'java/lang/NoSuchMethodError': Method sun.misc.Unsafe.prefetchRead(Ljava/lang/Object;J)V name or signature does not match> (0x00000000eab07f60) thrown at [C:\re\workspace\8-2-build-windows-amd64-cygwin\jdk8u102\7268\hotspot\src\share\vm\prims\1z9Ç¶!@
Event: 8.856 Thread 0x0000000016853800 Exception <a 'java/lang/ArrayIndexOutOfBoundsException': 18> (0x00000000ec9e9b38) thrown at [C:\re\workspace\8-2-build-windows-amd64-cygwin\jdk8u102\7268\hotspot\src\share\vm\interpreter\interpreterRuntime.cpp, line 366]
Event: 8.856 Thread 0x0000000016853800 Exception <a 'java/lang/ArrayIndexOutOfBoundsException': 145> (0x00000000ec9eb6b8) thrown at [C:\re\workspace\8-2-build-windows-amd64-cygwin\jdk8u102\7268\hotspot\src\share\vm\interpreter\interpreterRuntime.cpp, line 366]
Event: 8.864 Thread 0x0000000016853800 Exception <a 'java/lang/ArrayIndexOutOfBoundsException'> (0x00000000ec9ec9a0) thrown at [C:\re\workspace\8-2-build-windows-amd64-cygwin\jdk8u102\7268\hotspot\src\share\vm\runtime\sharedRuntime.cpp, line 605]

Events (10 events):
Event: 13.250 loading class com/android/dx/rop/cst/Zeroes
Event: 13.250 loading class com/android/dx/rop/cst/Zeroes done
Event: 13.303 loading class com/android/dx/dex/file/CatchStructs
Event: 13.303 loading class com/android/dx/dex/file/CatchStructs done
Event: 13.541 Thread 0x0000000016850000 DEOPT PACKING pc=0x00000000030a43e1 sp=0x000000001896eba0
Event: 13.541 Thread 0x0000000016850000 DEOPT UNPACKING pc=0x00000000025d787f sp=0x000000001896e930 mode 0
Event: 13.559 Executing VM operation: ParallelGCFailedAllocation
Event: 13.784 Executing VM operation: ParallelGCFailedAllocation done
Event: 13.912 loading class com/android/dx/dex/file/ProtoIdItem
Event: 13.912 loading class com/android/dx/dex/file/ProtoIdItem done


Dynamic libraries:
0x00007ff75cdf0000 - 0x00007ff75ce27000 	C:\Program Files\Java\jdk1.8.0_102\bin\java.exe
0x00007fff95640000 - 0x00007fff95801000 	C:\WINDOWS\SYSTEM32\ntdll.dll
0x00007fff94250000 - 0x00007fff942fd000 	C:\WINDOWS\system32\KERNEL32.DLL
0x00007fff80040000 - 0x00007fff80073000 	C:\Program Files (x86)\AVG\Av\avghooka.dll
0x00007fff90ca0000 - 0x00007fff90e88000 	C:\WINDOWS\system32\KERNELBASE.dll
0x00007fff91c90000 - 0x00007fff91d37000 	C:\WINDOWS\system32\ADVAPI32.dll
0x00007fff91ae0000 - 0x00007fff91b7d000 	C:\WINDOWS\system32\msvcrt.dll
0x00007fff94020000 - 0x00007fff9407b000 	C:\WINDOWS\system32\sechost.dll
0x00007fff91860000 - 0x00007fff9197c000 	C:\WINDOWS\system32\RPCRT4.dll
0x00007fff91980000 - 0x00007fff91ad6000 	C:\WINDOWS\system32\USER32.dll
0x00007fff93d40000 - 0x00007fff93ec6000 	C:\WINDOWS\system32\GDI32.dll
0x00007fff79420000 - 0x00007fff79694000 	C:\WINDOWS\WinSxS\amd64_microsoft.windows.common-controls_6595b64144ccf1df_6.0.10586.589_none_a2ddb3caa539acce\COMCTL32.dll
0x00007fff91d40000 - 0x00007fff91fbd000 	C:\WINDOWS\system32\combase.dll
0x00007fff90f40000 - 0x00007fff90faa000 	C:\WINDOWS\system32\bcryptPrimitives.dll
0x00007fff93b20000 - 0x00007fff93b5b000 	C:\WINDOWS\system32\IMM32.DLL
0x0000000068a00000 - 0x0000000068ad1000 	C:\Program Files\Java\jdk1.8.0_102\jre\bin\msvcr100.dll
0x0000000068160000 - 0x00000000689fa000 	C:\Program Files\Java\jdk1.8.0_102\jre\bin\server\jvm.dll
0x00007fff91700000 - 0x00007fff91708000 	C:\WINDOWS\system32\PSAPI.DLL
0x00007fff830f0000 - 0x00007fff830f9000 	C:\WINDOWS\SYSTEM32\WSOCK32.dll
0x00007fff93ee0000 - 0x00007fff93f4b000 	C:\WINDOWS\system32\WS2_32.dll
0x00007fff8f0d0000 - 0x00007fff8f0f3000 	C:\WINDOWS\SYSTEM32\WINMM.dll
0x00007fff85360000 - 0x00007fff8536a000 	C:\WINDOWS\SYSTEM32\VERSION.dll
0x00007fff8f070000 - 0x00007fff8f09c000 	C:\WINDOWS\SYSTEM32\WINMMBASE.dll
0x00007fff91620000 - 0x00007fff91663000 	C:\WINDOWS\system32\cfgmgr32.dll
0x0000000068150000 - 0x000000006815f000 	C:\Program Files\Java\jdk1.8.0_102\jre\bin\verify.dll
0x0000000068120000 - 0x0000000068149000 	C:\Program Files\Java\jdk1.8.0_102\jre\bin\java.dll
0x0000000068100000 - 0x0000000068116000 	C:\Program Files\Java\jdk1.8.0_102\jre\bin\zip.dll
0x00007fff91fd0000 - 0x00007fff9352c000 	C:\WINDOWS\system32\SHELL32.dll
0x00007fff90fd0000 - 0x00007fff91615000 	C:\WINDOWS\system32\windows.storage.dll
0x00007fff93f50000 - 0x00007fff93fa2000 	C:\WINDOWS\system32\shlwapi.dll
0x00007fff90980000 - 0x00007fff9098f000 	C:\WINDOWS\system32\kernel.appcore.dll
0x00007fff909b0000 - 0x00007fff90a65000 	C:\WINDOWS\system32\shcore.dll
0x00007fff90930000 - 0x00007fff9097b000 	C:\WINDOWS\system32\powrprof.dll
0x00007fff90990000 - 0x00007fff909a4000 	C:\WINDOWS\system32\profapi.dll

VM Arguments:
jvm_args: -Djava.awt.headless=true -Xmx1024M -Dfile.encoding=windows-1252 -Duser.country=US -Duser.language=en -Duser.variant 
java_command: com.android.dx.command.Main --dex --verbose --force-jumbo --num-threads=4 --multi-dex --output C:\Users\User\AndroidStudioProjects\MyFirstApp\app\build\intermediates\transforms\dex\debug\folders\1000\10\com.android.support-appcompat-v7-24.1.1_8a948aff655750d3e43d7257d699b78a84c8c3aa C:\Users\User\AndroidStudioProjects\MyFirstApp\app\build\intermediates\exploded-aar\com.android.support\appcompat-v7\24.1.1\jars\classes.jar
java_class_path (initial): C:\Users\User\AppData\Local\Android\sdk\build-tools\24.0.1\lib\dx.jar
Launcher Type: SUN_STANDARD

Environment Variables:
PATH=C:\ProgramData\Oracle\Java\javapath;C:\Program Files (x86)\HP SimplePass\x64;C:\Program Files (x86)\HP SimplePass\;;C:\WINDOWS\system32;C:\WINDOWS;C:\WINDOWS\System32\Wbem;C:\WINDOWS\System32\WindowsPowerShell\v1.0\;C:\Program Files (x86)\ATI Technologies\ATI.ACE\Core-Static;C:\Program Files (x86)\Skype\Phone\;C:\Program Files (x86)\AMD\ATI.ACE\Core-Static;C:\Program Files (x86)\GtkSharp\2.12\bin;C:\adb
USERNAME=Tolani
OS=Windows_NT
PROCESSOR_IDENTIFIER=Intel64 Family 6 Model 58 Stepping 9, GenuineIntel



---------------  S Y S T E M  ---------------

OS: Windows 10.0 , 64 bit Build 10586 (10.0.10586.589)

CPU:total 4 (2 cores per cpu, 2 threads per core) family 6 model 58 stepping 9, cmov, cx8, fxsr, mmx, sse, sse2, sse3, ssse3, sse4.1, sse4.2, popcnt, avx, aes, clmul, erms, ht, tsc, tscinvbit, tscinv

Memory: 4k page, physical 6191420k(782432k free), swap 7882044k(5460k free)

vm_info: Java HotSpot(TM) 64-Bit Server VM (25.102-b14) for windows-amd64 JRE (1.8.0_102-b14), built on Jun 22 2016 13:15:21 by "java_re" with MS VC++ 10.0 (VS2010)

time: Sat Oct 15 21:31:00 2016
elapsed time: 14 seconds (0d 0h 0m 14s)

