#
# There is insufficient memory for the Java Runtime Environment to continue.
# Native memory allocation (malloc) failed to allocate 480104 bytes for AllocateHeap
# Possible reasons:
#   The system is out of physical RAM or swap space
#   In 32 bit mode, the process size limit was hit
# Possible solutions:
#   Reduce memory load on the system
#   Increase physical memory or swap space
#   Check if swap backing store is full
#   Use 64 bit Java on a 64 bit OS
#   Decrease Java heap size (-Xmx/-Xms)
#   Decrease number of Java threads
#   Decrease Java thread stack sizes (-Xss)
#   Set larger code cache with -XX:ReservedCodeCacheSize=
# This output file may be truncated or incomplete.
#
#  Out of Memory Error (memory/allocation.inline.hpp:61), pid=5816, tid=0x0000000000001fd0
#
# JRE version:  (8.0_102-b14) (build )
# Java VM: Java HotSpot(TM) 64-Bit Server VM (25.102-b14 mixed mode windows-amd64 compressed oops)
# Failed to write core dump. Minidumps are not enabled by default on client versions of Windows
#

---------------  T H R E A D  ---------------

Current thread (0x0000000002870800):  JavaThread "Unknown thread" [_thread_in_vm, id=8144, stack(0x0000000002750000,0x0000000002850000)]

Stack: [0x0000000002750000,0x0000000002850000]
[error occurred during error reporting (printing stack bounds), id 0xc0000005]

Native frames: (J=compiled Java code, j=interpreted, Vv=VM code, C=native code)


---------------  P R O C E S S  ---------------

Java Threads: ( => current thread )

Other Threads:

=>0x0000000002870800 (exited) JavaThread "Unknown thread" [_thread_in_vm, id=8144, stack(0x0000000002750000,0x0000000002850000)]

VM state:not at safepoint (not fully initialized)

VM Mutex/Monitor currently owned by a thread: None

GC Heap History (0 events):
No events

Deoptimization events (0 events):
No events

Internal exceptions (0 events):
No events

Events (0 events):
No events


Dynamic libraries:
0x00007ff6ded60000 - 0x00007ff6ded97000 	C:\Program Files\Java\jdk1.8.0_102\bin\java.exe
0x00007ffda4890000 - 0x00007ffda4a51000 	C:\WINDOWS\SYSTEM32\ntdll.dll
0x00007ffda10c0000 - 0x00007ffda116d000 	C:\WINDOWS\system32\KERNEL32.DLL
0x00007ffd91940000 - 0x00007ffd91994000 	C:\Program Files (x86)\AVG\Av\avghooka.dll
0x00007ffd9ff60000 - 0x00007ffda0148000 	C:\WINDOWS\system32\KERNELBASE.dll
0x00007ffda34f0000 - 0x00007ffda3597000 	C:\WINDOWS\system32\ADVAPI32.dll
0x00007ffda32c0000 - 0x00007ffda335d000 	C:\WINDOWS\system32\msvcrt.dll
0x00007ffda0f40000 - 0x00007ffda0f9b000 	C:\WINDOWS\system32\sechost.dll
0x00007ffda0fa0000 - 0x00007ffda10bc000 	C:\WINDOWS\system32\RPCRT4.dll
0x00007ffda2f20000 - 0x00007ffda3076000 	C:\WINDOWS\system32\USER32.dll
0x00007ffda1180000 - 0x00007ffda1306000 	C:\WINDOWS\system32\GDI32.dll
0x00007ffd94ba0000 - 0x00007ffd94e14000 	C:\WINDOWS\WinSxS\amd64_microsoft.windows.common-controls_6595b64144ccf1df_6.0.10586.672_none_a2d6b3cea53ff843\COMCTL32.dll
0x00007ffda1470000 - 0x00007ffda16ed000 	C:\WINDOWS\system32\combase.dll
0x00007ffda0220000 - 0x00007ffda028a000 	C:\WINDOWS\system32\bcryptPrimitives.dll
0x00007ffda0e30000 - 0x00007ffda0e6b000 	C:\WINDOWS\system32\IMM32.DLL
0x0000000064bc0000 - 0x0000000064c91000 	C:\Program Files\Java\jdk1.8.0_102\jre\bin\msvcr100.dll
0x0000000064320000 - 0x0000000064bba000 	C:\Program Files\Java\jdk1.8.0_102\jre\bin\server\jvm.dll
0x00007ffda1170000 - 0x00007ffda1178000 	C:\WINDOWS\system32\PSAPI.DLL
0x00007ffd91930000 - 0x00007ffd91939000 	C:\WINDOWS\SYSTEM32\WSOCK32.dll
0x00007ffda33d0000 - 0x00007ffda343b000 	C:\WINDOWS\system32\WS2_32.dll
0x00007ffd9df30000 - 0x00007ffd9df53000 	C:\WINDOWS\SYSTEM32\WINMM.dll
0x00007ffd92d40000 - 0x00007ffd92d4a000 	C:\WINDOWS\SYSTEM32\VERSION.dll
0x00007ffd9ded0000 - 0x00007ffd9defc000 	C:\WINDOWS\SYSTEM32\WINMMBASE.dll
0x00007ffda01d0000 - 0x00007ffda0213000 	C:\WINDOWS\system32\cfgmgr32.dll
0x0000000064310000 - 0x000000006431f000 	C:\Program Files\Java\jdk1.8.0_102\jre\bin\verify.dll
0x00000000642e0000 - 0x0000000064309000 	C:\Program Files\Java\jdk1.8.0_102\jre\bin\java.dll
0x00000000642c0000 - 0x00000000642d6000 	C:\Program Files\Java\jdk1.8.0_102\jre\bin\zip.dll

VM Arguments:
jvm_args: -Djava.awt.headless=true -Xmx1024M -Dfile.encoding=windows-1252 -Duser.country=US -Duser.language=en -Duser.variant 
java_command: com.android.dx.command.Main --dex --force-jumbo --num-threads=4 --multi-dex --output C:\Users\User\AndroidStudioProjects\MyFirstApp\app\build\intermediates\transforms\dex\debug\folders\1000\10\com.android.support-support-media-compat-25.0.1_57a6bc227e373e0cd5ff1ceff48bc657f40bbaa4 C:\Users\User\AndroidStudioProjects\MyFirstApp\app\build\intermediates\exploded-aar\com.android.support\support-media-compat\25.0.1\jars\classes.jar
java_class_path (initial): C:\Users\User\AppData\Local\Android\sdk\build-tools\24.0.3\lib\dx.jar
Launcher Type: SUN_STANDARD

Environment Variables:
PATH=C:\SynaptiCAD\bin\win32;C:\ProgramData\Oracle\Java\javapath;C:\Program Files (x86)\HP SimplePass\x64;C:\Program Files (x86)\HP SimplePass\;;C:\WINDOWS\system32;C:\WINDOWS;C:\WINDOWS\System32\Wbem;C:\WINDOWS\System32\WindowsPowerShell\v1.0\;C:\Program Files (x86)\ATI Technologies\ATI.ACE\Core-Static;C:\Program Files (x86)\Skype\Phone\;C:\Program Files (x86)\AMD\ATI.ACE\Core-Static;C:\Program Files (x86)\GtkSharp\2.12\bin;C:\adb;C:\Program Files (x86)\Windows Live\Shared;C:\SynaptiCAD\bin
USERNAME=Tolani
OS=Windows_NT
PROCESSOR_IDENTIFIER=Intel64 Family 6 Model 58 Stepping 9, GenuineIntel



---------------  S Y S T E M  ---------------

OS: Windows 10.0 , 64 bit Build 10586 (10.0.10586.589)

CPU:total 4 (2 cores per cpu, 2 threads per core) family 6 model 58 stepping 9, cmov, cx8, fxsr, mmx, sse, sse2, sse3, ssse3, sse4.1, sse4.2, popcnt, avx, aes, clmul, erms, ht, tsc, tscinvbit, tscinv

Memory: 4k page, physical 6191420k(543680k free), swap 7882044k(5804k free)

vm_info: Java HotSpot(TM) 64-Bit Server VM (25.102-b14) for windows-amd64 JRE (1.8.0_102-b14), built on Jun 22 2016 13:15:21 by "java_re" with MS VC++ 10.0 (VS2010)

time: Wed Dec 07 22:11:03 2016
elapsed time: 0 seconds (0d 0h 0m 0s)

