#
# There is insufficient memory for the Java Runtime Environment to continue.
# Native memory allocation (malloc) failed to allocate 1048576 bytes for AllocateHeap
# Possible reasons:
#   The system is out of physical RAM or swap space
#   In 32 bit mode, the process size limit was hit
# Possible solutions:
#   Reduce memory load on the system
#   Increase physical memory or swap space
#   Check if swap backing store is full
#   Use 64 bit Java on a 64 bit OS
#   Decrease Java heap size (-Xmx/-Xms)
#   Decrease number of Java threads
#   Decrease Java thread stack sizes (-Xss)
#   Set larger code cache with -XX:ReservedCodeCacheSize=
# This output file may be truncated or incomplete.
#
#  Out of Memory Error (memory/allocation.inline.hpp:61), pid=6760, tid=0x00000000000018e4
#
# JRE version:  (8.0_102-b14) (build )
# Java VM: Java HotSpot(TM) 64-Bit Server VM (25.102-b14 mixed mode windows-amd64 compressed oops)
# Failed to write core dump. Minidumps are not enabled by default on client versions of Windows
#

---------------  T H R E A D  ---------------

Current thread (0x0000000002320800):  JavaThread "Unknown thread" [_thread_in_vm, id=6372, stack(0x00000000021a0000,0x00000000022a0000)]

Stack: [0x00000000021a0000,0x00000000022a0000]
[error occurred during error reporting (printing stack bounds), id 0xc0000005]

Native frames: (J=compiled Java code, j=interpreted, Vv=VM code, C=native code)


---------------  P R O C E S S  ---------------

Java Threads: ( => current thread )

Other Threads:

=>0x0000000002320800 (exited) JavaThread "Unknown thread" [_thread_in_vm, id=6372, stack(0x00000000021a0000,0x00000000022a0000)]

VM state:not at safepoint (normal execution)

VM Mutex/Monitor currently owned by a thread: None

Heap:
 PSYoungGen      total 28672K, used 491K [0x00000000eab00000, 0x00000000ecb00000, 0x0000000100000000)
  eden space 24576K, 2% used [0x00000000eab00000,0x00000000eab7ae20,0x00000000ec300000)
  from space 4096K, 0% used [0x00000000ec700000,0x00000000ec700000,0x00000000ecb00000)
  to   space 4096K, 0% used [0x00000000ec300000,0x00000000ec300000,0x00000000ec700000)
 ParOldGen       total 65536K, used 0K [0x00000000c0000000, 0x00000000c4000000, 0x00000000eab00000)
  object space 65536K, 0% used [0x00000000c0000000,0x00000000c0000000,0x00000000c4000000)
 Metaspace       used 783K, capacity 1092K, committed 1152K, reserved 1060864K
  class space    used 75K, capacity 384K, committed 384K, reserved 1048576K

Card table byte_map: [0x00000000117e0000,0x00000000119f0000] byte_map_base: 0x00000000111e0000

Marking Bits: (ParMarkBitMap*) 0x0000000064b3a6c0
 Begin Bits: [0x0000000011f50000, 0x0000000012f50000)
 End Bits:   [0x0000000012f50000, 0x0000000013f50000)

Polling page: 0x0000000000740000

CodeCache: size=245760Kb used=328Kb max_used=328Kb free=245431Kb
 bounds [0x0000000002420000, 0x0000000002690000, 0x0000000011420000]
 total_blobs=58 nmethods=0 adapters=38
 compilation: enabled

Compilation events (0 events):
No events

GC Heap History (0 events):
No events

Deoptimization events (0 events):
No events

Internal exceptions (0 events):
No events

Events (10 events):
Event: 0.043 loading class java/lang/Short
Event: 0.043 loading class java/lang/Short done
Event: 0.043 loading class java/lang/Integer
Event: 0.043 loading class java/lang/Integer done
Event: 0.043 loading class java/lang/Long
Event: 0.043 loading class java/lang/Long done
Event: 0.044 loading class java/lang/NullPointerException
Event: 0.044 loading class java/lang/NullPointerException done
Event: 0.044 loading class java/lang/ArithmeticException
Event: 0.044 loading class java/lang/ArithmeticException done


Dynamic libraries:
0x00007ff6ded60000 - 0x00007ff6ded97000 	C:\Program Files\Java\jdk1.8.0_102\bin\java.exe
0x00007ffda4890000 - 0x00007ffda4a51000 	C:\WINDOWS\SYSTEM32\ntdll.dll
0x00007ffda10c0000 - 0x00007ffda116d000 	C:\WINDOWS\system32\KERNEL32.DLL
0x00007ffd91940000 - 0x00007ffd91994000 	C:\Program Files (x86)\AVG\Av\avghooka.dll
0x00007ffd9ff60000 - 0x00007ffda0148000 	C:\WINDOWS\system32\KERNELBASE.dll
0x00007ffda34f0000 - 0x00007ffda3597000 	C:\WINDOWS\system32\ADVAPI32.dll
0x00007ffda32c0000 - 0x00007ffda335d000 	C:\WINDOWS\system32\msvcrt.dll
0x00007ffda0f40000 - 0x00007ffda0f9b000 	C:\WINDOWS\system32\sechost.dll
0x00007ffda0fa0000 - 0x00007ffda10bc000 	C:\WINDOWS\system32\RPCRT4.dll
0x00007ffda2f20000 - 0x00007ffda3076000 	C:\WINDOWS\system32\USER32.dll
0x00007ffda1180000 - 0x00007ffda1306000 	C:\WINDOWS\system32\GDI32.dll
0x00007ffd94ba0000 - 0x00007ffd94e14000 	C:\WINDOWS\WinSxS\amd64_microsoft.windows.common-controls_6595b64144ccf1df_6.0.10586.672_none_a2d6b3cea53ff843\COMCTL32.dll
0x00007ffda1470000 - 0x00007ffda16ed000 	C:\WINDOWS\system32\combase.dll
0x00007ffda0220000 - 0x00007ffda028a000 	C:\WINDOWS\system32\bcryptPrimitives.dll
0x00007ffda0e30000 - 0x00007ffda0e6b000 	C:\WINDOWS\system32\IMM32.DLL
0x0000000064bc0000 - 0x0000000064c91000 	C:\Program Files\Java\jdk1.8.0_102\jre\bin\msvcr100.dll
0x0000000064320000 - 0x0000000064bba000 	C:\Program Files\Java\jdk1.8.0_102\jre\bin\server\jvm.dll
0x00007ffda1170000 - 0x00007ffda1178000 	C:\WINDOWS\system32\PSAPI.DLL
0x00007ffd91930000 - 0x00007ffd91939000 	C:\WINDOWS\SYSTEM32\WSOCK32.dll
0x00007ffda33d0000 - 0x00007ffda343b000 	C:\WINDOWS\system32\WS2_32.dll
0x00007ffd9df30000 - 0x00007ffd9df53000 	C:\WINDOWS\SYSTEM32\WINMM.dll
0x00007ffd92d40000 - 0x00007ffd92d4a000 	C:\WINDOWS\SYSTEM32\VERSION.dll
0x00007ffd9ded0000 - 0x00007ffd9defc000 	C:\WINDOWS\SYSTEM32\WINMMBASE.dll
0x00007ffda01d0000 - 0x00007ffda0213000 	C:\WINDOWS\system32\cfgmgr32.dll
0x0000000064310000 - 0x000000006431f000 	C:\Program Files\Java\jdk1.8.0_102\jre\bin\verify.dll
0x00000000642e0000 - 0x0000000064309000 	C:\Program Files\Java\jdk1.8.0_102\jre\bin\java.dll
0x00000000642c0000 - 0x00000000642d6000 	C:\Program Files\Java\jdk1.8.0_102\jre\bin\zip.dll

VM Arguments:
jvm_args: -Djava.awt.headless=true -Xmx1024M -Dfile.encoding=windows-1252 -Duser.country=US -Duser.language=en -Duser.variant 
java_command: com.android.dx.command.Main --dex --force-jumbo --num-threads=4 --multi-dex --output C:\Users\User\AndroidStudioProjects\MyFirstApp\app\build\intermediates\transforms\dex\debug\folders\1000\10\com.android.support-support-vector-drawable-25.0.1_6c4356445985402ed612459c3ee00180785030f2 C:\Users\User\AndroidStudioProjects\MyFirstApp\app\build\intermediates\exploded-aar\com.android.support\support-vector-drawable\25.0.1\jars\classes.jar
java_class_path (initial): C:\Users\User\AppData\Local\Android\sdk\build-tools\24.0.3\lib\dx.jar
Launcher Type: SUN_STANDARD

Environment Variables:
PATH=C:\SynaptiCAD\bin\win32;C:\ProgramData\Oracle\Java\javapath;C:\Program Files (x86)\HP SimplePass\x64;C:\Program Files (x86)\HP SimplePass\;;C:\WINDOWS\system32;C:\WINDOWS;C:\WINDOWS\System32\Wbem;C:\WINDOWS\System32\WindowsPowerShell\v1.0\;C:\Program Files (x86)\ATI Technologies\ATI.ACE\Core-Static;C:\Program Files (x86)\Skype\Phone\;C:\Program Files (x86)\AMD\ATI.ACE\Core-Static;C:\Program Files (x86)\GtkSharp\2.12\bin;C:\adb;C:\Program Files (x86)\Windows Live\Shared;C:\SynaptiCAD\bin
USERNAME=Tolani
OS=Windows_NT
PROCESSOR_IDENTIFIER=Intel64 Family 6 Model 58 Stepping 9, GenuineIntel



---------------  S Y S T E M  ---------------

OS: Windows 10.0 , 64 bit Build 10586 (10.0.10586.589)

CPU:total 4 (2 cores per cpu, 2 threads per core) family 6 model 58 stepping 9, cmov, cx8, fxsr, mmx, sse, sse2, sse3, ssse3, sse4.1, sse4.2, popcnt, avx, aes, clmul, erms, ht, tsc, tscinvbit, tscinv

Memory: 4k page, physical 6191420k(550864k free), swap 7882044k(7336k free)

vm_info: Java HotSpot(TM) 64-Bit Server VM (25.102-b14) for windows-amd64 JRE (1.8.0_102-b14), built on Jun 22 2016 13:15:21 by "java_re" with MS VC++ 10.0 (VS2010)

time: Wed Dec 07 22:11:03 2016
elapsed time: 0 seconds (0d 0h 0m 0s)

