#
# There is insufficient memory for the Java Runtime Environment to continue.
# Native memory allocation (malloc) failed to allocate 412976 bytes for Chunk::new
# Possible reasons:
#   The system is out of physical RAM or swap space
#   In 32 bit mode, the process size limit was hit
# Possible solutions:
#   Reduce memory load on the system
#   Increase physical memory or swap space
#   Check if swap backing store is full
#   Use 64 bit Java on a 64 bit OS
#   Decrease Java heap size (-Xmx/-Xms)
#   Decrease number of Java threads
#   Decrease Java thread stack sizes (-Xss)
#   Set larger code cache with -XX:ReservedCodeCacheSize=
# This output file may be truncated or incomplete.
#
#  Out of Memory Error (allocation.cpp:390), pid=10036, tid=0x00000000000016d0
#
# JRE version: Java(TM) SE Runtime Environment (8.0_102-b14) (build 1.8.0_102-b14)
# Java VM: Java HotSpot(TM) 64-Bit Server VM (25.102-b14 mixed mode windows-amd64 compressed oops)
# Failed to write core dump. Minidumps are not enabled by default on client versions of Windows
#

---------------  T H R E A D  ---------------

Current thread (0x0000000014ff5800):  JavaThread "C2 CompilerThread1" daemon [_thread_in_native, id=5840, stack(0x0000000016600000,0x0000000016700000)]

Stack: [0x0000000016600000,0x0000000016700000]
[error occurred during error reporting (printing stack bounds), id 0xc0000005]

Native frames: (J=compiled Java code, j=interpreted, Vv=VM code, C=native code)


Current CompileTask:
C2:   4623 1770       4       com.android.dx.ssa.SsaBasicBlock::newFromRop (183 bytes)


---------------  P R O C E S S  ---------------

Java Threads: ( => current thread )
  0x0000000016af3800 JavaThread "pool-2-thread-4" [_thread_in_Java, id=8468, stack(0x0000000017200000,0x0000000017300000)]
  0x0000000016ad9000 JavaThread "pool-2-thread-3" [_thread_in_Java, id=7872, stack(0x0000000017100000,0x0000000017200000)]
  0x0000000016ad8000 JavaThread "pool-2-thread-2" [_thread_in_Java, id=2308, stack(0x0000000017000000,0x0000000017100000)]
  0x0000000016ad7800 JavaThread "pool-3-thread-1" [_thread_blocked, id=10216, stack(0x0000000016f00000,0x0000000017000000)]
  0x0000000016ad6800 JavaThread "pool-2-thread-1" [_thread_in_Java, id=11108, stack(0x0000000016e00000,0x0000000016f00000)]
  0x0000000014ffd000 JavaThread "Service Thread" daemon [_thread_blocked, id=8228, stack(0x0000000016c00000,0x0000000016d00000)]
  0x0000000014ffa800 JavaThread "C1 CompilerThread2" daemon [_thread_blocked, id=11464, stack(0x0000000016700000,0x0000000016800000)]
=>0x0000000014ff5800 JavaThread "C2 CompilerThread1" daemon [_thread_in_native, id=5840, stack(0x0000000016600000,0x0000000016700000)]
  0x0000000014f9d800 JavaThread "C2 CompilerThread0" daemon [_thread_in_native, id=1580, stack(0x0000000016500000,0x0000000016600000)]
  0x0000000014f9a800 JavaThread "Attach Listener" daemon [_thread_blocked, id=11596, stack(0x0000000016400000,0x0000000016500000)]
  0x0000000014f99000 JavaThread "Signal Dispatcher" daemon [_thread_blocked, id=1792, stack(0x0000000016300000,0x0000000016400000)]
  0x0000000014f8a000 JavaThread "Finalizer" daemon [_thread_blocked, id=12040, stack(0x0000000016200000,0x0000000016300000)]
  0x0000000014f69000 JavaThread "Reference Handler" daemon [_thread_blocked, id=4048, stack(0x0000000016100000,0x0000000016200000)]
  0x00000000027d0800 JavaThread "main" [_thread_in_Java, id=11624, stack(0x00000000025d0000,0x00000000026d0000)]

Other Threads:
  0x0000000014f67000 VMThread [stack: 0x0000000016000000,0x0000000016100000] [id=8400]
  0x0000000016803800 WatcherThread [stack: 0x0000000016d00000,0x0000000016e00000] [id=6156]

VM state:not at safepoint (normal execution)

VM Mutex/Monitor currently owned by a thread: None

Heap:
 PSYoungGen      total 58880K, used 35098K [0x00000000eab00000, 0x00000000eee00000, 0x0000000100000000)
  eden space 49152K, 55% used [0x00000000eab00000,0x00000000ec5b7a08,0x00000000edb00000)
  from space 9728K, 79% used [0x00000000ee480000,0x00000000eec0eeb0,0x00000000eee00000)
  to   space 9728K, 0% used [0x00000000edb00000,0x00000000edb00000,0x00000000ee480000)
 ParOldGen       total 65536K, used 14863K [0x00000000c0000000, 0x00000000c4000000, 0x00000000eab00000)
  object space 65536K, 22% used [0x00000000c0000000,0x00000000c0e83f88,0x00000000c4000000)
 Metaspace       used 6301K, capacity 7154K, committed 7296K, reserved 1056768K
  class space    used 604K, capacity 618K, committed 640K, reserved 1048576K

Card table byte_map: [0x0000000011c90000,0x0000000011ea0000] byte_map_base: 0x0000000011690000

Marking Bits: (ParMarkBitMap*) 0x0000000065a0a6c0
 Begin Bits: [0x0000000012400000, 0x0000000013400000)
 End Bits:   [0x0000000013400000, 0x0000000014400000)

Polling page: 0x0000000000dd0000

CodeCache: size=245760Kb used=7187Kb max_used=7187Kb free=238572Kb
 bounds [0x00000000028d0000, 0x0000000002fe0000, 0x00000000118d0000]
 total_blobs=2024 nmethods=1754 adapters=182
 compilation: enabled

Compilation events (10 events):
Event: 4.570 Thread 0x0000000014ffa800 nmethod 1781 0x0000000002fcea50 code [0x0000000002fcf1a0, 0x0000000002fd1d98]
Event: 4.573 Thread 0x0000000014ffa800 1782   !   2       com.android.dx.dex.cf.CfTranslator::processMethods (583 bytes)
Event: 4.579 Thread 0x0000000014ffa800 nmethod 1782 0x0000000002fd7b50 code [0x0000000002fd8000, 0x0000000002fd9688]
Event: 4.582 Thread 0x0000000014ffa800 1784       2       sun.util.calendar.ZoneInfo::getTransitionIndex (156 bytes)
Event: 4.582 Thread 0x0000000014ffa800 nmethod 1784 0x0000000002fab790 code [0x0000000002fab900, 0x0000000002fabc30]
Event: 4.582 Thread 0x0000000014ffa800 1783       2       sun.util.calendar.ZoneInfo::getOffsets (276 bytes)
Event: 4.583 Thread 0x0000000014ffa800 nmethod 1783 0x0000000002fcaa10 code [0x0000000002fcabe0, 0x0000000002fcb348]
Event: 4.620 Thread 0x0000000014ffa800 1788       2       com.android.dx.cf.code.LocalVariableList::get (9 bytes)
Event: 4.620 Thread 0x0000000014ffa800 nmethod 1788 0x0000000002fca650 code [0x0000000002fca7c0, 0x0000000002fca968]
Event: 4.620 Thread 0x0000000014ffa800 1789       2       com.android.dx.cf.code.LocalVariableList::set (21 bytes)

GC Heap History (10 events):
Event: 3.349 GC heap before
{Heap before GC invocations=2 (full 0):
 PSYoungGen      total 28672K, used 28663K [0x00000000eab00000, 0x00000000ecb00000, 0x0000000100000000)
  eden space 24576K, 100% used [0x00000000eab00000,0x00000000ec300000,0x00000000ec300000)
  from space 4096K, 99% used [0x00000000ec300000,0x00000000ec6fdd70,0x00000000ec700000)
  to   space 4096K, 0% used [0x00000000ec700000,0x00000000ec700000,0x00000000ecb00000)
 ParOldGen       total 65536K, used 703K [0x00000000c0000000, 0x00000000c4000000, 0x00000000eab00000)
  object space 65536K, 1% used [0x00000000c0000000,0x00000000c00afed0,0x00000000c4000000)
 Metaspace       used 6126K, capacity 7026K, committed 7296K, reserved 1056768K
  class space    used 604K, capacity 618K, committed 640K, reserved 1048576K
Event: 3.417 GC heap after
Heap after GC invocations=2 (full 0):
 PSYoungGen      total 28672K, used 4091K [0x00000000eab00000, 0x00000000ecb00000, 0x0000000100000000)
  eden space 24576K, 0% used [0x00000000eab00000,0x00000000eab00000,0x00000000ec300000)
  from space 4096K, 99% used [0x00000000ec700000,0x00000000ecafec40,0x00000000ecb00000)
  to   space 4096K, 0% used [0x00000000ec300000,0x00000000ec300000,0x00000000ec700000)
 ParOldGen       total 65536K, used 3630K [0x00000000c0000000, 0x00000000c4000000, 0x00000000eab00000)
  object space 65536K, 5% used [0x00000000c0000000,0x00000000c038ba40,0x00000000c4000000)
 Metaspace       used 6126K, capacity 7026K, committed 7296K, reserved 1056768K
  class space    used 604K, capacity 618K, committed 640K, reserved 1048576K
}
Event: 3.701 GC heap before
{Heap before GC invocations=3 (full 0):
 PSYoungGen      total 28672K, used 28667K [0x00000000eab00000, 0x00000000ecb00000, 0x0000000100000000)
  eden space 24576K, 100% used [0x00000000eab00000,0x00000000ec300000,0x00000000ec300000)
  from space 4096K, 99% used [0x00000000ec700000,0x00000000ecafec40,0x00000000ecb00000)
  to   space 4096K, 0% used [0x00000000ec300000,0x00000000ec300000,0x00000000ec700000)
 ParOldGen       total 65536K, used 3630K [0x00000000c0000000, 0x00000000c4000000, 0x00000000eab00000)
  object space 65536K, 5% used [0x00000000c0000000,0x00000000c038ba40,0x00000000c4000000)
 Metaspace       used 6196K, capacity 7090K, committed 7296K, reserved 1056768K
  class space    used 604K, capacity 618K, committed 640K, reserved 1048576K
Event: 3.717 GC heap after
Heap after GC invocations=3 (full 0):
 PSYoungGen      total 28672K, used 4075K [0x00000000eab00000, 0x00000000ecb00000, 0x0000000100000000)
  eden space 24576K, 0% used [0x00000000eab00000,0x00000000eab00000,0x00000000ec300000)
  from space 4096K, 99% used [0x00000000ec300000,0x00000000ec6faf68,0x00000000ec700000)
  to   space 4096K, 0% used [0x00000000ec700000,0x00000000ec700000,0x00000000ecb00000)
 ParOldGen       total 65536K, used 7092K [0x00000000c0000000, 0x00000000c4000000, 0x00000000eab00000)
  object space 65536K, 10% used [0x00000000c0000000,0x00000000c06ed068,0x00000000c4000000)
 Metaspace       used 6196K, capacity 7090K, committed 7296K, reserved 1056768K
  class space    used 604K, capacity 618K, committed 640K, reserved 1048576K
}
Event: 3.945 GC heap before
{Heap before GC invocations=4 (full 0):
 PSYoungGen      total 28672K, used 28651K [0x00000000eab00000, 0x00000000ecb00000, 0x0000000100000000)
  eden space 24576K, 100% used [0x00000000eab00000,0x00000000ec300000,0x00000000ec300000)
  from space 4096K, 99% used [0x00000000ec300000,0x00000000ec6faf68,0x00000000ec700000)
  to   space 4096K, 0% used [0x00000000ec700000,0x00000000ec700000,0x00000000ecb00000)
 ParOldGen       total 65536K, used 7092K [0x00000000c0000000, 0x00000000c4000000, 0x00000000eab00000)
  object space 65536K, 10% used [0x00000000c0000000,0x00000000c06ed068,0x00000000c4000000)
 Metaspace       used 6236K, capacity 7090K, committed 7296K, reserved 1056768K
  class space    used 604K, capacity 618K, committed 640K, reserved 1048576K
Event: 3.960 GC heap after
Heap after GC invocations=4 (full 0):
 PSYoungGen      total 28672K, used 4074K [0x00000000eab00000, 0x00000000ecb00000, 0x0000000100000000)
  eden space 24576K, 0% used [0x00000000eab00000,0x00000000eab00000,0x00000000ec300000)
  from space 4096K, 99% used [0x00000000ec700000,0x00000000ecafa898,0x00000000ecb00000)
  to   space 4096K, 0% used [0x00000000ec300000,0x00000000ec300000,0x00000000ec700000)
 ParOldGen       total 65536K, used 10566K [0x00000000c0000000, 0x00000000c4000000, 0x00000000eab00000)
  object space 65536K, 16% used [0x00000000c0000000,0x00000000c0a51aa0,0x00000000c4000000)
 Metaspace       used 6236K, capacity 7090K, committed 7296K, reserved 1056768K
  class space    used 604K, capacity 618K, committed 640K, reserved 1048576K
}
Event: 4.255 GC heap before
{Heap before GC invocations=5 (full 0):
 PSYoungGen      total 28672K, used 28650K [0x00000000eab00000, 0x00000000ecb00000, 0x0000000100000000)
  eden space 24576K, 100% used [0x00000000eab00000,0x00000000ec300000,0x00000000ec300000)
  from space 4096K, 99% used [0x00000000ec700000,0x00000000ecafa898,0x00000000ecb00000)
  to   space 4096K, 0% used [0x00000000ec300000,0x00000000ec300000,0x00000000ec700000)
 ParOldGen       total 65536K, used 10566K [0x00000000c0000000, 0x00000000c4000000, 0x00000000eab00000)
  object space 65536K, 16% used [0x00000000c0000000,0x00000000c0a51aa0,0x00000000c4000000)
 Metaspace       used 6278K, capacity 7154K, committed 7296K, reserved 1056768K
  class space    used 604K, capacity 618K, committed 640K, reserved 1048576K
Event: 4.271 GC heap after
Heap after GC invocations=5 (full 0):
 PSYoungGen      total 28672K, used 4086K [0x00000000eab00000, 0x00000000eee00000, 0x0000000100000000)
  eden space 24576K, 0% used [0x00000000eab00000,0x00000000eab00000,0x00000000ec300000)
  from space 4096K, 99% used [0x00000000ec300000,0x00000000ec6fda18,0x00000000ec700000)
  to   space 9728K, 0% used [0x00000000ee480000,0x00000000ee480000,0x00000000eee00000)
 ParOldGen       total 65536K, used 14863K [0x00000000c0000000, 0x00000000c4000000, 0x00000000eab00000)
  object space 65536K, 22% used [0x00000000c0000000,0x00000000c0e83f88,0x00000000c4000000)
 Metaspace       used 6278K, capacity 7154K, committed 7296K, reserved 1056768K
  class space    used 604K, capacity 618K, committed 640K, reserved 1048576K
}
Event: 4.426 GC heap before
{Heap before GC invocations=6 (full 0):
 PSYoungGen      total 28672K, used 28662K [0x00000000eab00000, 0x00000000eee00000, 0x0000000100000000)
  eden space 24576K, 100% used [0x00000000eab00000,0x00000000ec300000,0x00000000ec300000)
  from space 4096K, 99% used [0x00000000ec300000,0x00000000ec6fda18,0x00000000ec700000)
  to   space 9728K, 0% used [0x00000000ee480000,0x00000000ee480000,0x00000000eee00000)
 ParOldGen       total 65536K, used 14863K [0x00000000c0000000, 0x00000000c4000000, 0x00000000eab00000)
  object space 65536K, 22% used [0x00000000c0000000,0x00000000c0e83f88,0x00000000c4000000)
 Metaspace       used 6290K, capacity 7154K, committed 7296K, reserved 1056768K
  class space    used 604K, capacity 618K, committed 640K, reserved 1048576K
Event: 4.449 GC heap after
Heap after GC invocations=6 (full 0):
 PSYoungGen      total 58880K, used 7739K [0x00000000eab00000, 0x00000000eee00000, 0x0000000100000000)
  eden space 49152K, 0% used [0x00000000eab00000,0x00000000eab00000,0x00000000edb00000)
  from space 9728K, 79% used [0x00000000ee480000,0x00000000eec0eeb0,0x00000000eee00000)
  to   space 9728K, 0% used [0x00000000edb00000,0x00000000edb00000,0x00000000ee480000)
 ParOldGen       total 65536K, used 14863K [0x00000000c0000000, 0x00000000c4000000, 0x00000000eab00000)
  object space 65536K, 22% used [0x00000000c0000000,0x00000000c0e83f88,0x00000000c4000000)
 Metaspace       used 6290K, capacity 7154K, committed 7296K, reserved 1056768K
  class space    used 604K, capacity 618K, committed 640K, reserved 1048576K
}

Deoptimization events (10 events):
Event: 2.877 Thread 0x0000000016ad9000 Uncommon trap: reason=unstable_if action=reinterpret pc=0x0000000002bbb1a0 method=com.android.dx.rop.code.RegisterSpec.equals(ILcom/android/dx/rop/type/TypeBearer;Lcom/android/dx/rop/code/LocalItem;)Z @ 42
Event: 3.161 Thread 0x00000000027d0800 Uncommon trap: reason=unstable_if action=reinterpret pc=0x0000000002b16cd0 method=java.lang.String.<init>([CII)V @ 18
Event: 3.455 Thread 0x0000000016ad8000 Uncommon trap: reason=unstable_if action=reinterpret pc=0x0000000002b3011c method=com.android.dx.rop.cst.Constant.compareTo(Lcom/android/dx/rop/cst/Constant;)I @ 12
Event: 3.552 Thread 0x0000000016ad9000 Uncommon trap: reason=uninitialized action=reinterpret pc=0x0000000002e72474 method=com.android.dx.cf.code.BytecodeArray.parseInstruction(ILcom/android/dx/cf/code/BytecodeArray$Visitor;)I @ 1095
Event: 3.641 Thread 0x0000000016af3800 Uncommon trap: reason=bimorphic action=maybe_recompile pc=0x0000000002db7934 method=java.util.HashMap.putVal(ILjava/lang/Object;Ljava/lang/Object;ZZ)Ljava/lang/Object; @ 203
Event: 3.890 Thread 0x00000000027d0800 Uncommon trap: reason=unstable_if action=reinterpret pc=0x0000000002d97b48 method=com.android.dx.ssa.SCCP.simulateStmt(Lcom/android/dx/ssa/SsaInsn;)V @ 53
Event: 4.059 Thread 0x0000000016ad8000 Uncommon trap: reason=unstable_if action=reinterpret pc=0x0000000002cef63c method=com.android.dx.util.IntList.binarysearch(I)I @ 105
Event: 4.078 Thread 0x00000000027d0800 Uncommon trap: reason=unloaded action=reinterpret pc=0x0000000002f3ddb8 method=com.android.dx.cf.cst.ConstantPoolParser.parse0(ILjava/util/BitSet;)Lcom/android/dx/rop/cst/Constant; @ 198
Event: 4.211 Thread 0x0000000016af3800 Uncommon trap: reason=unstable_if action=reinterpret pc=0x0000000002ee5138 method=com.android.dx.ssa.SCCP.simulateBranch(Lcom/android/dx/ssa/SsaInsn;)V @ 64
Event: 4.213 Thread 0x0000000016af3800 Uncommon trap: reason=unstable_if action=reinterpret pc=0x0000000002cd469c method=com.android.dx.ssa.SsaMethod.updateOneDefinition(Lcom/android/dx/ssa/SsaInsn;Lcom/android/dx/rop/code/RegisterSpec;)V @ 4

Internal exceptions (2 events):
Event: 0.070 Thread 0x00000000027d0800 Exception <a 'java/lang/NoSuchMethodError': Method sun.misc.Unsafe.defineClass(Ljava/lang/String;[BII)Ljava/lang/Class; name or signature does not match> (0x00000000eab07c78) thrown at [C:\re\workspace\8-2-build-windows-amd64-cygwin\jdk8u102\7268\hotspot\s'c¡w ²?
Event: 0.071 Thread 0x00000000027d0800 Exception <a 'java/lang/NoSuchMethodError': Method sun.misc.Unsafe.prefetchRead(Ljava/lang/Object;J)V name or signature does not match> (0x00000000eab07f60) thrown at [C:\re\workspace\8-2-build-windows-amd64-cygwin\jdk8u102\7268\hotspot\src\share\vm\prims\

Events (10 events):
Event: 4.212 loading class com/android/dx/rop/code/RegOps done
Event: 4.213 Thread 0x0000000016af3800 Uncommon trap: trap_request=0xffffff65 fr.pc=0x0000000002cd469c
Event: 4.213 Thread 0x0000000016af3800 DEOPT PACKING pc=0x0000000002cd469c sp=0x00000000172fe690
Event: 4.213 Thread 0x0000000016af3800 DEOPT UNPACKING pc=0x000000000291582a sp=0x00000000172fe638 mode 2
Event: 4.251 Executing VM operation: ParallelGCFailedAllocation
Event: 4.271 Executing VM operation: ParallelGCFailedAllocation done
Event: 4.426 Executing VM operation: ParallelGCFailedAllocation
Event: 4.449 Executing VM operation: ParallelGCFailedAllocation done
Event: 4.552 Thread 0x0000000016ad6800 DEOPT PACKING pc=0x0000000002f72fd2 sp=0x0000000016efe760
Event: 4.552 Thread 0x0000000016ad6800 DEOPT UNPACKING pc=0x000000000291787f sp=0x0000000016efe520 mode 0


Dynamic libraries:
0x00007ff623660000 - 0x00007ff623697000 	C:\Program Files\Java\jdk1.8.0_102\bin\java.exe
0x00007ffe296d0000 - 0x00007ffe29891000 	C:\WINDOWS\SYSTEM32\ntdll.dll
0x00007ffe267b0000 - 0x00007ffe2685d000 	C:\WINDOWS\system32\KERNEL32.DLL
0x00007ffdfb740000 - 0x00007ffdfb773000 	C:\Program Files (x86)\AVG\Av\avghooka.dll
0x00007ffe24a90000 - 0x00007ffe24c78000 	C:\WINDOWS\system32\KERNELBASE.dll
0x00007ffe26860000 - 0x00007ffe26907000 	C:\WINDOWS\system32\ADVAPI32.dll
0x00007ffe26210000 - 0x00007ffe262ad000 	C:\WINDOWS\system32\msvcrt.dll
0x00007ffe28380000 - 0x00007ffe283db000 	C:\WINDOWS\system32\sechost.dll
0x00007ffe26080000 - 0x00007ffe2619c000 	C:\WINDOWS\system32\RPCRT4.dll
0x00007ffe28220000 - 0x00007ffe28376000 	C:\WINDOWS\system32\USER32.dll
0x00007ffe25dc0000 - 0x00007ffe25f46000 	C:\WINDOWS\system32\GDI32.dll
0x00007ffe1a4f0000 - 0x00007ffe1a764000 	C:\WINDOWS\WinSxS\amd64_microsoft.windows.common-controls_6595b64144ccf1df_6.0.10586.589_none_a2ddb3caa539acce\COMCTL32.dll
0x00007ffe26420000 - 0x00007ffe2669d000 	C:\WINDOWS\system32\combase.dll
0x00007ffe24c80000 - 0x00007ffe24cea000 	C:\WINDOWS\system32\bcryptPrimitives.dll
0x00007ffe26040000 - 0x00007ffe2607b000 	C:\WINDOWS\system32\IMM32.DLL
0x0000000066440000 - 0x0000000066511000 	C:\Program Files\Java\jdk1.8.0_102\jre\bin\msvcr100.dll
0x00000000651f0000 - 0x0000000065a8a000 	C:\Program Files\Java\jdk1.8.0_102\jre\bin\server\jvm.dll
0x00007ffe26200000 - 0x00007ffe26208000 	C:\WINDOWS\system32\PSAPI.DLL
0x00007ffe0e270000 - 0x00007ffe0e279000 	C:\WINDOWS\SYSTEM32\WSOCK32.dll
0x00007ffe28050000 - 0x00007ffe280bb000 	C:\WINDOWS\system32\WS2_32.dll
0x00007ffe22c80000 - 0x00007ffe22ca3000 	C:\WINDOWS\SYSTEM32\WINMM.dll
0x00007ffe18d60000 - 0x00007ffe18d6a000 	C:\WINDOWS\SYSTEM32\VERSION.dll
0x00007ffe22c20000 - 0x00007ffe22c4c000 	C:\WINDOWS\SYSTEM32\WINMMBASE.dll
0x00007ffe253a0000 - 0x00007ffe253e3000 	C:\WINDOWS\system32\cfgmgr32.dll
0x0000000066430000 - 0x000000006643f000 	C:\Program Files\Java\jdk1.8.0_102\jre\bin\verify.dll
0x0000000066400000 - 0x0000000066429000 	C:\Program Files\Java\jdk1.8.0_102\jre\bin\java.dll
0x00000000663e0000 - 0x00000000663f6000 	C:\Program Files\Java\jdk1.8.0_102\jre\bin\zip.dll
0x00007ffe26910000 - 0x00007ffe27e6c000 	C:\WINDOWS\system32\SHELL32.dll
0x00007ffe24cf0000 - 0x00007ffe25335000 	C:\WINDOWS\system32\windows.storage.dll
0x00007ffe26750000 - 0x00007ffe267a2000 	C:\WINDOWS\system32\shlwapi.dll
0x00007ffe24a30000 - 0x00007ffe24a3f000 	C:\WINDOWS\system32\kernel.appcore.dll
0x00007ffe253f0000 - 0x00007ffe254a5000 	C:\WINDOWS\system32\shcore.dll
0x00007ffe24a40000 - 0x00007ffe24a8b000 	C:\WINDOWS\system32\powrprof.dll
0x00007ffe24a00000 - 0x00007ffe24a14000 	C:\WINDOWS\system32\profapi.dll

VM Arguments:
jvm_args: -Djava.awt.headless=true -Xmx1024M -Dfile.encoding=windows-1252 -Duser.country=US -Duser.language=en -Duser.variant 
java_command: com.android.dx.command.Main --dex --force-jumbo --num-threads=4 --multi-dex --output C:\Users\User\AndroidStudioProjects\MyFirstApp\app\build\intermediates\transforms\dex\debug\folders\1000\10\com.android.support-appcompat-v7-24.1.1_8a948aff655750d3e43d7257d699b78a84c8c3aa C:\Users\User\AndroidStudioProjects\MyFirstApp\app\build\intermediates\exploded-aar\com.android.support\appcompat-v7\24.1.1\jars\classes.jar
java_class_path (initial): C:\Users\User\AppData\Local\Android\sdk\build-tools\24.0.1\lib\dx.jar
Launcher Type: SUN_STANDARD

Environment Variables:
PATH=C:\ProgramData\Oracle\Java\javapath;C:\Program Files (x86)\HP SimplePass\x64;C:\Program Files (x86)\HP SimplePass\;;C:\WINDOWS\system32;C:\WINDOWS;C:\WINDOWS\System32\Wbem;C:\WINDOWS\System32\WindowsPowerShell\v1.0\;C:\Program Files (x86)\ATI Technologies\ATI.ACE\Core-Static;C:\Program Files (x86)\Skype\Phone\;C:\Program Files (x86)\AMD\ATI.ACE\Core-Static;C:\Program Files (x86)\GtkSharp\2.12\bin;C:\adb;C:\Program Files (x86)\Windows Live\Shared
USERNAME=Tolani
OS=Windows_NT
PROCESSOR_IDENTIFIER=Intel64 Family 6 Model 58 Stepping 9, GenuineIntel



---------------  S Y S T E M  ---------------

OS: Windows 10.0 , 64 bit Build 10586 (10.0.10586.589)

CPU:total 4 (2 cores per cpu, 2 threads per core) family 6 model 58 stepping 9, cmov, cx8, fxsr, mmx, sse, sse2, sse3, ssse3, sse4.1, sse4.2, popcnt, avx, aes, clmul, erms, ht, tsc, tscinvbit, tscinv

Memory: 4k page, physical 6191420k(1079904k free), swap 7882044k(5220k free)

vm_info: Java HotSpot(TM) 64-Bit Server VM (25.102-b14) for windows-amd64 JRE (1.8.0_102-b14), built on Jun 22 2016 13:15:21 by "java_re" with MS VC++ 10.0 (VS2010)

time: Sun Oct 23 00:35:11 2016
elapsed time: 4 seconds (0d 0h 0m 4s)

